<?xml version="1.0" encoding="UTF-8"?>
<testsuites tests="4" failures="0" disabled="0" errors="0" time="0.003" timestamp="2026-05-05T19:26:14.119" name="AllTests">
  <testsuite name="Nominal" tests="4" failures="0" disabled="0" skipped="0" errors="0" time="0.003" timestamp="2026-05-05T19:26:14.119">
    <testcase name="NullBuffer" file="/home/anne12/proyectoCS/fprime/Svc/ComRetry/test/ut/ComRetryTestMain.cpp" line="9" status="run" result="completed" time="0.001" timestamp="2026-05-05T19:26:14.119" classname="Nominal" />
    <testcase name="Send" file="/home/anne12/proyectoCS/fprime/Svc/ComRetry/test/ut/ComRetryTestMain.cpp" line="14" status="run" result="completed" time="0" timestamp="2026-05-05T19:26:14.121" classname="Nominal" />
    <testcase name="Retry" file="/home/anne12/proyectoCS/fprime/Svc/ComRetry/test/ut/ComRetryTestMain.cpp" line="19" status="run" result="completed" time="0" timestamp="2026-05-05T19:26:14.122" classname="Nominal" />
    <testcase name="RetryTillFailure" file="/home/anne12/proyectoCS/fprime/Svc/ComRetry/test/ut/ComRetryTestMain.cpp" line="24" status="run" result="completed" time="0" timestamp="2026-05-05T19:26:14.122" classname="Nominal" />
  </testsuite>
</testsuites>
