<?xml version="1.0" encoding="UTF-8"?>
<testsuites tests="233" failures="0" disabled="0" errors="0" time="5.074" timestamp="2026-05-05T19:26:04.296" name="AllTests">
  <testsuite name="FpySequencerTester" tests="233" failures="0" disabled="0" skipped="0" errors="0" time="5.073" timestamp="2026-05-05T19:26:04.296">
    <testcase name="waitRel" file="/home/anne12/proyectoCS/fprime/Svc/FpySequencer/test/ut/FpySequencerTestMain.cpp" line="16" status="run" result="completed" time="0.017" timestamp="2026-05-05T19:26:04.296" classname="FpySequencerTester" />
    <testcase name="waitAbs" file="/home/anne12/proyectoCS/fprime/Svc/FpySequencer/test/ut/FpySequencerTestMain.cpp" line="30" status="run" result="completed" time="0.005" timestamp="2026-05-05T19:26:04.313" classname="FpySequencerTester" />
    <testcase name="goto" file="/home/anne12/proyectoCS/fprime/Svc/FpySequencer/test/ut/FpySequencerTestMain.cpp" line="44" status="run" result="completed" time="0.005" timestamp="2026-05-05T19:26:04.319" classname="FpySequencerTester" />
    <testcase name="if" file="/home/anne12/proyectoCS/fprime/Svc/FpySequencer/test/ut/FpySequencerTestMain.cpp" line="71" status="run" result="completed" time="0.005" timestamp="2026-05-05T19:26:04.324" classname="FpySequencerTester" />
    <testcase name="noOp" file="/home/anne12/proyectoCS/fprime/Svc/FpySequencer/test/ut/FpySequencerTestMain.cpp" line="121" status="run" result="completed" time="0.004" timestamp="2026-05-05T19:26:04.330" classname="FpySequencerTester" />
    <testcase name="pushTlmVal" file="/home/anne12/proyectoCS/fprime/Svc/FpySequencer/test/ut/FpySequencerTestMain.cpp" line="129" status="run" result="completed" time="0.005" timestamp="2026-05-05T19:26:04.335" classname="FpySequencerTester" />
    <testcase name="pushTlmValAndTime" file="/home/anne12/proyectoCS/fprime/Svc/FpySequencer/test/ut/FpySequencerTestMain.cpp" line="164" status="run" result="completed" time="0.005" timestamp="2026-05-05T19:26:04.340" classname="FpySequencerTester" />
    <testcase name="pushPrm" file="/home/anne12/proyectoCS/fprime/Svc/FpySequencer/test/ut/FpySequencerTestMain.cpp" line="203" status="run" result="completed" time="0.003" timestamp="2026-05-05T19:26:04.346" classname="FpySequencerTester" />
    <testcase name="cmd" file="/home/anne12/proyectoCS/fprime/Svc/FpySequencer/test/ut/FpySequencerTestMain.cpp" line="237" status="run" result="completed" time="0.003" timestamp="2026-05-05T19:26:04.350" classname="FpySequencerTester" />
    <testcase name="stackOp" file="/home/anne12/proyectoCS/fprime/Svc/FpySequencer/test/ut/FpySequencerTestMain.cpp" line="274" status="run" result="completed" time="0.518" timestamp="2026-05-05T19:26:04.353" classname="FpySequencerTester" />
    <testcase name="ieq" file="/home/anne12/proyectoCS/fprime/Svc/FpySequencer/test/ut/FpySequencerTestMain.cpp" line="386" status="run" result="completed" time="0.004" timestamp="2026-05-05T19:26:04.872" classname="FpySequencerTester" />
    <testcase name="ine" file="/home/anne12/proyectoCS/fprime/Svc/FpySequencer/test/ut/FpySequencerTestMain.cpp" line="398" status="run" result="completed" time="0.005" timestamp="2026-05-05T19:26:04.876" classname="FpySequencerTester" />
    <testcase name="or" file="/home/anne12/proyectoCS/fprime/Svc/FpySequencer/test/ut/FpySequencerTestMain.cpp" line="410" status="run" result="completed" time="0.004" timestamp="2026-05-05T19:26:04.882" classname="FpySequencerTester" />
    <testcase name="and" file="/home/anne12/proyectoCS/fprime/Svc/FpySequencer/test/ut/FpySequencerTestMain.cpp" line="427" status="run" result="completed" time="0.003" timestamp="2026-05-05T19:26:04.886" classname="FpySequencerTester" />
    <testcase name="ult" file="/home/anne12/proyectoCS/fprime/Svc/FpySequencer/test/ut/FpySequencerTestMain.cpp" line="444" status="run" result="completed" time="0.003" timestamp="2026-05-05T19:26:04.890" classname="FpySequencerTester" />
    <testcase name="ule" file="/home/anne12/proyectoCS/fprime/Svc/FpySequencer/test/ut/FpySequencerTestMain.cpp" line="463" status="run" result="completed" time="0.003" timestamp="2026-05-05T19:26:04.894" classname="FpySequencerTester" />
    <testcase name="ugt" file="/home/anne12/proyectoCS/fprime/Svc/FpySequencer/test/ut/FpySequencerTestMain.cpp" line="488" status="run" result="completed" time="0.003" timestamp="2026-05-05T19:26:04.897" classname="FpySequencerTester" />
    <testcase name="uge" file="/home/anne12/proyectoCS/fprime/Svc/FpySequencer/test/ut/FpySequencerTestMain.cpp" line="507" status="run" result="completed" time="0.003" timestamp="2026-05-05T19:26:04.901" classname="FpySequencerTester" />
    <testcase name="slt" file="/home/anne12/proyectoCS/fprime/Svc/FpySequencer/test/ut/FpySequencerTestMain.cpp" line="532" status="run" result="completed" time="0.003" timestamp="2026-05-05T19:26:04.904" classname="FpySequencerTester" />
    <testcase name="sle" file="/home/anne12/proyectoCS/fprime/Svc/FpySequencer/test/ut/FpySequencerTestMain.cpp" line="551" status="run" result="completed" time="0.003" timestamp="2026-05-05T19:26:04.907" classname="FpySequencerTester" />
    <testcase name="sgt" file="/home/anne12/proyectoCS/fprime/Svc/FpySequencer/test/ut/FpySequencerTestMain.cpp" line="570" status="run" result="completed" time="0.003" timestamp="2026-05-05T19:26:04.911" classname="FpySequencerTester" />
    <testcase name="sge" file="/home/anne12/proyectoCS/fprime/Svc/FpySequencer/test/ut/FpySequencerTestMain.cpp" line="589" status="run" result="completed" time="0.003" timestamp="2026-05-05T19:26:04.914" classname="FpySequencerTester" />
    <testcase name="flt" file="/home/anne12/proyectoCS/fprime/Svc/FpySequencer/test/ut/FpySequencerTestMain.cpp" line="608" status="run" result="completed" time="0.003" timestamp="2026-05-05T19:26:04.917" classname="FpySequencerTester" />
    <testcase name="fle" file="/home/anne12/proyectoCS/fprime/Svc/FpySequencer/test/ut/FpySequencerTestMain.cpp" line="633" status="run" result="completed" time="0.003" timestamp="2026-05-05T19:26:04.920" classname="FpySequencerTester" />
    <testcase name="fgt" file="/home/anne12/proyectoCS/fprime/Svc/FpySequencer/test/ut/FpySequencerTestMain.cpp" line="658" status="run" result="completed" time="0.003" timestamp="2026-05-05T19:26:04.924" classname="FpySequencerTester" />
    <testcase name="fge" file="/home/anne12/proyectoCS/fprime/Svc/FpySequencer/test/ut/FpySequencerTestMain.cpp" line="683" status="run" result="completed" time="0.003" timestamp="2026-05-05T19:26:04.928" classname="FpySequencerTester" />
    <testcase name="feq" file="/home/anne12/proyectoCS/fprime/Svc/FpySequencer/test/ut/FpySequencerTestMain.cpp" line="708" status="run" result="completed" time="0.003" timestamp="2026-05-05T19:26:04.932" classname="FpySequencerTester" />
    <testcase name="fne" file="/home/anne12/proyectoCS/fprime/Svc/FpySequencer/test/ut/FpySequencerTestMain.cpp" line="733" status="run" result="completed" time="0.006" timestamp="2026-05-05T19:26:04.935" classname="FpySequencerTester" />
    <testcase name="not" file="/home/anne12/proyectoCS/fprime/Svc/FpySequencer/test/ut/FpySequencerTestMain.cpp" line="758" status="run" result="completed" time="0.003" timestamp="2026-05-05T19:26:04.942" classname="FpySequencerTester" />
    <testcase name="fptrunc" file="/home/anne12/proyectoCS/fprime/Svc/FpySequencer/test/ut/FpySequencerTestMain.cpp" line="764" status="run" result="completed" time="0.003" timestamp="2026-05-05T19:26:04.945" classname="FpySequencerTester" />
    <testcase name="fpext" file="/home/anne12/proyectoCS/fprime/Svc/FpySequencer/test/ut/FpySequencerTestMain.cpp" line="773" status="run" result="completed" time="0.003" timestamp="2026-05-05T19:26:04.949" classname="FpySequencerTester" />
    <testcase name="fptosi" file="/home/anne12/proyectoCS/fprime/Svc/FpySequencer/test/ut/FpySequencerTestMain.cpp" line="782" status="run" result="completed" time="0.003" timestamp="2026-05-05T19:26:04.952" classname="FpySequencerTester" />
    <testcase name="sitofp" file="/home/anne12/proyectoCS/fprime/Svc/FpySequencer/test/ut/FpySequencerTestMain.cpp" line="791" status="run" result="completed" time="0.003" timestamp="2026-05-05T19:26:04.956" classname="FpySequencerTester" />
    <testcase name="fptoui" file="/home/anne12/proyectoCS/fprime/Svc/FpySequencer/test/ut/FpySequencerTestMain.cpp" line="800" status="run" result="completed" time="0.003" timestamp="2026-05-05T19:26:04.959" classname="FpySequencerTester" />
    <testcase name="uitofp" file="/home/anne12/proyectoCS/fprime/Svc/FpySequencer/test/ut/FpySequencerTestMain.cpp" line="809" status="run" result="completed" time="0.003" timestamp="2026-05-05T19:26:04.962" classname="FpySequencerTester" />
    <testcase name="add" file="/home/anne12/proyectoCS/fprime/Svc/FpySequencer/test/ut/FpySequencerTestMain.cpp" line="818" status="run" result="completed" time="0.003" timestamp="2026-05-05T19:26:04.966" classname="FpySequencerTester" />
    <testcase name="sub" file="/home/anne12/proyectoCS/fprime/Svc/FpySequencer/test/ut/FpySequencerTestMain.cpp" line="825" status="run" result="completed" time="0.003" timestamp="2026-05-05T19:26:04.970" classname="FpySequencerTester" />
    <testcase name="mul" file="/home/anne12/proyectoCS/fprime/Svc/FpySequencer/test/ut/FpySequencerTestMain.cpp" line="832" status="run" result="completed" time="0.003" timestamp="2026-05-05T19:26:04.973" classname="FpySequencerTester" />
    <testcase name="udiv" file="/home/anne12/proyectoCS/fprime/Svc/FpySequencer/test/ut/FpySequencerTestMain.cpp" line="839" status="run" result="completed" time="0.005" timestamp="2026-05-05T19:26:04.977" classname="FpySequencerTester" />
    <testcase name="sdiv" file="/home/anne12/proyectoCS/fprime/Svc/FpySequencer/test/ut/FpySequencerTestMain.cpp" line="846" status="run" result="completed" time="0.005" timestamp="2026-05-05T19:26:04.982" classname="FpySequencerTester" />
    <testcase name="umod" file="/home/anne12/proyectoCS/fprime/Svc/FpySequencer/test/ut/FpySequencerTestMain.cpp" line="853" status="run" result="completed" time="0.005" timestamp="2026-05-05T19:26:04.988" classname="FpySequencerTester" />
    <testcase name="smod" file="/home/anne12/proyectoCS/fprime/Svc/FpySequencer/test/ut/FpySequencerTestMain.cpp" line="860" status="run" result="completed" time="0.004" timestamp="2026-05-05T19:26:04.994" classname="FpySequencerTester" />
    <testcase name="fadd" file="/home/anne12/proyectoCS/fprime/Svc/FpySequencer/test/ut/FpySequencerTestMain.cpp" line="867" status="run" result="completed" time="0.004" timestamp="2026-05-05T19:26:04.998" classname="FpySequencerTester" />
    <testcase name="fsub" file="/home/anne12/proyectoCS/fprime/Svc/FpySequencer/test/ut/FpySequencerTestMain.cpp" line="874" status="run" result="completed" time="0.004" timestamp="2026-05-05T19:26:05.002" classname="FpySequencerTester" />
    <testcase name="fmul" file="/home/anne12/proyectoCS/fprime/Svc/FpySequencer/test/ut/FpySequencerTestMain.cpp" line="881" status="run" result="completed" time="0.005" timestamp="2026-05-05T19:26:05.007" classname="FpySequencerTester" />
    <testcase name="fdiv" file="/home/anne12/proyectoCS/fprime/Svc/FpySequencer/test/ut/FpySequencerTestMain.cpp" line="888" status="run" result="completed" time="0.007" timestamp="2026-05-05T19:26:05.013" classname="FpySequencerTester" />
    <testcase name="fpow" file="/home/anne12/proyectoCS/fprime/Svc/FpySequencer/test/ut/FpySequencerTestMain.cpp" line="895" status="run" result="completed" time="0.004" timestamp="2026-05-05T19:26:05.020" classname="FpySequencerTester" />
    <testcase name="flog" file="/home/anne12/proyectoCS/fprime/Svc/FpySequencer/test/ut/FpySequencerTestMain.cpp" line="902" status="run" result="completed" time="0.003" timestamp="2026-05-05T19:26:05.025" classname="FpySequencerTester" />
    <testcase name="fmod" file="/home/anne12/proyectoCS/fprime/Svc/FpySequencer/test/ut/FpySequencerTestMain.cpp" line="907" status="run" result="completed" time="0.003" timestamp="2026-05-05T19:26:05.028" classname="FpySequencerTester" />
    <testcase name="or_underflow" file="/home/anne12/proyectoCS/fprime/Svc/FpySequencer/test/ut/FpySequencerTestMain.cpp" line="920" status="run" result="completed" time="0.003" timestamp="2026-05-05T19:26:05.032" classname="FpySequencerTester" />
    <testcase name="and_underflow" file="/home/anne12/proyectoCS/fprime/Svc/FpySequencer/test/ut/FpySequencerTestMain.cpp" line="927" status="run" result="completed" time="0.004" timestamp="2026-05-05T19:26:05.035" classname="FpySequencerTester" />
    <testcase name="ieq_underflow" file="/home/anne12/proyectoCS/fprime/Svc/FpySequencer/test/ut/FpySequencerTestMain.cpp" line="934" status="run" result="completed" time="0.003" timestamp="2026-05-05T19:26:05.040" classname="FpySequencerTester" />
    <testcase name="ine_underflow" file="/home/anne12/proyectoCS/fprime/Svc/FpySequencer/test/ut/FpySequencerTestMain.cpp" line="939" status="run" result="completed" time="0.003" timestamp="2026-05-05T19:26:05.044" classname="FpySequencerTester" />
    <testcase name="ult_underflow" file="/home/anne12/proyectoCS/fprime/Svc/FpySequencer/test/ut/FpySequencerTestMain.cpp" line="946" status="run" result="completed" time="0.003" timestamp="2026-05-05T19:26:05.048" classname="FpySequencerTester" />
    <testcase name="ule_underflow" file="/home/anne12/proyectoCS/fprime/Svc/FpySequencer/test/ut/FpySequencerTestMain.cpp" line="951" status="run" result="completed" time="0.003" timestamp="2026-05-05T19:26:05.051" classname="FpySequencerTester" />
    <testcase name="ugt_underflow" file="/home/anne12/proyectoCS/fprime/Svc/FpySequencer/test/ut/FpySequencerTestMain.cpp" line="956" status="run" result="completed" time="0.003" timestamp="2026-05-05T19:26:05.055" classname="FpySequencerTester" />
    <testcase name="uge_underflow" file="/home/anne12/proyectoCS/fprime/Svc/FpySequencer/test/ut/FpySequencerTestMain.cpp" line="961" status="run" result="completed" time="0.003" timestamp="2026-05-05T19:26:05.058" classname="FpySequencerTester" />
    <testcase name="slt_underflow" file="/home/anne12/proyectoCS/fprime/Svc/FpySequencer/test/ut/FpySequencerTestMain.cpp" line="968" status="run" result="completed" time="0.003" timestamp="2026-05-05T19:26:05.061" classname="FpySequencerTester" />
    <testcase name="sle_underflow" file="/home/anne12/proyectoCS/fprime/Svc/FpySequencer/test/ut/FpySequencerTestMain.cpp" line="973" status="run" result="completed" time="0.005" timestamp="2026-05-05T19:26:05.065" classname="FpySequencerTester" />
    <testcase name="sgt_underflow" file="/home/anne12/proyectoCS/fprime/Svc/FpySequencer/test/ut/FpySequencerTestMain.cpp" line="978" status="run" result="completed" time="0.003" timestamp="2026-05-05T19:26:05.071" classname="FpySequencerTester" />
    <testcase name="sge_underflow" file="/home/anne12/proyectoCS/fprime/Svc/FpySequencer/test/ut/FpySequencerTestMain.cpp" line="983" status="run" result="completed" time="0.003" timestamp="2026-05-05T19:26:05.074" classname="FpySequencerTester" />
    <testcase name="feq_underflow" file="/home/anne12/proyectoCS/fprime/Svc/FpySequencer/test/ut/FpySequencerTestMain.cpp" line="990" status="run" result="completed" time="0.003" timestamp="2026-05-05T19:26:05.077" classname="FpySequencerTester" />
    <testcase name="fne_underflow" file="/home/anne12/proyectoCS/fprime/Svc/FpySequencer/test/ut/FpySequencerTestMain.cpp" line="995" status="run" result="completed" time="0.003" timestamp="2026-05-05T19:26:05.081" classname="FpySequencerTester" />
    <testcase name="flt_underflow" file="/home/anne12/proyectoCS/fprime/Svc/FpySequencer/test/ut/FpySequencerTestMain.cpp" line="1000" status="run" result="completed" time="0.003" timestamp="2026-05-05T19:26:05.084" classname="FpySequencerTester" />
    <testcase name="fle_underflow" file="/home/anne12/proyectoCS/fprime/Svc/FpySequencer/test/ut/FpySequencerTestMain.cpp" line="1005" status="run" result="completed" time="0.003" timestamp="2026-05-05T19:26:05.088" classname="FpySequencerTester" />
    <testcase name="fgt_underflow" file="/home/anne12/proyectoCS/fprime/Svc/FpySequencer/test/ut/FpySequencerTestMain.cpp" line="1010" status="run" result="completed" time="0.003" timestamp="2026-05-05T19:26:05.091" classname="FpySequencerTester" />
    <testcase name="fge_underflow" file="/home/anne12/proyectoCS/fprime/Svc/FpySequencer/test/ut/FpySequencerTestMain.cpp" line="1015" status="run" result="completed" time="0.014" timestamp="2026-05-05T19:26:05.094" classname="FpySequencerTester" />
    <testcase name="add_underflow" file="/home/anne12/proyectoCS/fprime/Svc/FpySequencer/test/ut/FpySequencerTestMain.cpp" line="1022" status="run" result="completed" time="0.012" timestamp="2026-05-05T19:26:05.109" classname="FpySequencerTester" />
    <testcase name="sub_underflow" file="/home/anne12/proyectoCS/fprime/Svc/FpySequencer/test/ut/FpySequencerTestMain.cpp" line="1027" status="run" result="completed" time="0.004" timestamp="2026-05-05T19:26:05.121" classname="FpySequencerTester" />
    <testcase name="mul_underflow" file="/home/anne12/proyectoCS/fprime/Svc/FpySequencer/test/ut/FpySequencerTestMain.cpp" line="1032" status="run" result="completed" time="0.004" timestamp="2026-05-05T19:26:05.126" classname="FpySequencerTester" />
    <testcase name="sdiv_underflow" file="/home/anne12/proyectoCS/fprime/Svc/FpySequencer/test/ut/FpySequencerTestMain.cpp" line="1037" status="run" result="completed" time="0.003" timestamp="2026-05-05T19:26:05.130" classname="FpySequencerTester" />
    <testcase name="smod_underflow" file="/home/anne12/proyectoCS/fprime/Svc/FpySequencer/test/ut/FpySequencerTestMain.cpp" line="1042" status="run" result="completed" time="0.003" timestamp="2026-05-05T19:26:05.134" classname="FpySequencerTester" />
    <testcase name="udiv_underflow" file="/home/anne12/proyectoCS/fprime/Svc/FpySequencer/test/ut/FpySequencerTestMain.cpp" line="1049" status="run" result="completed" time="0.004" timestamp="2026-05-05T19:26:05.137" classname="FpySequencerTester" />
    <testcase name="umod_underflow" file="/home/anne12/proyectoCS/fprime/Svc/FpySequencer/test/ut/FpySequencerTestMain.cpp" line="1054" status="run" result="completed" time="0.004" timestamp="2026-05-05T19:26:05.142" classname="FpySequencerTester" />
    <testcase name="fadd_underflow" file="/home/anne12/proyectoCS/fprime/Svc/FpySequencer/test/ut/FpySequencerTestMain.cpp" line="1061" status="run" result="completed" time="0.022" timestamp="2026-05-05T19:26:05.147" classname="FpySequencerTester" />
    <testcase name="fsub_underflow" file="/home/anne12/proyectoCS/fprime/Svc/FpySequencer/test/ut/FpySequencerTestMain.cpp" line="1066" status="run" result="completed" time="0.005" timestamp="2026-05-05T19:26:05.170" classname="FpySequencerTester" />
    <testcase name="fmul_underflow" file="/home/anne12/proyectoCS/fprime/Svc/FpySequencer/test/ut/FpySequencerTestMain.cpp" line="1071" status="run" result="completed" time="0.008" timestamp="2026-05-05T19:26:05.175" classname="FpySequencerTester" />
    <testcase name="fdiv_underflow" file="/home/anne12/proyectoCS/fprime/Svc/FpySequencer/test/ut/FpySequencerTestMain.cpp" line="1076" status="run" result="completed" time="0.003" timestamp="2026-05-05T19:26:05.184" classname="FpySequencerTester" />
    <testcase name="fpow_underflow" file="/home/anne12/proyectoCS/fprime/Svc/FpySequencer/test/ut/FpySequencerTestMain.cpp" line="1081" status="run" result="completed" time="0.003" timestamp="2026-05-05T19:26:05.188" classname="FpySequencerTester" />
    <testcase name="fmod_underflow" file="/home/anne12/proyectoCS/fprime/Svc/FpySequencer/test/ut/FpySequencerTestMain.cpp" line="1086" status="run" result="completed" time="0.004" timestamp="2026-05-05T19:26:05.191" classname="FpySequencerTester" />
    <testcase name="not_underflow" file="/home/anne12/proyectoCS/fprime/Svc/FpySequencer/test/ut/FpySequencerTestMain.cpp" line="1097" status="run" result="completed" time="0.004" timestamp="2026-05-05T19:26:05.196" classname="FpySequencerTester" />
    <testcase name="fpext_underflow" file="/home/anne12/proyectoCS/fprime/Svc/FpySequencer/test/ut/FpySequencerTestMain.cpp" line="1100" status="run" result="completed" time="0.003" timestamp="2026-05-05T19:26:05.200" classname="FpySequencerTester" />
    <testcase name="fptrunc_underflow" file="/home/anne12/proyectoCS/fprime/Svc/FpySequencer/test/ut/FpySequencerTestMain.cpp" line="1103" status="run" result="completed" time="0.003" timestamp="2026-05-05T19:26:05.203" classname="FpySequencerTester" />
    <testcase name="fptosi_underflow" file="/home/anne12/proyectoCS/fprime/Svc/FpySequencer/test/ut/FpySequencerTestMain.cpp" line="1106" status="run" result="completed" time="0.004" timestamp="2026-05-05T19:26:05.207" classname="FpySequencerTester" />
    <testcase name="sitofp_underflow" file="/home/anne12/proyectoCS/fprime/Svc/FpySequencer/test/ut/FpySequencerTestMain.cpp" line="1109" status="run" result="completed" time="0.003" timestamp="2026-05-05T19:26:05.211" classname="FpySequencerTester" />
    <testcase name="fptoui_underflow" file="/home/anne12/proyectoCS/fprime/Svc/FpySequencer/test/ut/FpySequencerTestMain.cpp" line="1112" status="run" result="completed" time="0.005" timestamp="2026-05-05T19:26:05.215" classname="FpySequencerTester" />
    <testcase name="uitofp_underflow" file="/home/anne12/proyectoCS/fprime/Svc/FpySequencer/test/ut/FpySequencerTestMain.cpp" line="1115" status="run" result="completed" time="0.003" timestamp="2026-05-05T19:26:05.221" classname="FpySequencerTester" />
    <testcase name="flog_underflow" file="/home/anne12/proyectoCS/fprime/Svc/FpySequencer/test/ut/FpySequencerTestMain.cpp" line="1118" status="run" result="completed" time="0.004" timestamp="2026-05-05T19:26:05.224" classname="FpySequencerTester" />
    <testcase name="siext_8_64_underflow" file="/home/anne12/proyectoCS/fprime/Svc/FpySequencer/test/ut/FpySequencerTestMain.cpp" line="1121" status="run" result="completed" time="0.003" timestamp="2026-05-05T19:26:08.170" classname="FpySequencerTester" />
    <testcase name="siext_16_64_underflow" file="/home/anne12/proyectoCS/fprime/Svc/FpySequencer/test/ut/FpySequencerTestMain.cpp" line="1124" status="run" result="completed" time="0.003" timestamp="2026-05-05T19:26:08.173" classname="FpySequencerTester" />
    <testcase name="siext_32_64_underflow" file="/home/anne12/proyectoCS/fprime/Svc/FpySequencer/test/ut/FpySequencerTestMain.cpp" line="1127" status="run" result="completed" time="0.003" timestamp="2026-05-05T19:26:08.176" classname="FpySequencerTester" />
    <testcase name="ziext_8_64_underflow" file="/home/anne12/proyectoCS/fprime/Svc/FpySequencer/test/ut/FpySequencerTestMain.cpp" line="1130" status="run" result="completed" time="0.003" timestamp="2026-05-05T19:26:08.179" classname="FpySequencerTester" />
    <testcase name="ziext_16_64_underflow" file="/home/anne12/proyectoCS/fprime/Svc/FpySequencer/test/ut/FpySequencerTestMain.cpp" line="1133" status="run" result="completed" time="0.003" timestamp="2026-05-05T19:26:08.183" classname="FpySequencerTester" />
    <testcase name="ziext_32_64_underflow" file="/home/anne12/proyectoCS/fprime/Svc/FpySequencer/test/ut/FpySequencerTestMain.cpp" line="1136" status="run" result="completed" time="0.003" timestamp="2026-05-05T19:26:08.186" classname="FpySequencerTester" />
    <testcase name="itrunc_64_8_underflow" file="/home/anne12/proyectoCS/fprime/Svc/FpySequencer/test/ut/FpySequencerTestMain.cpp" line="1139" status="run" result="completed" time="0.005" timestamp="2026-05-05T19:26:08.189" classname="FpySequencerTester" />
    <testcase name="itrunc_64_16_underflow" file="/home/anne12/proyectoCS/fprime/Svc/FpySequencer/test/ut/FpySequencerTestMain.cpp" line="1142" status="run" result="completed" time="0.003" timestamp="2026-05-05T19:26:08.195" classname="FpySequencerTester" />
    <testcase name="itrunc_64_32_underflow" file="/home/anne12/proyectoCS/fprime/Svc/FpySequencer/test/ut/FpySequencerTestMain.cpp" line="1145" status="run" result="completed" time="0.003" timestamp="2026-05-05T19:26:08.198" classname="FpySequencerTester" />
    <testcase name="add_overflow" file="/home/anne12/proyectoCS/fprime/Svc/FpySequencer/test/ut/FpySequencerTestMain.cpp" line="1154" status="run" result="completed" time="0.003" timestamp="2026-05-05T19:26:08.201" classname="FpySequencerTester" />
    <testcase name="add_arithmetic_underflow" file="/home/anne12/proyectoCS/fprime/Svc/FpySequencer/test/ut/FpySequencerTestMain.cpp" line="1159" status="run" result="completed" time="0.002" timestamp="2026-05-05T19:26:08.205" classname="FpySequencerTester" />
    <testcase name="sub_overflow" file="/home/anne12/proyectoCS/fprime/Svc/FpySequencer/test/ut/FpySequencerTestMain.cpp" line="1166" status="run" result="completed" time="0.003" timestamp="2026-05-05T19:26:08.208" classname="FpySequencerTester" />
    <testcase name="sub_arithmetic_underflow" file="/home/anne12/proyectoCS/fprime/Svc/FpySequencer/test/ut/FpySequencerTestMain.cpp" line="1172" status="run" result="completed" time="0.003" timestamp="2026-05-05T19:26:08.211" classname="FpySequencerTester" />
    <testcase name="mul_overflow_pos_pos" file="/home/anne12/proyectoCS/fprime/Svc/FpySequencer/test/ut/FpySequencerTestMain.cpp" line="1180" status="run" result="completed" time="0.003" timestamp="2026-05-05T19:26:08.214" classname="FpySequencerTester" />
    <testcase name="mul_overflow_neg_neg" file="/home/anne12/proyectoCS/fprime/Svc/FpySequencer/test/ut/FpySequencerTestMain.cpp" line="1185" status="run" result="completed" time="0.003" timestamp="2026-05-05T19:26:08.217" classname="FpySequencerTester" />
    <testcase name="mul_underflow_neg_pos" file="/home/anne12/proyectoCS/fprime/Svc/FpySequencer/test/ut/FpySequencerTestMain.cpp" line="1190" status="run" result="completed" time="0.008" timestamp="2026-05-05T19:26:08.221" classname="FpySequencerTester" />
    <testcase name="mul_underflow_pos_neg" file="/home/anne12/proyectoCS/fprime/Svc/FpySequencer/test/ut/FpySequencerTestMain.cpp" line="1196" status="run" result="completed" time="0.004" timestamp="2026-05-05T19:26:08.230" classname="FpySequencerTester" />
    <testcase name="udiv_domain_error" file="/home/anne12/proyectoCS/fprime/Svc/FpySequencer/test/ut/FpySequencerTestMain.cpp" line="1207" status="run" result="completed" time="0.004" timestamp="2026-05-05T19:26:08.235" classname="FpySequencerTester" />
    <testcase name="sdiv_domain_error" file="/home/anne12/proyectoCS/fprime/Svc/FpySequencer/test/ut/FpySequencerTestMain.cpp" line="1212" status="run" result="completed" time="0.003" timestamp="2026-05-05T19:26:08.239" classname="FpySequencerTester" />
    <testcase name="umod_domain_error" file="/home/anne12/proyectoCS/fprime/Svc/FpySequencer/test/ut/FpySequencerTestMain.cpp" line="1217" status="run" result="completed" time="0.003" timestamp="2026-05-05T19:26:08.243" classname="FpySequencerTester" />
    <testcase name="smod_domain_error" file="/home/anne12/proyectoCS/fprime/Svc/FpySequencer/test/ut/FpySequencerTestMain.cpp" line="1222" status="run" result="completed" time="0.003" timestamp="2026-05-05T19:26:08.246" classname="FpySequencerTester" />
    <testcase name="flog_domain_error" file="/home/anne12/proyectoCS/fprime/Svc/FpySequencer/test/ut/FpySequencerTestMain.cpp" line="1227" status="run" result="completed" time="0.003" timestamp="2026-05-05T19:26:08.249" classname="FpySequencerTester" />
    <testcase name="fmod_domain_error" file="/home/anne12/proyectoCS/fprime/Svc/FpySequencer/test/ut/FpySequencerTestMain.cpp" line="1235" status="run" result="completed" time="0.003" timestamp="2026-05-05T19:26:08.253" classname="FpySequencerTester" />
    <testcase name="smod_python_adjustment_pos_remainder_neg_divisor" file="/home/anne12/proyectoCS/fprime/Svc/FpySequencer/test/ut/FpySequencerTestMain.cpp" line="1247" status="run" result="completed" time="0.003" timestamp="2026-05-05T19:26:08.256" classname="FpySequencerTester" />
    <testcase name="smod_python_adjustment_neg_remainder_pos_divisor" file="/home/anne12/proyectoCS/fprime/Svc/FpySequencer/test/ut/FpySequencerTestMain.cpp" line="1255" status="run" result="completed" time="0.005" timestamp="2026-05-05T19:26:08.259" classname="FpySequencerTester" />
    <testcase name="exit" file="/home/anne12/proyectoCS/fprime/Svc/FpySequencer/test/ut/FpySequencerTestMain.cpp" line="1264" status="run" result="completed" time="0.005" timestamp="2026-05-05T19:26:08.265" classname="FpySequencerTester" />
    <testcase name="discard" file="/home/anne12/proyectoCS/fprime/Svc/FpySequencer/test/ut/FpySequencerTestMain.cpp" line="1282" status="run" result="completed" time="0.003" timestamp="2026-05-05T19:26:08.270" classname="FpySequencerTester" />
    <testcase name="stackCmd" file="/home/anne12/proyectoCS/fprime/Svc/FpySequencer/test/ut/FpySequencerTestMain.cpp" line="1300" status="run" result="completed" time="0.003" timestamp="2026-05-05T19:26:08.274" classname="FpySequencerTester" />
    <testcase name="memCmp" file="/home/anne12/proyectoCS/fprime/Svc/FpySequencer/test/ut/FpySequencerTestMain.cpp" line="1330" status="run" result="completed" time="0.003" timestamp="2026-05-05T19:26:08.278" classname="FpySequencerTester" />
    <testcase name="setFlag" file="/home/anne12/proyectoCS/fprime/Svc/FpySequencer/test/ut/FpySequencerTestMain.cpp" line="1368" status="run" result="completed" time="0.003" timestamp="2026-05-05T19:26:08.281" classname="FpySequencerTester" />
    <testcase name="getFlag" file="/home/anne12/proyectoCS/fprime/Svc/FpySequencer/test/ut/FpySequencerTestMain.cpp" line="1399" status="run" result="completed" time="0.003" timestamp="2026-05-05T19:26:08.285" classname="FpySequencerTester" />
    <testcase name="pushTime" file="/home/anne12/proyectoCS/fprime/Svc/FpySequencer/test/ut/FpySequencerTestMain.cpp" line="1433" status="run" result="completed" time="0.003" timestamp="2026-05-05T19:26:08.288" classname="FpySequencerTester" />
    <testcase name="getField" file="/home/anne12/proyectoCS/fprime/Svc/FpySequencer/test/ut/FpySequencerTestMain.cpp" line="1466" status="run" result="completed" time="0.003" timestamp="2026-05-05T19:26:08.292" classname="FpySequencerTester" />
    <testcase name="storeRel" file="/home/anne12/proyectoCS/fprime/Svc/FpySequencer/test/ut/FpySequencerTestMain.cpp" line="1539" status="run" result="completed" time="0.006" timestamp="2026-05-05T19:26:08.295" classname="FpySequencerTester" />
    <testcase name="peek" file="/home/anne12/proyectoCS/fprime/Svc/FpySequencer/test/ut/FpySequencerTestMain.cpp" line="1607" status="run" result="completed" time="0.003" timestamp="2026-05-05T19:26:08.301" classname="FpySequencerTester" />
    <testcase name="call" file="/home/anne12/proyectoCS/fprime/Svc/FpySequencer/test/ut/FpySequencerTestMain.cpp" line="1707" status="run" result="completed" time="0.003" timestamp="2026-05-05T19:26:08.305" classname="FpySequencerTester" />
    <testcase name="returnDirective" file="/home/anne12/proyectoCS/fprime/Svc/FpySequencer/test/ut/FpySequencerTestMain.cpp" line="1763" status="run" result="completed" time="0.003" timestamp="2026-05-05T19:26:08.308" classname="FpySequencerTester" />
    <testcase name="loadAbs" file="/home/anne12/proyectoCS/fprime/Svc/FpySequencer/test/ut/FpySequencerTestMain.cpp" line="1905" status="run" result="completed" time="0.003" timestamp="2026-05-05T19:26:08.312" classname="FpySequencerTester" />
    <testcase name="storeAbs" file="/home/anne12/proyectoCS/fprime/Svc/FpySequencer/test/ut/FpySequencerTestMain.cpp" line="1946" status="run" result="completed" time="0.003" timestamp="2026-05-05T19:26:08.315" classname="FpySequencerTester" />
    <testcase name="storeAbsConstOffset" file="/home/anne12/proyectoCS/fprime/Svc/FpySequencer/test/ut/FpySequencerTestMain.cpp" line="1995" status="run" result="completed" time="0.003" timestamp="2026-05-05T19:26:08.318" classname="FpySequencerTester" />
    <testcase name="checkShouldWakeMismatchBase" file="/home/anne12/proyectoCS/fprime/Svc/FpySequencer/test/ut/FpySequencerTestMain.cpp" line="2041" status="run" result="completed" time="0.004" timestamp="2026-05-05T19:26:08.322" classname="FpySequencerTester" />
    <testcase name="checkShouldWakeMismatchContext" file="/home/anne12/proyectoCS/fprime/Svc/FpySequencer/test/ut/FpySequencerTestMain.cpp" line="2049" status="run" result="completed" time="0.003" timestamp="2026-05-05T19:26:08.326" classname="FpySequencerTester" />
    <testcase name="checkShouldWake" file="/home/anne12/proyectoCS/fprime/Svc/FpySequencer/test/ut/FpySequencerTestMain.cpp" line="2057" status="run" result="completed" time="0.005" timestamp="2026-05-05T19:26:08.330" classname="FpySequencerTester" />
    <testcase name="checkStatementTimeout" file="/home/anne12/proyectoCS/fprime/Svc/FpySequencer/test/ut/FpySequencerTestMain.cpp" line="2072" status="run" result="completed" time="0.003" timestamp="2026-05-05T19:26:08.336" classname="FpySequencerTester" />
    <testcase name="checkStatementTimeoutMismatchBase" file="/home/anne12/proyectoCS/fprime/Svc/FpySequencer/test/ut/FpySequencerTestMain.cpp" line="2103" status="run" result="completed" time="0.003" timestamp="2026-05-05T19:26:08.339" classname="FpySequencerTester" />
    <testcase name="checkStatementTimeoutMismatchContext" file="/home/anne12/proyectoCS/fprime/Svc/FpySequencer/test/ut/FpySequencerTestMain.cpp" line="2115" status="run" result="completed" time="0.003" timestamp="2026-05-05T19:26:08.343" classname="FpySequencerTester" />
    <testcase name="cmd_RUN" file="/home/anne12/proyectoCS/fprime/Svc/FpySequencer/test/ut/FpySequencerTestMain.cpp" line="2127" status="run" result="completed" time="0.012" timestamp="2026-05-05T19:26:08.346" classname="FpySequencerTester" />
    <testcase name="cmd_VALIDATE" file="/home/anne12/proyectoCS/fprime/Svc/FpySequencer/test/ut/FpySequencerTestMain.cpp" line="2185" status="run" result="completed" time="0.006" timestamp="2026-05-05T19:26:08.359" classname="FpySequencerTester" />
    <testcase name="cmd_RUN_VALIDATED" file="/home/anne12/proyectoCS/fprime/Svc/FpySequencer/test/ut/FpySequencerTestMain.cpp" line="2213" status="run" result="completed" time="0.005" timestamp="2026-05-05T19:26:08.366" classname="FpySequencerTester" />
    <testcase name="cmd_CANCEL" file="/home/anne12/proyectoCS/fprime/Svc/FpySequencer/test/ut/FpySequencerTestMain.cpp" line="2251" status="run" result="completed" time="0.003" timestamp="2026-05-05T19:26:08.372" classname="FpySequencerTester" />
    <testcase name="cmd_CLEAR_BREAKPOINT" file="/home/anne12/proyectoCS/fprime/Svc/FpySequencer/test/ut/FpySequencerTestMain.cpp" line="2273" status="run" result="completed" time="0.003" timestamp="2026-05-05T19:26:08.375" classname="FpySequencerTester" />
    <testcase name="cmd_SET_BREAKPOINT" file="/home/anne12/proyectoCS/fprime/Svc/FpySequencer/test/ut/FpySequencerTestMain.cpp" line="2286" status="run" result="completed" time="0.006" timestamp="2026-05-05T19:26:08.378" classname="FpySequencerTester" />
    <testcase name="cmd_BREAK" file="/home/anne12/proyectoCS/fprime/Svc/FpySequencer/test/ut/FpySequencerTestMain.cpp" line="2300" status="run" result="completed" time="0.003" timestamp="2026-05-05T19:26:08.384" classname="FpySequencerTester" />
    <testcase name="cmd_CONTINUE" file="/home/anne12/proyectoCS/fprime/Svc/FpySequencer/test/ut/FpySequencerTestMain.cpp" line="2335" status="run" result="completed" time="0.003" timestamp="2026-05-05T19:26:08.388" classname="FpySequencerTester" />
    <testcase name="cmd_SET_FLAG" file="/home/anne12/proyectoCS/fprime/Svc/FpySequencer/test/ut/FpySequencerTestMain.cpp" line="2357" status="run" result="completed" time="0.003" timestamp="2026-05-05T19:26:08.392" classname="FpySequencerTester" />
    <testcase name="cmd_STEP" file="/home/anne12/proyectoCS/fprime/Svc/FpySequencer/test/ut/FpySequencerTestMain.cpp" line="2379" status="run" result="completed" time="0.007" timestamp="2026-05-05T19:26:08.395" classname="FpySequencerTester" />
    <testcase name="cmd_DUMP_STACK_TO_FILE" file="/home/anne12/proyectoCS/fprime/Svc/FpySequencer/test/ut/FpySequencerTestMain.cpp" line="2443" status="run" result="completed" time="0.009" timestamp="2026-05-05T19:26:08.402" classname="FpySequencerTester" />
    <testcase name="readHeader" file="/home/anne12/proyectoCS/fprime/Svc/FpySequencer/test/ut/FpySequencerTestMain.cpp" line="2490" status="run" result="completed" time="0.003" timestamp="2026-05-05T19:26:08.411" classname="FpySequencerTester" />
    <testcase name="readBody" file="/home/anne12/proyectoCS/fprime/Svc/FpySequencer/test/ut/FpySequencerTestMain.cpp" line="2535" status="run" result="completed" time="0.009" timestamp="2026-05-05T19:26:08.415" classname="FpySequencerTester" />
    <testcase name="readFooter" file="/home/anne12/proyectoCS/fprime/Svc/FpySequencer/test/ut/FpySequencerTestMain.cpp" line="2591" status="run" result="completed" time="0.006" timestamp="2026-05-05T19:26:08.425" classname="FpySequencerTester" />
    <testcase name="readBytes" file="/home/anne12/proyectoCS/fprime/Svc/FpySequencer/test/ut/FpySequencerTestMain.cpp" line="2615" status="run" result="completed" time="1.748" timestamp="2026-05-05T19:26:08.432" classname="FpySequencerTester" />
    <testcase name="validate" file="/home/anne12/proyectoCS/fprime/Svc/FpySequencer/test/ut/FpySequencerTestMain.cpp" line="2650" status="run" result="completed" time="0.018" timestamp="2026-05-05T19:26:10.180" classname="FpySequencerTester" />
    <testcase name="allocateBuffer" file="/home/anne12/proyectoCS/fprime/Svc/FpySequencer/test/ut/FpySequencerTestMain.cpp" line="2712" status="run" result="completed" time="0.005" timestamp="2026-05-05T19:26:10.199" classname="FpySequencerTester" />
    <testcase name="dispatchStatement" file="/home/anne12/proyectoCS/fprime/Svc/FpySequencer/test/ut/FpySequencerTestMain.cpp" line="2723" status="run" result="completed" time="1.599" timestamp="2026-05-05T19:26:10.205" classname="FpySequencerTester" />
    <testcase name="deserialize_waitRel" file="/home/anne12/proyectoCS/fprime/Svc/FpySequencer/test/ut/FpySequencerTestMain.cpp" line="2764" status="run" result="completed" time="0.006" timestamp="2026-05-05T19:26:11.804" classname="FpySequencerTester" />
    <testcase name="deserialize_waitAbs" file="/home/anne12/proyectoCS/fprime/Svc/FpySequencer/test/ut/FpySequencerTestMain.cpp" line="2783" status="run" result="completed" time="0.005" timestamp="2026-05-05T19:26:11.811" classname="FpySequencerTester" />
    <testcase name="deserialize_goto" file="/home/anne12/proyectoCS/fprime/Svc/FpySequencer/test/ut/FpySequencerTestMain.cpp" line="2803" status="run" result="completed" time="0.005" timestamp="2026-05-05T19:26:11.817" classname="FpySequencerTester" />
    <testcase name="deserialize_if" file="/home/anne12/proyectoCS/fprime/Svc/FpySequencer/test/ut/FpySequencerTestMain.cpp" line="2823" status="run" result="completed" time="0.005" timestamp="2026-05-05T19:26:11.822" classname="FpySequencerTester" />
    <testcase name="deserialize_noOp" file="/home/anne12/proyectoCS/fprime/Svc/FpySequencer/test/ut/FpySequencerTestMain.cpp" line="2843" status="run" result="completed" time="0.004" timestamp="2026-05-05T19:26:11.827" classname="FpySequencerTester" />
    <testcase name="deserialize_pushTlmVal" file="/home/anne12/proyectoCS/fprime/Svc/FpySequencer/test/ut/FpySequencerTestMain.cpp" line="2862" status="run" result="completed" time="0.01" timestamp="2026-05-05T19:26:11.832" classname="FpySequencerTester" />
    <testcase name="deserialize_pushTlmValAndTime" file="/home/anne12/proyectoCS/fprime/Svc/FpySequencer/test/ut/FpySequencerTestMain.cpp" line="2882" status="run" result="completed" time="0.004" timestamp="2026-05-05T19:26:11.842" classname="FpySequencerTester" />
    <testcase name="deserialize_pushPrm" file="/home/anne12/proyectoCS/fprime/Svc/FpySequencer/test/ut/FpySequencerTestMain.cpp" line="2902" status="run" result="completed" time="0.005" timestamp="2026-05-05T19:26:11.847" classname="FpySequencerTester" />
    <testcase name="deserialize_stackOp" file="/home/anne12/proyectoCS/fprime/Svc/FpySequencer/test/ut/FpySequencerTestMain.cpp" line="2922" status="run" result="completed" time="0.004" timestamp="2026-05-05T19:26:11.853" classname="FpySequencerTester" />
    <testcase name="deserialize_exit" file="/home/anne12/proyectoCS/fprime/Svc/FpySequencer/test/ut/FpySequencerTestMain.cpp" line="2943" status="run" result="completed" time="0.003" timestamp="2026-05-05T19:26:11.858" classname="FpySequencerTester" />
    <testcase name="deserialize_discard" file="/home/anne12/proyectoCS/fprime/Svc/FpySequencer/test/ut/FpySequencerTestMain.cpp" line="2963" status="run" result="completed" time="0.004" timestamp="2026-05-05T19:26:11.861" classname="FpySequencerTester" />
    <testcase name="deserialize_stackCmd" file="/home/anne12/proyectoCS/fprime/Svc/FpySequencer/test/ut/FpySequencerTestMain.cpp" line="2983" status="run" result="completed" time="0.003" timestamp="2026-05-05T19:26:11.866" classname="FpySequencerTester" />
    <testcase name="deserialize_memCmp" file="/home/anne12/proyectoCS/fprime/Svc/FpySequencer/test/ut/FpySequencerTestMain.cpp" line="3003" status="run" result="completed" time="0.003" timestamp="2026-05-05T19:26:11.869" classname="FpySequencerTester" />
    <testcase name="deserialize_setFlag" file="/home/anne12/proyectoCS/fprime/Svc/FpySequencer/test/ut/FpySequencerTestMain.cpp" line="3023" status="run" result="completed" time="0.003" timestamp="2026-05-05T19:26:11.872" classname="FpySequencerTester" />
    <testcase name="deserialize_getFlag" file="/home/anne12/proyectoCS/fprime/Svc/FpySequencer/test/ut/FpySequencerTestMain.cpp" line="3043" status="run" result="completed" time="0.005" timestamp="2026-05-05T19:26:11.875" classname="FpySequencerTester" />
    <testcase name="deserialize_getField" file="/home/anne12/proyectoCS/fprime/Svc/FpySequencer/test/ut/FpySequencerTestMain.cpp" line="3063" status="run" result="completed" time="0.003" timestamp="2026-05-05T19:26:11.881" classname="FpySequencerTester" />
    <testcase name="deserialize_storeRel" file="/home/anne12/proyectoCS/fprime/Svc/FpySequencer/test/ut/FpySequencerTestMain.cpp" line="3083" status="run" result="completed" time="0.003" timestamp="2026-05-05T19:26:11.884" classname="FpySequencerTester" />
    <testcase name="deserialize_peek" file="/home/anne12/proyectoCS/fprime/Svc/FpySequencer/test/ut/FpySequencerTestMain.cpp" line="3103" status="run" result="completed" time="0.003" timestamp="2026-05-05T19:26:11.887" classname="FpySequencerTester" />
    <testcase name="checkTimers" file="/home/anne12/proyectoCS/fprime/Svc/FpySequencer/test/ut/FpySequencerTestMain.cpp" line="3124" status="run" result="completed" time="0.008" timestamp="2026-05-05T19:26:11.890" classname="FpySequencerTester" />
    <testcase name="ping" file="/home/anne12/proyectoCS/fprime/Svc/FpySequencer/test/ut/FpySequencerTestMain.cpp" line="3173" status="run" result="completed" time="0.003" timestamp="2026-05-05T19:26:11.899" classname="FpySequencerTester" />
    <testcase name="cmdResponse" file="/home/anne12/proyectoCS/fprime/Svc/FpySequencer/test/ut/FpySequencerTestMain.cpp" line="3179" status="run" result="completed" time="0.022" timestamp="2026-05-05T19:26:11.902" classname="FpySequencerTester" />
    <testcase name="tlmWrite" file="/home/anne12/proyectoCS/fprime/Svc/FpySequencer/test/ut/FpySequencerTestMain.cpp" line="3268" status="run" result="completed" time="0.006" timestamp="2026-05-05T19:26:11.924" classname="FpySequencerTester" />
    <testcase name="seqRunIn" file="/home/anne12/proyectoCS/fprime/Svc/FpySequencer/test/ut/FpySequencerTestMain.cpp" line="3275" status="run" result="completed" time="0.007" timestamp="2026-05-05T19:26:11.931" classname="FpySequencerTester" />
    <testcase name="flag_EXIT_ON_CMD_FAIL" file="/home/anne12/proyectoCS/fprime/Svc/FpySequencer/test/ut/FpySequencerTestMain.cpp" line="3302" status="run" result="completed" time="0.011" timestamp="2026-05-05T19:26:11.938" classname="FpySequencerTester" />
    <testcase name="StackPushPopU8" file="/home/anne12/proyectoCS/fprime/Svc/FpySequencer/test/ut/FpySequencerTestMain.cpp" line="3336" status="run" result="completed" time="0.003" timestamp="2026-05-05T19:26:11.951" classname="FpySequencerTester" />
    <testcase name="StackPushPopU16" file="/home/anne12/proyectoCS/fprime/Svc/FpySequencer/test/ut/FpySequencerTestMain.cpp" line="3349" status="run" result="completed" time="0.003" timestamp="2026-05-05T19:26:11.954" classname="FpySequencerTester" />
    <testcase name="StackPushPopU32" file="/home/anne12/proyectoCS/fprime/Svc/FpySequencer/test/ut/FpySequencerTestMain.cpp" line="3362" status="run" result="completed" time="0.003" timestamp="2026-05-05T19:26:11.958" classname="FpySequencerTester" />
    <testcase name="StackPushPopU64" file="/home/anne12/proyectoCS/fprime/Svc/FpySequencer/test/ut/FpySequencerTestMain.cpp" line="3375" status="run" result="completed" time="0.003" timestamp="2026-05-05T19:26:11.961" classname="FpySequencerTester" />
    <testcase name="StackPushPopI8" file="/home/anne12/proyectoCS/fprime/Svc/FpySequencer/test/ut/FpySequencerTestMain.cpp" line="3388" status="run" result="completed" time="0.003" timestamp="2026-05-05T19:26:11.965" classname="FpySequencerTester" />
    <testcase name="StackPushPopI16" file="/home/anne12/proyectoCS/fprime/Svc/FpySequencer/test/ut/FpySequencerTestMain.cpp" line="3401" status="run" result="completed" time="0.004" timestamp="2026-05-05T19:26:11.969" classname="FpySequencerTester" />
    <testcase name="StackPushPopI32" file="/home/anne12/proyectoCS/fprime/Svc/FpySequencer/test/ut/FpySequencerTestMain.cpp" line="3414" status="run" result="completed" time="0.004" timestamp="2026-05-05T19:26:11.974" classname="FpySequencerTester" />
    <testcase name="StackPushPopI64" file="/home/anne12/proyectoCS/fprime/Svc/FpySequencer/test/ut/FpySequencerTestMain.cpp" line="3427" status="run" result="completed" time="0.003" timestamp="2026-05-05T19:26:11.978" classname="FpySequencerTester" />
    <testcase name="StackPushPopF32" file="/home/anne12/proyectoCS/fprime/Svc/FpySequencer/test/ut/FpySequencerTestMain.cpp" line="3440" status="run" result="completed" time="0.006" timestamp="2026-05-05T19:26:11.982" classname="FpySequencerTester" />
    <testcase name="StackPushPopF64" file="/home/anne12/proyectoCS/fprime/Svc/FpySequencer/test/ut/FpySequencerTestMain.cpp" line="3453" status="run" result="completed" time="0.003" timestamp="2026-05-05T19:26:11.989" classname="FpySequencerTester" />
    <testcase name="StackPushPopMultiple" file="/home/anne12/proyectoCS/fprime/Svc/FpySequencer/test/ut/FpySequencerTestMain.cpp" line="3467" status="run" result="completed" time="0.003" timestamp="2026-05-05T19:26:11.992" classname="FpySequencerTester" />
    <testcase name="StackPushPopByteArray" file="/home/anne12/proyectoCS/fprime/Svc/FpySequencer/test/ut/FpySequencerTestMain.cpp" line="3488" status="run" result="completed" time="0.003" timestamp="2026-05-05T19:26:11.996" classname="FpySequencerTester" />
    <testcase name="StackPushZeroes" file="/home/anne12/proyectoCS/fprime/Svc/FpySequencer/test/ut/FpySequencerTestMain.cpp" line="3506" status="run" result="completed" time="0.003" timestamp="2026-05-05T19:26:11.999" classname="FpySequencerTester" />
    <testcase name="StackTop" file="/home/anne12/proyectoCS/fprime/Svc/FpySequencer/test/ut/FpySequencerTestMain.cpp" line="3524" status="run" result="completed" time="0.004" timestamp="2026-05-05T19:26:12.003" classname="FpySequencerTester" />
    <testcase name="StackCopyNonOverlapping" file="/home/anne12/proyectoCS/fprime/Svc/FpySequencer/test/ut/FpySequencerTestMain.cpp" line="3538" status="run" result="completed" time="0.003" timestamp="2026-05-05T19:26:12.007" classname="FpySequencerTester" />
    <testcase name="StackCopyZeroSize" file="/home/anne12/proyectoCS/fprime/Svc/FpySequencer/test/ut/FpySequencerTestMain.cpp" line="3558" status="run" result="completed" time="0.003" timestamp="2026-05-05T19:26:12.010" classname="FpySequencerTester" />
    <testcase name="StackMoveOverlappingDestBeforeSrc" file="/home/anne12/proyectoCS/fprime/Svc/FpySequencer/test/ut/FpySequencerTestMain.cpp" line="3567" status="run" result="completed" time="0.003" timestamp="2026-05-05T19:26:12.014" classname="FpySequencerTester" />
    <testcase name="StackMoveOverlappingDestAfterSrc" file="/home/anne12/proyectoCS/fprime/Svc/FpySequencer/test/ut/FpySequencerTestMain.cpp" line="3589" status="run" result="completed" time="0.005" timestamp="2026-05-05T19:26:12.017" classname="FpySequencerTester" />
    <testcase name="StackMoveZeroSize" file="/home/anne12/proyectoCS/fprime/Svc/FpySequencer/test/ut/FpySequencerTestMain.cpp" line="3611" status="run" result="completed" time="0.003" timestamp="2026-05-05T19:26:12.023" classname="FpySequencerTester" />
    <testcase name="StackMoveNonOverlapping" file="/home/anne12/proyectoCS/fprime/Svc/FpySequencer/test/ut/FpySequencerTestMain.cpp" line="3620" status="run" result="completed" time="0.003" timestamp="2026-05-05T19:26:12.026" classname="FpySequencerTester" />
    <testcase name="StackBigEndianByteOrder" file="/home/anne12/proyectoCS/fprime/Svc/FpySequencer/test/ut/FpySequencerTestMain.cpp" line="3640" status="run" result="completed" time="0.003" timestamp="2026-05-05T19:26:12.029" classname="FpySequencerTester" />
    <testcase name="StackMixedTypes" file="/home/anne12/proyectoCS/fprime/Svc/FpySequencer/test/ut/FpySequencerTestMain.cpp" line="3656" status="run" result="completed" time="0.003" timestamp="2026-05-05T19:26:12.033" classname="FpySequencerTester" />
    <testcase name="allocate" file="/home/anne12/proyectoCS/fprime/Svc/FpySequencer/test/ut/FpySequencerTestMain.cpp" line="3678" status="run" result="completed" time="0.003" timestamp="2026-05-05T19:26:12.036" classname="FpySequencerTester" />
    <testcase name="loadRel" file="/home/anne12/proyectoCS/fprime/Svc/FpySequencer/test/ut/FpySequencerTestMain.cpp" line="3716" status="run" result="completed" time="0.003" timestamp="2026-05-05T19:26:12.040" classname="FpySequencerTester" />
    <testcase name="storeRelConstOffset" file="/home/anne12/proyectoCS/fprime/Svc/FpySequencer/test/ut/FpySequencerTestMain.cpp" line="3795" status="run" result="completed" time="0.003" timestamp="2026-05-05T19:26:12.043" classname="FpySequencerTester" />
    <testcase name="pushVal" file="/home/anne12/proyectoCS/fprime/Svc/FpySequencer/test/ut/FpySequencerTestMain.cpp" line="3868" status="run" result="completed" time="0.004" timestamp="2026-05-05T19:26:12.046" classname="FpySequencerTester" />
    <testcase name="siext_8_64" file="/home/anne12/proyectoCS/fprime/Svc/FpySequencer/test/ut/FpySequencerTestMain.cpp" line="3909" status="run" result="completed" time="0.005" timestamp="2026-05-05T19:26:12.050" classname="FpySequencerTester" />
    <testcase name="siext_16_64" file="/home/anne12/proyectoCS/fprime/Svc/FpySequencer/test/ut/FpySequencerTestMain.cpp" line="3926" status="run" result="completed" time="0.003" timestamp="2026-05-05T19:26:12.056" classname="FpySequencerTester" />
    <testcase name="siext_32_64" file="/home/anne12/proyectoCS/fprime/Svc/FpySequencer/test/ut/FpySequencerTestMain.cpp" line="3940" status="run" result="completed" time="0.003" timestamp="2026-05-05T19:26:12.059" classname="FpySequencerTester" />
    <testcase name="ziext_8_64" file="/home/anne12/proyectoCS/fprime/Svc/FpySequencer/test/ut/FpySequencerTestMain.cpp" line="3954" status="run" result="completed" time="0.003" timestamp="2026-05-05T19:26:12.063" classname="FpySequencerTester" />
    <testcase name="ziext_16_64" file="/home/anne12/proyectoCS/fprime/Svc/FpySequencer/test/ut/FpySequencerTestMain.cpp" line="3968" status="run" result="completed" time="0.003" timestamp="2026-05-05T19:26:12.066" classname="FpySequencerTester" />
    <testcase name="ziext_32_64" file="/home/anne12/proyectoCS/fprime/Svc/FpySequencer/test/ut/FpySequencerTestMain.cpp" line="3978" status="run" result="completed" time="0.005" timestamp="2026-05-05T19:26:12.069" classname="FpySequencerTester" />
    <testcase name="itrunc_64_8" file="/home/anne12/proyectoCS/fprime/Svc/FpySequencer/test/ut/FpySequencerTestMain.cpp" line="3988" status="run" result="completed" time="0.005" timestamp="2026-05-05T19:26:12.074" classname="FpySequencerTester" />
    <testcase name="itrunc_64_16" file="/home/anne12/proyectoCS/fprime/Svc/FpySequencer/test/ut/FpySequencerTestMain.cpp" line="3998" status="run" result="completed" time="0.003" timestamp="2026-05-05T19:26:12.080" classname="FpySequencerTester" />
    <testcase name="itrunc_64_32" file="/home/anne12/proyectoCS/fprime/Svc/FpySequencer/test/ut/FpySequencerTestMain.cpp" line="4008" status="run" result="completed" time="0.003" timestamp="2026-05-05T19:26:12.084" classname="FpySequencerTester" />
    <testcase name="IntegrationGoto" file="/home/anne12/proyectoCS/fprime/Svc/FpySequencer/test/ut/FpySequencerTestMain.cpp" line="4025" status="run" result="completed" time="0.008" timestamp="2026-05-05T19:26:12.087" classname="FpySequencerTester" />
    <testcase name="IntegrationWaitAbs" file="/home/anne12/proyectoCS/fprime/Svc/FpySequencer/test/ut/FpySequencerTestMain.cpp" line="4037" status="run" result="completed" time="0.006" timestamp="2026-05-05T19:26:12.096" classname="FpySequencerTester" />
    <testcase name="IntegrationAllocateDiscard" file="/home/anne12/proyectoCS/fprime/Svc/FpySequencer/test/ut/FpySequencerTestMain.cpp" line="4060" status="run" result="completed" time="0.007" timestamp="2026-05-05T19:26:12.102" classname="FpySequencerTester" />
    <testcase name="IntegrationStoreRelConstOffsetLoadRel" file="/home/anne12/proyectoCS/fprime/Svc/FpySequencer/test/ut/FpySequencerTestMain.cpp" line="4071" status="run" result="completed" time="0.008" timestamp="2026-05-05T19:26:12.110" classname="FpySequencerTester" />
    <testcase name="IntegrationStoreRel" file="/home/anne12/proyectoCS/fprime/Svc/FpySequencer/test/ut/FpySequencerTestMain.cpp" line="4086" status="run" result="completed" time="0.006" timestamp="2026-05-05T19:26:12.119" classname="FpySequencerTester" />
    <testcase name="IntegrationMemCmp" file="/home/anne12/proyectoCS/fprime/Svc/FpySequencer/test/ut/FpySequencerTestMain.cpp" line="4101" status="run" result="completed" time="0.006" timestamp="2026-05-05T19:26:12.125" classname="FpySequencerTester" />
    <testcase name="IntegrationSetGetFlag" file="/home/anne12/proyectoCS/fprime/Svc/FpySequencer/test/ut/FpySequencerTestMain.cpp" line="4115" status="run" result="completed" time="0.005" timestamp="2026-05-05T19:26:12.132" classname="FpySequencerTester" />
    <testcase name="IntegrationPushTime" file="/home/anne12/proyectoCS/fprime/Svc/FpySequencer/test/ut/FpySequencerTestMain.cpp" line="4128" status="run" result="completed" time="0.005" timestamp="2026-05-05T19:26:12.138" classname="FpySequencerTester" />
    <testcase name="IntegrationGetField" file="/home/anne12/proyectoCS/fprime/Svc/FpySequencer/test/ut/FpySequencerTestMain.cpp" line="4139" status="run" result="completed" time="0.006" timestamp="2026-05-05T19:26:12.143" classname="FpySequencerTester" />
    <testcase name="IntegrationPeek" file="/home/anne12/proyectoCS/fprime/Svc/FpySequencer/test/ut/FpySequencerTestMain.cpp" line="4155" status="run" result="completed" time="0.008" timestamp="2026-05-05T19:26:12.150" classname="FpySequencerTester" />
    <testcase name="IntegrationCallReturn" file="/home/anne12/proyectoCS/fprime/Svc/FpySequencer/test/ut/FpySequencerTestMain.cpp" line="4171" status="run" result="completed" time="0.005" timestamp="2026-05-05T19:26:12.159" classname="FpySequencerTester" />
    <testcase name="IntegrationStoreAbsConstOffsetLoadAbs" file="/home/anne12/proyectoCS/fprime/Svc/FpySequencer/test/ut/FpySequencerTestMain.cpp" line="4191" status="run" result="completed" time="0.005" timestamp="2026-05-05T19:26:12.165" classname="FpySequencerTester" />
    <testcase name="IntegrationStoreAbs" file="/home/anne12/proyectoCS/fprime/Svc/FpySequencer/test/ut/FpySequencerTestMain.cpp" line="4205" status="run" result="completed" time="0.007" timestamp="2026-05-05T19:26:12.171" classname="FpySequencerTester" />
    <testcase name="IntegrationPushPrm" file="/home/anne12/proyectoCS/fprime/Svc/FpySequencer/test/ut/FpySequencerTestMain.cpp" line="4220" status="run" result="completed" time="0.005" timestamp="2026-05-05T19:26:12.178" classname="FpySequencerTester" />
    <testcase name="IntegrationPushTlmValAndTime" file="/home/anne12/proyectoCS/fprime/Svc/FpySequencer/test/ut/FpySequencerTestMain.cpp" line="4236" status="run" result="completed" time="0.005" timestamp="2026-05-05T19:26:12.183" classname="FpySequencerTester" />
    <testcase name="IntegrationStackCmd" file="/home/anne12/proyectoCS/fprime/Svc/FpySequencer/test/ut/FpySequencerTestMain.cpp" line="4252" status="run" result="completed" time="0.008" timestamp="2026-05-05T19:26:12.190" classname="FpySequencerTester" />
    <testcase name="Empty" file="/home/anne12/proyectoCS/fprime/Svc/FpySequencer/test/ut/FpySequencerTestSequences.cpp" line="5" status="run" result="completed" time="0.027" timestamp="2026-05-05T19:26:12.199" classname="FpySequencerTester" />
    <testcase name="Full" file="/home/anne12/proyectoCS/fprime/Svc/FpySequencer/test/ut/FpySequencerTestSequences.cpp" line="13" status="run" result="completed" time="0.045" timestamp="2026-05-05T19:26:12.227" classname="FpySequencerTester" />
    <testcase name="ComplexControlFlow" file="/home/anne12/proyectoCS/fprime/Svc/FpySequencer/test/ut/FpySequencerTestSequences.cpp" line="24" status="run" result="completed" time="0.012" timestamp="2026-05-05T19:26:12.273" classname="FpySequencerTester" />
    <testcase name="OrOfTlmAndReg" file="/home/anne12/proyectoCS/fprime/Svc/FpySequencer/test/ut/FpySequencerTestSequences.cpp" line="53" status="run" result="completed" time="0.009" timestamp="2026-05-05T19:26:12.285" classname="FpySequencerTester" />
    <testcase name="CmpIntTlm" file="/home/anne12/proyectoCS/fprime/Svc/FpySequencer/test/ut/FpySequencerTestSequences.cpp" line="83" status="run" result="completed" time="0.009" timestamp="2026-05-05T19:26:12.295" classname="FpySequencerTester" />
    <testcase name="NotTrueSeq" file="/home/anne12/proyectoCS/fprime/Svc/FpySequencer/test/ut/FpySequencerTestSequences.cpp" line="114" status="run" result="completed" time="0.006" timestamp="2026-05-05T19:26:12.304" classname="FpySequencerTester" />
  </testsuite>
</testsuites>
