<?xml version="1.0" encoding="UTF-8"?>
<testsuites tests="234" failures="0" disabled="0" errors="0" time="3.214" timestamp="2026-05-05T19:25:12.165" name="AllTests">
  <testsuite name="ArrayMap" tests="4" failures="0" disabled="0" skipped="0" errors="0" time="0.057" timestamp="2026-05-05T19:25:12.165">
    <testcase name="ZeroArgConstructor" file="/home/anne12/proyectoCS/fprime/Fw/DataStructures/test/ut/ArrayMapTest.cpp" line="37" status="run" result="completed" time="0" timestamp="2026-05-05T19:25:12.165" classname="ArrayMap" />
    <testcase name="CopyConstructor" file="/home/anne12/proyectoCS/fprime/Fw/DataStructures/test/ut/ArrayMapTest.cpp" line="43" status="run" result="completed" time="0" timestamp="2026-05-05T19:25:12.166" classname="ArrayMap" />
    <testcase name="CopyAssignmentOperator" file="/home/anne12/proyectoCS/fprime/Fw/DataStructures/test/ut/ArrayMapTest.cpp" line="55" status="run" result="completed" time="0" timestamp="2026-05-05T19:25:12.166" classname="ArrayMap" />
    <testcase name="CopyDataFrom" file="/home/anne12/proyectoCS/fprime/Fw/DataStructures/test/ut/ArrayMapTest.cpp" line="74" status="run" result="completed" time="0.056" timestamp="2026-05-05T19:25:12.166" classname="ArrayMap" />
  </testsuite>
  <testsuite name="ArrayMapScenarios" tests="9" failures="0" disabled="0" skipped="0" errors="0" time="0.029" timestamp="2026-05-05T19:25:12.223">
    <testcase name="Clear" file="/home/anne12/proyectoCS/fprime/Fw/DataStructures/test/ut/ArrayMapTest.cpp" line="95" status="run" result="completed" time="0" timestamp="2026-05-05T19:25:12.223" classname="ArrayMapScenarios" />
    <testcase name="Find" file="/home/anne12/proyectoCS/fprime/Fw/DataStructures/test/ut/ArrayMapTest.cpp" line="101" status="run" result="completed" time="0" timestamp="2026-05-05T19:25:12.223" classname="ArrayMapScenarios" />
    <testcase name="FindExisting" file="/home/anne12/proyectoCS/fprime/Fw/DataStructures/test/ut/ArrayMapTest.cpp" line="107" status="run" result="completed" time="0" timestamp="2026-05-05T19:25:12.223" classname="ArrayMapScenarios" />
    <testcase name="InsertExisting" file="/home/anne12/proyectoCS/fprime/Fw/DataStructures/test/ut/ArrayMapTest.cpp" line="113" status="run" result="completed" time="0" timestamp="2026-05-05T19:25:12.223" classname="ArrayMapScenarios" />
    <testcase name="InsertFull" file="/home/anne12/proyectoCS/fprime/Fw/DataStructures/test/ut/ArrayMapTest.cpp" line="119" status="run" result="completed" time="0.017" timestamp="2026-05-05T19:25:12.223" classname="ArrayMapScenarios" />
    <testcase name="InsertNotFull" file="/home/anne12/proyectoCS/fprime/Fw/DataStructures/test/ut/ArrayMapTest.cpp" line="125" status="run" result="completed" time="0" timestamp="2026-05-05T19:25:12.241" classname="ArrayMapScenarios" />
    <testcase name="Remove" file="/home/anne12/proyectoCS/fprime/Fw/DataStructures/test/ut/ArrayMapTest.cpp" line="131" status="run" result="completed" time="0" timestamp="2026-05-05T19:25:12.241" classname="ArrayMapScenarios" />
    <testcase name="RemoveExisting" file="/home/anne12/proyectoCS/fprime/Fw/DataStructures/test/ut/ArrayMapTest.cpp" line="137" status="run" result="completed" time="0" timestamp="2026-05-05T19:25:12.241" classname="ArrayMapScenarios" />
    <testcase name="Random" file="/home/anne12/proyectoCS/fprime/Fw/DataStructures/test/ut/ArrayMapTest.cpp" line="143" status="run" result="completed" time="0.01" timestamp="2026-05-05T19:25:12.241" classname="ArrayMapScenarios" />
  </testsuite>
  <testsuite name="ArraySetOrMapImpl" tests="8" failures="0" disabled="0" skipped="0" errors="0" time="0" timestamp="2026-05-05T19:25:12.252">
    <testcase name="ZeroArgConstructor" file="/home/anne12/proyectoCS/fprime/Fw/DataStructures/test/ut/ArraySetOrMapImplTest.cpp" line="20" status="run" result="completed" time="0" timestamp="2026-05-05T19:25:12.252" classname="ArraySetOrMapImpl" />
    <testcase name="TypedStorageConstructor" file="/home/anne12/proyectoCS/fprime/Fw/DataStructures/test/ut/ArraySetOrMapImplTest.cpp" line="26" status="run" result="completed" time="0" timestamp="2026-05-05T19:25:12.252" classname="ArraySetOrMapImpl" />
    <testcase name="UntypedStorageConstructor" file="/home/anne12/proyectoCS/fprime/Fw/DataStructures/test/ut/ArraySetOrMapImplTest.cpp" line="35" status="run" result="completed" time="0" timestamp="2026-05-05T19:25:12.252" classname="ArraySetOrMapImpl" />
    <testcase name="CopyConstructor" file="/home/anne12/proyectoCS/fprime/Fw/DataStructures/test/ut/ArraySetOrMapImplTest.cpp" line="46" status="run" result="completed" time="0" timestamp="2026-05-05T19:25:12.252" classname="ArraySetOrMapImpl" />
    <testcase name="CopyAssignmentOperator" file="/home/anne12/proyectoCS/fprime/Fw/DataStructures/test/ut/ArraySetOrMapImplTest.cpp" line="64" status="run" result="completed" time="0" timestamp="2026-05-05T19:25:12.252" classname="ArraySetOrMapImpl" />
    <testcase name="IteratorConstruction" file="/home/anne12/proyectoCS/fprime/Fw/DataStructures/test/ut/ArraySetOrMapImplTest.cpp" line="81" status="run" result="completed" time="0" timestamp="2026-05-05T19:25:12.252" classname="ArraySetOrMapImpl" />
    <testcase name="IteratorComparison" file="/home/anne12/proyectoCS/fprime/Fw/DataStructures/test/ut/ArraySetOrMapImplTest.cpp" line="86" status="run" result="completed" time="0" timestamp="2026-05-05T19:25:12.252" classname="ArraySetOrMapImpl" />
    <testcase name="IteratorConstruction" file="/home/anne12/proyectoCS/fprime/Fw/DataStructures/test/ut/RedBlackTreeSetOrMapImplTest.cpp" line="91" status="run" result="completed" time="0" timestamp="2026-05-05T19:25:12.252" classname="ArraySetOrMapImpl" />
  </testsuite>
  <testsuite name="ArraySetOrMapImplScenarios" tests="9" failures="0" disabled="0" skipped="0" errors="0" time="0.023" timestamp="2026-05-05T19:25:12.252">
    <testcase name="Clear" file="/home/anne12/proyectoCS/fprime/Fw/DataStructures/test/ut/ArraySetOrMapImplTest.cpp" line="93" status="run" result="completed" time="0" timestamp="2026-05-05T19:25:12.252" classname="ArraySetOrMapImplScenarios" />
    <testcase name="Find" file="/home/anne12/proyectoCS/fprime/Fw/DataStructures/test/ut/ArraySetOrMapImplTest.cpp" line="103" status="run" result="completed" time="0" timestamp="2026-05-05T19:25:12.253" classname="ArraySetOrMapImplScenarios" />
    <testcase name="FindExisting" file="/home/anne12/proyectoCS/fprime/Fw/DataStructures/test/ut/ArraySetOrMapImplTest.cpp" line="113" status="run" result="completed" time="0" timestamp="2026-05-05T19:25:12.253" classname="ArraySetOrMapImplScenarios" />
    <testcase name="InsertExisting" file="/home/anne12/proyectoCS/fprime/Fw/DataStructures/test/ut/ArraySetOrMapImplTest.cpp" line="121" status="run" result="completed" time="0" timestamp="2026-05-05T19:25:12.253" classname="ArraySetOrMapImplScenarios" />
    <testcase name="InsertFull" file="/home/anne12/proyectoCS/fprime/Fw/DataStructures/test/ut/ArraySetOrMapImplTest.cpp" line="129" status="run" result="completed" time="0.013" timestamp="2026-05-05T19:25:12.253" classname="ArraySetOrMapImplScenarios" />
    <testcase name="InsertNotFull" file="/home/anne12/proyectoCS/fprime/Fw/DataStructures/test/ut/ArraySetOrMapImplTest.cpp" line="142" status="run" result="completed" time="0" timestamp="2026-05-05T19:25:12.267" classname="ArraySetOrMapImplScenarios" />
    <testcase name="Remove" file="/home/anne12/proyectoCS/fprime/Fw/DataStructures/test/ut/ArraySetOrMapImplTest.cpp" line="149" status="run" result="completed" time="0" timestamp="2026-05-05T19:25:12.267" classname="ArraySetOrMapImplScenarios" />
    <testcase name="RemoveExisting" file="/home/anne12/proyectoCS/fprime/Fw/DataStructures/test/ut/ArraySetOrMapImplTest.cpp" line="159" status="run" result="completed" time="0" timestamp="2026-05-05T19:25:12.267" classname="ArraySetOrMapImplScenarios" />
    <testcase name="Random" file="/home/anne12/proyectoCS/fprime/Fw/DataStructures/test/ut/ArraySetOrMapImplTest.cpp" line="167" status="run" result="completed" time="0.009" timestamp="2026-05-05T19:25:12.267" classname="ArraySetOrMapImplScenarios" />
  </testsuite>
  <testsuite name="ArraySet" tests="4" failures="0" disabled="0" skipped="0" errors="0" time="0.054" timestamp="2026-05-05T19:25:12.276">
    <testcase name="ZeroArgConstructor" file="/home/anne12/proyectoCS/fprime/Fw/DataStructures/test/ut/ArraySetTest.cpp" line="37" status="run" result="completed" time="0" timestamp="2026-05-05T19:25:12.276" classname="ArraySet" />
    <testcase name="CopyConstructor" file="/home/anne12/proyectoCS/fprime/Fw/DataStructures/test/ut/ArraySetTest.cpp" line="43" status="run" result="completed" time="0" timestamp="2026-05-05T19:25:12.276" classname="ArraySet" />
    <testcase name="CopyAssignmentOperator" file="/home/anne12/proyectoCS/fprime/Fw/DataStructures/test/ut/ArraySetTest.cpp" line="54" status="run" result="completed" time="0" timestamp="2026-05-05T19:25:12.277" classname="ArraySet" />
    <testcase name="CopyDataFrom" file="/home/anne12/proyectoCS/fprime/Fw/DataStructures/test/ut/ArraySetTest.cpp" line="70" status="run" result="completed" time="0.053" timestamp="2026-05-05T19:25:12.277" classname="ArraySet" />
  </testsuite>
  <testsuite name="ArraySetScenarios" tests="9" failures="0" disabled="0" skipped="0" errors="0" time="0.022" timestamp="2026-05-05T19:25:12.331">
    <testcase name="Clear" file="/home/anne12/proyectoCS/fprime/Fw/DataStructures/test/ut/ArraySetTest.cpp" line="91" status="run" result="completed" time="0" timestamp="2026-05-05T19:25:12.331" classname="ArraySetScenarios" />
    <testcase name="Find" file="/home/anne12/proyectoCS/fprime/Fw/DataStructures/test/ut/ArraySetTest.cpp" line="97" status="run" result="completed" time="0" timestamp="2026-05-05T19:25:12.331" classname="ArraySetScenarios" />
    <testcase name="FindExisting" file="/home/anne12/proyectoCS/fprime/Fw/DataStructures/test/ut/ArraySetTest.cpp" line="103" status="run" result="completed" time="0" timestamp="2026-05-05T19:25:12.331" classname="ArraySetScenarios" />
    <testcase name="InsertExisting" file="/home/anne12/proyectoCS/fprime/Fw/DataStructures/test/ut/ArraySetTest.cpp" line="109" status="run" result="completed" time="0" timestamp="2026-05-05T19:25:12.331" classname="ArraySetScenarios" />
    <testcase name="InsertFull" file="/home/anne12/proyectoCS/fprime/Fw/DataStructures/test/ut/ArraySetTest.cpp" line="115" status="run" result="completed" time="0.012" timestamp="2026-05-05T19:25:12.331" classname="ArraySetScenarios" />
    <testcase name="InsertNotFull" file="/home/anne12/proyectoCS/fprime/Fw/DataStructures/test/ut/ArraySetTest.cpp" line="121" status="run" result="completed" time="0" timestamp="2026-05-05T19:25:12.344" classname="ArraySetScenarios" />
    <testcase name="Remove" file="/home/anne12/proyectoCS/fprime/Fw/DataStructures/test/ut/ArraySetTest.cpp" line="127" status="run" result="completed" time="0" timestamp="2026-05-05T19:25:12.344" classname="ArraySetScenarios" />
    <testcase name="RemoveExisting" file="/home/anne12/proyectoCS/fprime/Fw/DataStructures/test/ut/ArraySetTest.cpp" line="133" status="run" result="completed" time="0" timestamp="2026-05-05T19:25:12.344" classname="ArraySetScenarios" />
    <testcase name="Random" file="/home/anne12/proyectoCS/fprime/Fw/DataStructures/test/ut/ArraySetTest.cpp" line="139" status="run" result="completed" time="0.008" timestamp="2026-05-05T19:25:12.344" classname="ArraySetScenarios" />
  </testsuite>
  <testsuite name="Array" tests="9" failures="0" disabled="0" skipped="0" errors="0" time="0.496" timestamp="2026-05-05T19:25:12.353">
    <testcase name="ZeroArgConstructor" file="/home/anne12/proyectoCS/fprime/Fw/DataStructures/test/ut/ArrayTest.cpp" line="13" status="run" result="completed" time="0" timestamp="2026-05-05T19:25:12.353" classname="Array" />
    <testcase name="InitializerListConstructor" file="/home/anne12/proyectoCS/fprime/Fw/DataStructures/test/ut/ArrayTest.cpp" line="20" status="run" result="completed" time="0" timestamp="2026-05-05T19:25:12.353" classname="Array" />
    <testcase name="RawArrayConstructor" file="/home/anne12/proyectoCS/fprime/Fw/DataStructures/test/ut/ArrayTest.cpp" line="33" status="run" result="completed" time="0" timestamp="2026-05-05T19:25:12.353" classname="Array" />
    <testcase name="SingleElementConstructor" file="/home/anne12/proyectoCS/fprime/Fw/DataStructures/test/ut/ArrayTest.cpp" line="47" status="run" result="completed" time="0" timestamp="2026-05-05T19:25:12.353" classname="Array" />
    <testcase name="CopyConstructor" file="/home/anne12/proyectoCS/fprime/Fw/DataStructures/test/ut/ArrayTest.cpp" line="60" status="run" result="completed" time="0" timestamp="2026-05-05T19:25:12.353" classname="Array" />
    <testcase name="Subscript" file="/home/anne12/proyectoCS/fprime/Fw/DataStructures/test/ut/ArrayTest.cpp" line="70" status="run" result="completed" time="0.496" timestamp="2026-05-05T19:25:12.353" classname="Array" />
    <testcase name="CopyAssignmentOperator" file="/home/anne12/proyectoCS/fprime/Fw/DataStructures/test/ut/ArrayTest.cpp" line="81" status="run" result="completed" time="0" timestamp="2026-05-05T19:25:12.850" classname="Array" />
    <testcase name="GetElements" file="/home/anne12/proyectoCS/fprime/Fw/DataStructures/test/ut/ArrayTest.cpp" line="94" status="run" result="completed" time="0" timestamp="2026-05-05T19:25:12.850" classname="Array" />
    <testcase name="AsExternalArray" file="/home/anne12/proyectoCS/fprime/Fw/DataStructures/test/ut/ArrayTest.cpp" line="105" status="run" result="completed" time="0" timestamp="2026-05-05T19:25:12.850" classname="Array" />
  </testsuite>
  <testsuite name="CircularIndex" tests="10" failures="0" disabled="0" skipped="0" errors="0" time="0" timestamp="2026-05-05T19:25:12.850">
    <testcase name="ZeroArgConstructor" file="/home/anne12/proyectoCS/fprime/Fw/DataStructures/test/ut/CircularIndexTest.cpp" line="27" status="run" result="completed" time="0" timestamp="2026-05-05T19:25:12.850" classname="CircularIndex" />
    <testcase name="SpecifiedMemberConstructor" file="/home/anne12/proyectoCS/fprime/Fw/DataStructures/test/ut/CircularIndexTest.cpp" line="33" status="run" result="completed" time="0" timestamp="2026-05-05T19:25:12.850" classname="CircularIndex" />
    <testcase name="CopyConstructor" file="/home/anne12/proyectoCS/fprime/Fw/DataStructures/test/ut/CircularIndexTest.cpp" line="41" status="run" result="completed" time="0" timestamp="2026-05-05T19:25:12.850" classname="CircularIndex" />
    <testcase name="CopyAssignment" file="/home/anne12/proyectoCS/fprime/Fw/DataStructures/test/ut/CircularIndexTest.cpp" line="50" status="run" result="completed" time="0" timestamp="2026-05-05T19:25:12.850" classname="CircularIndex" />
    <testcase name="SetValue" file="/home/anne12/proyectoCS/fprime/Fw/DataStructures/test/ut/CircularIndexTest.cpp" line="60" status="run" result="completed" time="0" timestamp="2026-05-05T19:25:12.850" classname="CircularIndex" />
    <testcase name="SetModulus" file="/home/anne12/proyectoCS/fprime/Fw/DataStructures/test/ut/CircularIndexTest.cpp" line="70" status="run" result="completed" time="0" timestamp="2026-05-05T19:25:12.850" classname="CircularIndex" />
    <testcase name="IncrementOne" file="/home/anne12/proyectoCS/fprime/Fw/DataStructures/test/ut/CircularIndexTest.cpp" line="81" status="run" result="completed" time="0" timestamp="2026-05-05T19:25:12.850" classname="CircularIndex" />
    <testcase name="IncrementRandom" file="/home/anne12/proyectoCS/fprime/Fw/DataStructures/test/ut/CircularIndexTest.cpp" line="92" status="run" result="completed" time="0" timestamp="2026-05-05T19:25:12.850" classname="CircularIndex" />
    <testcase name="DecrementOne" file="/home/anne12/proyectoCS/fprime/Fw/DataStructures/test/ut/CircularIndexTest.cpp" line="106" status="run" result="completed" time="0" timestamp="2026-05-05T19:25:12.851" classname="CircularIndex" />
    <testcase name="DecrementRandom" file="/home/anne12/proyectoCS/fprime/Fw/DataStructures/test/ut/CircularIndexTest.cpp" line="119" status="run" result="completed" time="0" timestamp="2026-05-05T19:25:12.851" classname="CircularIndex" />
  </testsuite>
  <testsuite name="ExternalArrayMap" tests="6" failures="0" disabled="0" skipped="0" errors="0" time="0" timestamp="2026-05-05T19:25:12.851">
    <testcase name="ZeroArgConstructor" file="/home/anne12/proyectoCS/fprime/Fw/DataStructures/test/ut/ExternalArrayMapTest.cpp" line="33" status="run" result="completed" time="0" timestamp="2026-05-05T19:25:12.851" classname="ExternalArrayMap" />
    <testcase name="TypedStorageConstructor" file="/home/anne12/proyectoCS/fprime/Fw/DataStructures/test/ut/ExternalArrayMapTest.cpp" line="39" status="run" result="completed" time="0" timestamp="2026-05-05T19:25:12.851" classname="ExternalArrayMap" />
    <testcase name="UntypedStorageConstructor" file="/home/anne12/proyectoCS/fprime/Fw/DataStructures/test/ut/ExternalArrayMapTest.cpp" line="49" status="run" result="completed" time="0" timestamp="2026-05-05T19:25:12.851" classname="ExternalArrayMap" />
    <testcase name="CopyConstructor" file="/home/anne12/proyectoCS/fprime/Fw/DataStructures/test/ut/ExternalArrayMapTest.cpp" line="61" status="run" result="completed" time="0" timestamp="2026-05-05T19:25:12.851" classname="ExternalArrayMap" />
    <testcase name="CopyAssignmentOperator" file="/home/anne12/proyectoCS/fprime/Fw/DataStructures/test/ut/ExternalArrayMapTest.cpp" line="81" status="run" result="completed" time="0" timestamp="2026-05-05T19:25:12.851" classname="ExternalArrayMap" />
    <testcase name="CopyDataFrom" file="/home/anne12/proyectoCS/fprime/Fw/DataStructures/test/ut/ExternalArrayMapTest.cpp" line="98" status="run" result="completed" time="0" timestamp="2026-05-05T19:25:12.851" classname="ExternalArrayMap" />
  </testsuite>
  <testsuite name="ExternalArrayMapScenarios" tests="9" failures="0" disabled="0" skipped="0" errors="0" time="0.029" timestamp="2026-05-05T19:25:12.851">
    <testcase name="Clear" file="/home/anne12/proyectoCS/fprime/Fw/DataStructures/test/ut/ExternalArrayMapTest.cpp" line="121" status="run" result="completed" time="0" timestamp="2026-05-05T19:25:12.851" classname="ExternalArrayMapScenarios" />
    <testcase name="Find" file="/home/anne12/proyectoCS/fprime/Fw/DataStructures/test/ut/ExternalArrayMapTest.cpp" line="128" status="run" result="completed" time="0" timestamp="2026-05-05T19:25:12.852" classname="ExternalArrayMapScenarios" />
    <testcase name="FindExisting" file="/home/anne12/proyectoCS/fprime/Fw/DataStructures/test/ut/ExternalArrayMapTest.cpp" line="135" status="run" result="completed" time="0" timestamp="2026-05-05T19:25:12.852" classname="ExternalArrayMapScenarios" />
    <testcase name="InsertExisting" file="/home/anne12/proyectoCS/fprime/Fw/DataStructures/test/ut/ExternalArrayMapTest.cpp" line="142" status="run" result="completed" time="0" timestamp="2026-05-05T19:25:12.852" classname="ExternalArrayMapScenarios" />
    <testcase name="InsertFull" file="/home/anne12/proyectoCS/fprime/Fw/DataStructures/test/ut/ExternalArrayMapTest.cpp" line="149" status="run" result="completed" time="0.018" timestamp="2026-05-05T19:25:12.852" classname="ExternalArrayMapScenarios" />
    <testcase name="InsertNotFull" file="/home/anne12/proyectoCS/fprime/Fw/DataStructures/test/ut/ExternalArrayMapTest.cpp" line="156" status="run" result="completed" time="0" timestamp="2026-05-05T19:25:12.871" classname="ExternalArrayMapScenarios" />
    <testcase name="Remove" file="/home/anne12/proyectoCS/fprime/Fw/DataStructures/test/ut/ExternalArrayMapTest.cpp" line="163" status="run" result="completed" time="0" timestamp="2026-05-05T19:25:12.871" classname="ExternalArrayMapScenarios" />
    <testcase name="RemoveExisting" file="/home/anne12/proyectoCS/fprime/Fw/DataStructures/test/ut/ExternalArrayMapTest.cpp" line="170" status="run" result="completed" time="0" timestamp="2026-05-05T19:25:12.871" classname="ExternalArrayMapScenarios" />
    <testcase name="Random" file="/home/anne12/proyectoCS/fprime/Fw/DataStructures/test/ut/ExternalArrayMapTest.cpp" line="177" status="run" result="completed" time="0.009" timestamp="2026-05-05T19:25:12.871" classname="ExternalArrayMapScenarios" />
  </testsuite>
  <testsuite name="ExternalArraySet" tests="6" failures="0" disabled="0" skipped="0" errors="0" time="0" timestamp="2026-05-05T19:25:12.881">
    <testcase name="ZeroArgConstructor" file="/home/anne12/proyectoCS/fprime/Fw/DataStructures/test/ut/ExternalArraySetTest.cpp" line="35" status="run" result="completed" time="0" timestamp="2026-05-05T19:25:12.881" classname="ExternalArraySet" />
    <testcase name="TypedStorageConstructor" file="/home/anne12/proyectoCS/fprime/Fw/DataStructures/test/ut/ExternalArraySetTest.cpp" line="41" status="run" result="completed" time="0" timestamp="2026-05-05T19:25:12.881" classname="ExternalArraySet" />
    <testcase name="UntypedStorageConstructor" file="/home/anne12/proyectoCS/fprime/Fw/DataStructures/test/ut/ExternalArraySetTest.cpp" line="51" status="run" result="completed" time="0" timestamp="2026-05-05T19:25:12.881" classname="ExternalArraySet" />
    <testcase name="CopyConstructor" file="/home/anne12/proyectoCS/fprime/Fw/DataStructures/test/ut/ExternalArraySetTest.cpp" line="63" status="run" result="completed" time="0" timestamp="2026-05-05T19:25:12.881" classname="ExternalArraySet" />
    <testcase name="CopyAssignmentOperator" file="/home/anne12/proyectoCS/fprime/Fw/DataStructures/test/ut/ExternalArraySetTest.cpp" line="82" status="run" result="completed" time="0" timestamp="2026-05-05T19:25:12.881" classname="ExternalArraySet" />
    <testcase name="CopyDataFrom" file="/home/anne12/proyectoCS/fprime/Fw/DataStructures/test/ut/ExternalArraySetTest.cpp" line="98" status="run" result="completed" time="0" timestamp="2026-05-05T19:25:12.881" classname="ExternalArraySet" />
  </testsuite>
  <testsuite name="ExternalArraySetScenarios" tests="9" failures="0" disabled="0" skipped="0" errors="0" time="0.021" timestamp="2026-05-05T19:25:12.881">
    <testcase name="Clear" file="/home/anne12/proyectoCS/fprime/Fw/DataStructures/test/ut/ExternalArraySetTest.cpp" line="121" status="run" result="completed" time="0" timestamp="2026-05-05T19:25:12.881" classname="ExternalArraySetScenarios" />
    <testcase name="Find" file="/home/anne12/proyectoCS/fprime/Fw/DataStructures/test/ut/ExternalArraySetTest.cpp" line="128" status="run" result="completed" time="0" timestamp="2026-05-05T19:25:12.882" classname="ExternalArraySetScenarios" />
    <testcase name="FindExisting" file="/home/anne12/proyectoCS/fprime/Fw/DataStructures/test/ut/ExternalArraySetTest.cpp" line="135" status="run" result="completed" time="0" timestamp="2026-05-05T19:25:12.882" classname="ExternalArraySetScenarios" />
    <testcase name="InsertExisting" file="/home/anne12/proyectoCS/fprime/Fw/DataStructures/test/ut/ExternalArraySetTest.cpp" line="142" status="run" result="completed" time="0" timestamp="2026-05-05T19:25:12.882" classname="ExternalArraySetScenarios" />
    <testcase name="InsertFull" file="/home/anne12/proyectoCS/fprime/Fw/DataStructures/test/ut/ExternalArraySetTest.cpp" line="149" status="run" result="completed" time="0.013" timestamp="2026-05-05T19:25:12.882" classname="ExternalArraySetScenarios" />
    <testcase name="InsertNotFull" file="/home/anne12/proyectoCS/fprime/Fw/DataStructures/test/ut/ExternalArraySetTest.cpp" line="156" status="run" result="completed" time="0" timestamp="2026-05-05T19:25:12.895" classname="ExternalArraySetScenarios" />
    <testcase name="Remove" file="/home/anne12/proyectoCS/fprime/Fw/DataStructures/test/ut/ExternalArraySetTest.cpp" line="163" status="run" result="completed" time="0" timestamp="2026-05-05T19:25:12.895" classname="ExternalArraySetScenarios" />
    <testcase name="RemoveExisting" file="/home/anne12/proyectoCS/fprime/Fw/DataStructures/test/ut/ExternalArraySetTest.cpp" line="170" status="run" result="completed" time="0" timestamp="2026-05-05T19:25:12.895" classname="ExternalArraySetScenarios" />
    <testcase name="Random" file="/home/anne12/proyectoCS/fprime/Fw/DataStructures/test/ut/ExternalArraySetTest.cpp" line="177" status="run" result="completed" time="0.007" timestamp="2026-05-05T19:25:12.895" classname="ExternalArraySetScenarios" />
  </testsuite>
  <testsuite name="ExternalArray" tests="11" failures="0" disabled="0" skipped="0" errors="0" time="1.252" timestamp="2026-05-05T19:25:12.903">
    <testcase name="ZeroArgConstructor" file="/home/anne12/proyectoCS/fprime/Fw/DataStructures/test/ut/ExternalArrayTest.cpp" line="15" status="run" result="completed" time="0" timestamp="2026-05-05T19:25:12.903" classname="ExternalArray" />
    <testcase name="StorageConstructorTyped" file="/home/anne12/proyectoCS/fprime/Fw/DataStructures/test/ut/ExternalArrayTest.cpp" line="21" status="run" result="completed" time="0" timestamp="2026-05-05T19:25:12.903" classname="ExternalArray" />
    <testcase name="StorageConstructorUntyped" file="/home/anne12/proyectoCS/fprime/Fw/DataStructures/test/ut/ExternalArrayTest.cpp" line="29" status="run" result="completed" time="0" timestamp="2026-05-05T19:25:12.903" classname="ExternalArray" />
    <testcase name="CopyConstructor" file="/home/anne12/proyectoCS/fprime/Fw/DataStructures/test/ut/ExternalArrayTest.cpp" line="40" status="run" result="completed" time="0" timestamp="2026-05-05T19:25:12.904" classname="ExternalArray" />
    <testcase name="CopyAssignment" file="/home/anne12/proyectoCS/fprime/Fw/DataStructures/test/ut/ExternalArrayTest.cpp" line="51" status="run" result="completed" time="0" timestamp="2026-05-05T19:25:12.904" classname="ExternalArray" />
    <testcase name="CopyDataFrom" file="/home/anne12/proyectoCS/fprime/Fw/DataStructures/test/ut/ExternalArrayTest.cpp" line="83" status="run" result="completed" time="0" timestamp="2026-05-05T19:25:12.904" classname="ExternalArray" />
    <testcase name="Subscript" file="/home/anne12/proyectoCS/fprime/Fw/DataStructures/test/ut/ExternalArrayTest.cpp" line="96" status="run" result="completed" time="0.444" timestamp="2026-05-05T19:25:12.904" classname="ExternalArray" />
    <testcase name="SetStorageTyped" file="/home/anne12/proyectoCS/fprime/Fw/DataStructures/test/ut/ExternalArrayTest.cpp" line="109" status="run" result="completed" time="0" timestamp="2026-05-05T19:25:13.348" classname="ExternalArray" />
    <testcase name="SetStorageUntypedOK" file="/home/anne12/proyectoCS/fprime/Fw/DataStructures/test/ut/ExternalArrayTest.cpp" line="118" status="run" result="completed" time="0" timestamp="2026-05-05T19:25:13.349" classname="ExternalArray" />
    <testcase name="SetStorageUntypedBadSize" file="/home/anne12/proyectoCS/fprime/Fw/DataStructures/test/ut/ExternalArrayTest.cpp" line="129" status="run" result="completed" time="0.447" timestamp="2026-05-05T19:25:13.349" classname="ExternalArray" />
    <testcase name="SetStorageUntypedBadAlignment" file="/home/anne12/proyectoCS/fprime/Fw/DataStructures/test/ut/ExternalArrayTest.cpp" line="138" status="run" result="completed" time="0.359" timestamp="2026-05-05T19:25:13.796" classname="ExternalArray" />
  </testsuite>
  <testsuite name="ExternalFifoQueue" tests="6" failures="0" disabled="0" skipped="0" errors="0" time="0.005" timestamp="2026-05-05T19:25:14.156">
    <testcase name="ZeroArgConstructor" file="/home/anne12/proyectoCS/fprime/Fw/DataStructures/test/ut/ExternalFifoQueueTest.cpp" line="32" status="run" result="completed" time="0" timestamp="2026-05-05T19:25:14.156" classname="ExternalFifoQueue" />
    <testcase name="TypedStorageConstructor" file="/home/anne12/proyectoCS/fprime/Fw/DataStructures/test/ut/ExternalFifoQueueTest.cpp" line="38" status="run" result="completed" time="0" timestamp="2026-05-05T19:25:14.156" classname="ExternalFifoQueue" />
    <testcase name="UntypedStorageConstructor" file="/home/anne12/proyectoCS/fprime/Fw/DataStructures/test/ut/ExternalFifoQueueTest.cpp" line="47" status="run" result="completed" time="0" timestamp="2026-05-05T19:25:14.156" classname="ExternalFifoQueue" />
    <testcase name="CopyConstructor" file="/home/anne12/proyectoCS/fprime/Fw/DataStructures/test/ut/ExternalFifoQueueTest.cpp" line="58" status="run" result="completed" time="0" timestamp="2026-05-05T19:25:14.156" classname="ExternalFifoQueue" />
    <testcase name="CopyAssignmentOperator" file="/home/anne12/proyectoCS/fprime/Fw/DataStructures/test/ut/ExternalFifoQueueTest.cpp" line="77" status="run" result="completed" time="0" timestamp="2026-05-05T19:25:14.156" classname="ExternalFifoQueue" />
    <testcase name="CopyDataFrom" file="/home/anne12/proyectoCS/fprime/Fw/DataStructures/test/ut/ExternalFifoQueueTest.cpp" line="93" status="run" result="completed" time="0.005" timestamp="2026-05-05T19:25:14.156" classname="ExternalFifoQueue" />
  </testsuite>
  <testsuite name="ExternalFifoQueueScenarios" tests="7" failures="0" disabled="0" skipped="0" errors="0" time="0.015" timestamp="2026-05-05T19:25:14.162">
    <testcase name="At" file="/home/anne12/proyectoCS/fprime/Fw/DataStructures/test/ut/ExternalFifoQueueTest.cpp" line="116" status="run" result="completed" time="0" timestamp="2026-05-05T19:25:14.162" classname="ExternalFifoQueueScenarios" />
    <testcase name="Clear" file="/home/anne12/proyectoCS/fprime/Fw/DataStructures/test/ut/ExternalFifoQueueTest.cpp" line="123" status="run" result="completed" time="0" timestamp="2026-05-05T19:25:14.162" classname="ExternalFifoQueueScenarios" />
    <testcase name="DequeueEmpty" file="/home/anne12/proyectoCS/fprime/Fw/DataStructures/test/ut/ExternalFifoQueueTest.cpp" line="130" status="run" result="completed" time="0" timestamp="2026-05-05T19:25:14.162" classname="ExternalFifoQueueScenarios" />
    <testcase name="DequeueOK" file="/home/anne12/proyectoCS/fprime/Fw/DataStructures/test/ut/ExternalFifoQueueTest.cpp" line="137" status="run" result="completed" time="0" timestamp="2026-05-05T19:25:14.162" classname="ExternalFifoQueueScenarios" />
    <testcase name="EnqueueFull" file="/home/anne12/proyectoCS/fprime/Fw/DataStructures/test/ut/ExternalFifoQueueTest.cpp" line="144" status="run" result="completed" time="0.001" timestamp="2026-05-05T19:25:14.163" classname="ExternalFifoQueueScenarios" />
    <testcase name="EnqueueOK" file="/home/anne12/proyectoCS/fprime/Fw/DataStructures/test/ut/ExternalFifoQueueTest.cpp" line="151" status="run" result="completed" time="0" timestamp="2026-05-05T19:25:14.164" classname="ExternalFifoQueueScenarios" />
    <testcase name="Random" file="/home/anne12/proyectoCS/fprime/Fw/DataStructures/test/ut/ExternalFifoQueueTest.cpp" line="167" status="run" result="completed" time="0.013" timestamp="2026-05-05T19:25:14.164" classname="ExternalFifoQueueScenarios" />
  </testsuite>
  <testsuite name="ExternalFifoQueueTestScenarios" tests="1" failures="0" disabled="0" skipped="0" errors="0" time="0" timestamp="2026-05-05T19:25:14.177">
    <testcase name="Peek" file="/home/anne12/proyectoCS/fprime/Fw/DataStructures/test/ut/ExternalFifoQueueTest.cpp" line="158" status="run" result="completed" time="0" timestamp="2026-05-05T19:25:14.177" classname="ExternalFifoQueueTestScenarios" />
  </testsuite>
  <testsuite name="ExternalRedBlackTreeMap" tests="6" failures="0" disabled="0" skipped="0" errors="0" time="0.006" timestamp="2026-05-05T19:25:14.178">
    <testcase name="ZeroArgConstructor" file="/home/anne12/proyectoCS/fprime/Fw/DataStructures/test/ut/ExternalRedBlackTreeMapTest.cpp" line="35" status="run" result="completed" time="0" timestamp="2026-05-05T19:25:14.178" classname="ExternalRedBlackTreeMap" />
    <testcase name="TypedStorageConstructor" file="/home/anne12/proyectoCS/fprime/Fw/DataStructures/test/ut/ExternalRedBlackTreeMapTest.cpp" line="41" status="run" result="completed" time="0" timestamp="2026-05-05T19:25:14.178" classname="ExternalRedBlackTreeMap" />
    <testcase name="UntypedStorageConstructor" file="/home/anne12/proyectoCS/fprime/Fw/DataStructures/test/ut/ExternalRedBlackTreeMapTest.cpp" line="54" status="run" result="completed" time="0.004" timestamp="2026-05-05T19:25:14.178" classname="ExternalRedBlackTreeMap" />
    <testcase name="CopyConstructor" file="/home/anne12/proyectoCS/fprime/Fw/DataStructures/test/ut/ExternalRedBlackTreeMapTest.cpp" line="66" status="run" result="completed" time="0" timestamp="2026-05-05T19:25:14.182" classname="ExternalRedBlackTreeMap" />
    <testcase name="CopyAssignmentOperator" file="/home/anne12/proyectoCS/fprime/Fw/DataStructures/test/ut/ExternalRedBlackTreeMapTest.cpp" line="89" status="run" result="completed" time="0" timestamp="2026-05-05T19:25:14.183" classname="ExternalRedBlackTreeMap" />
    <testcase name="CopyDataFrom" file="/home/anne12/proyectoCS/fprime/Fw/DataStructures/test/ut/ExternalRedBlackTreeMapTest.cpp" line="107" status="run" result="completed" time="0" timestamp="2026-05-05T19:25:14.184" classname="ExternalRedBlackTreeMap" />
  </testsuite>
  <testsuite name="ExternalRedBlackTreeMapScenarios" tests="9" failures="0" disabled="0" skipped="0" errors="0" time="0.036" timestamp="2026-05-05T19:25:14.184">
    <testcase name="Clear" file="/home/anne12/proyectoCS/fprime/Fw/DataStructures/test/ut/ExternalRedBlackTreeMapTest.cpp" line="132" status="run" result="completed" time="0" timestamp="2026-05-05T19:25:14.184" classname="ExternalRedBlackTreeMapScenarios" />
    <testcase name="Find" file="/home/anne12/proyectoCS/fprime/Fw/DataStructures/test/ut/ExternalRedBlackTreeMapTest.cpp" line="140" status="run" result="completed" time="0" timestamp="2026-05-05T19:25:14.184" classname="ExternalRedBlackTreeMapScenarios" />
    <testcase name="FindExisting" file="/home/anne12/proyectoCS/fprime/Fw/DataStructures/test/ut/ExternalRedBlackTreeMapTest.cpp" line="148" status="run" result="completed" time="0" timestamp="2026-05-05T19:25:14.185" classname="ExternalRedBlackTreeMapScenarios" />
    <testcase name="InsertExisting" file="/home/anne12/proyectoCS/fprime/Fw/DataStructures/test/ut/ExternalRedBlackTreeMapTest.cpp" line="156" status="run" result="completed" time="0" timestamp="2026-05-05T19:25:14.185" classname="ExternalRedBlackTreeMapScenarios" />
    <testcase name="InsertFull" file="/home/anne12/proyectoCS/fprime/Fw/DataStructures/test/ut/ExternalRedBlackTreeMapTest.cpp" line="164" status="run" result="completed" time="0.01" timestamp="2026-05-05T19:25:14.186" classname="ExternalRedBlackTreeMapScenarios" />
    <testcase name="InsertNotFull" file="/home/anne12/proyectoCS/fprime/Fw/DataStructures/test/ut/ExternalRedBlackTreeMapTest.cpp" line="172" status="run" result="completed" time="0" timestamp="2026-05-05T19:25:14.196" classname="ExternalRedBlackTreeMapScenarios" />
    <testcase name="Remove" file="/home/anne12/proyectoCS/fprime/Fw/DataStructures/test/ut/ExternalRedBlackTreeMapTest.cpp" line="180" status="run" result="completed" time="0" timestamp="2026-05-05T19:25:14.196" classname="ExternalRedBlackTreeMapScenarios" />
    <testcase name="RemoveExisting" file="/home/anne12/proyectoCS/fprime/Fw/DataStructures/test/ut/ExternalRedBlackTreeMapTest.cpp" line="188" status="run" result="completed" time="0" timestamp="2026-05-05T19:25:14.197" classname="ExternalRedBlackTreeMapScenarios" />
    <testcase name="Random" file="/home/anne12/proyectoCS/fprime/Fw/DataStructures/test/ut/ExternalRedBlackTreeMapTest.cpp" line="196" status="run" result="completed" time="0.023" timestamp="2026-05-05T19:25:14.197" classname="ExternalRedBlackTreeMapScenarios" />
  </testsuite>
  <testsuite name="ExternalRedBlackTreeSet" tests="6" failures="0" disabled="0" skipped="0" errors="0" time="0.003" timestamp="2026-05-05T19:25:14.221">
    <testcase name="ZeroArgConstructor" file="/home/anne12/proyectoCS/fprime/Fw/DataStructures/test/ut/ExternalRedBlackTreeSetTest.cpp" line="37" status="run" result="completed" time="0" timestamp="2026-05-05T19:25:14.221" classname="ExternalRedBlackTreeSet" />
    <testcase name="TypedStorageConstructor" file="/home/anne12/proyectoCS/fprime/Fw/DataStructures/test/ut/ExternalRedBlackTreeSetTest.cpp" line="43" status="run" result="completed" time="0" timestamp="2026-05-05T19:25:14.221" classname="ExternalRedBlackTreeSet" />
    <testcase name="UntypedStorageConstructor" file="/home/anne12/proyectoCS/fprime/Fw/DataStructures/test/ut/ExternalRedBlackTreeSetTest.cpp" line="56" status="run" result="completed" time="0.002" timestamp="2026-05-05T19:25:14.221" classname="ExternalRedBlackTreeSet" />
    <testcase name="CopyConstructor" file="/home/anne12/proyectoCS/fprime/Fw/DataStructures/test/ut/ExternalRedBlackTreeSetTest.cpp" line="68" status="run" result="completed" time="0" timestamp="2026-05-05T19:25:14.223" classname="ExternalRedBlackTreeSet" />
    <testcase name="CopyAssignmentOperator" file="/home/anne12/proyectoCS/fprime/Fw/DataStructures/test/ut/ExternalRedBlackTreeSetTest.cpp" line="90" status="run" result="completed" time="0" timestamp="2026-05-05T19:25:14.224" classname="ExternalRedBlackTreeSet" />
    <testcase name="CopyDataFrom" file="/home/anne12/proyectoCS/fprime/Fw/DataStructures/test/ut/ExternalRedBlackTreeSetTest.cpp" line="107" status="run" result="completed" time="0" timestamp="2026-05-05T19:25:14.224" classname="ExternalRedBlackTreeSet" />
  </testsuite>
  <testsuite name="ExternalRedBlackTreeSetScenarios" tests="9" failures="0" disabled="0" skipped="0" errors="0" time="0.03" timestamp="2026-05-05T19:25:14.225">
    <testcase name="Clear" file="/home/anne12/proyectoCS/fprime/Fw/DataStructures/test/ut/ExternalRedBlackTreeSetTest.cpp" line="132" status="run" result="completed" time="0" timestamp="2026-05-05T19:25:14.225" classname="ExternalRedBlackTreeSetScenarios" />
    <testcase name="Find" file="/home/anne12/proyectoCS/fprime/Fw/DataStructures/test/ut/ExternalRedBlackTreeSetTest.cpp" line="140" status="run" result="completed" time="0" timestamp="2026-05-05T19:25:14.225" classname="ExternalRedBlackTreeSetScenarios" />
    <testcase name="FindExisting" file="/home/anne12/proyectoCS/fprime/Fw/DataStructures/test/ut/ExternalRedBlackTreeSetTest.cpp" line="148" status="run" result="completed" time="0" timestamp="2026-05-05T19:25:14.226" classname="ExternalRedBlackTreeSetScenarios" />
    <testcase name="InsertExisting" file="/home/anne12/proyectoCS/fprime/Fw/DataStructures/test/ut/ExternalRedBlackTreeSetTest.cpp" line="156" status="run" result="completed" time="0" timestamp="2026-05-05T19:25:14.226" classname="ExternalRedBlackTreeSetScenarios" />
    <testcase name="InsertFull" file="/home/anne12/proyectoCS/fprime/Fw/DataStructures/test/ut/ExternalRedBlackTreeSetTest.cpp" line="164" status="run" result="completed" time="0.005" timestamp="2026-05-05T19:25:14.226" classname="ExternalRedBlackTreeSetScenarios" />
    <testcase name="InsertNotFull" file="/home/anne12/proyectoCS/fprime/Fw/DataStructures/test/ut/ExternalRedBlackTreeSetTest.cpp" line="172" status="run" result="completed" time="0" timestamp="2026-05-05T19:25:14.232" classname="ExternalRedBlackTreeSetScenarios" />
    <testcase name="Remove" file="/home/anne12/proyectoCS/fprime/Fw/DataStructures/test/ut/ExternalRedBlackTreeSetTest.cpp" line="180" status="run" result="completed" time="0" timestamp="2026-05-05T19:25:14.233" classname="ExternalRedBlackTreeSetScenarios" />
    <testcase name="RemoveExisting" file="/home/anne12/proyectoCS/fprime/Fw/DataStructures/test/ut/ExternalRedBlackTreeSetTest.cpp" line="188" status="run" result="completed" time="0" timestamp="2026-05-05T19:25:14.233" classname="ExternalRedBlackTreeSetScenarios" />
    <testcase name="Random" file="/home/anne12/proyectoCS/fprime/Fw/DataStructures/test/ut/ExternalRedBlackTreeSetTest.cpp" line="196" status="run" result="completed" time="0.021" timestamp="2026-05-05T19:25:14.233" classname="ExternalRedBlackTreeSetScenarios" />
  </testsuite>
  <testsuite name="ExternalStack" tests="6" failures="0" disabled="0" skipped="0" errors="0" time="0.001" timestamp="2026-05-05T19:25:14.255">
    <testcase name="ZeroArgConstructor" file="/home/anne12/proyectoCS/fprime/Fw/DataStructures/test/ut/ExternalStackTest.cpp" line="19" status="run" result="completed" time="0" timestamp="2026-05-05T19:25:14.255" classname="ExternalStack" />
    <testcase name="TypedStorageConstructor" file="/home/anne12/proyectoCS/fprime/Fw/DataStructures/test/ut/ExternalStackTest.cpp" line="25" status="run" result="completed" time="0" timestamp="2026-05-05T19:25:14.256" classname="ExternalStack" />
    <testcase name="UntypedStorageConstructor" file="/home/anne12/proyectoCS/fprime/Fw/DataStructures/test/ut/ExternalStackTest.cpp" line="34" status="run" result="completed" time="0" timestamp="2026-05-05T19:25:14.256" classname="ExternalStack" />
    <testcase name="CopyConstructor" file="/home/anne12/proyectoCS/fprime/Fw/DataStructures/test/ut/ExternalStackTest.cpp" line="45" status="run" result="completed" time="0" timestamp="2026-05-05T19:25:14.256" classname="ExternalStack" />
    <testcase name="CopyAssignmentOperator" file="/home/anne12/proyectoCS/fprime/Fw/DataStructures/test/ut/ExternalStackTest.cpp" line="62" status="run" result="completed" time="0" timestamp="2026-05-05T19:25:14.256" classname="ExternalStack" />
    <testcase name="CopyDataFrom" file="/home/anne12/proyectoCS/fprime/Fw/DataStructures/test/ut/ExternalStackTest.cpp" line="78" status="run" result="completed" time="0.001" timestamp="2026-05-05T19:25:14.256" classname="ExternalStack" />
  </testsuite>
  <testsuite name="ExternalStackScenarios" tests="8" failures="0" disabled="0" skipped="0" errors="0" time="0.01" timestamp="2026-05-05T19:25:14.257">
    <testcase name="At" file="/home/anne12/proyectoCS/fprime/Fw/DataStructures/test/ut/ExternalStackTest.cpp" line="101" status="run" result="completed" time="0" timestamp="2026-05-05T19:25:14.257" classname="ExternalStackScenarios" />
    <testcase name="Clear" file="/home/anne12/proyectoCS/fprime/Fw/DataStructures/test/ut/ExternalStackTest.cpp" line="108" status="run" result="completed" time="0" timestamp="2026-05-05T19:25:14.257" classname="ExternalStackScenarios" />
    <testcase name="Peek" file="/home/anne12/proyectoCS/fprime/Fw/DataStructures/test/ut/ExternalStackTest.cpp" line="115" status="run" result="completed" time="0" timestamp="2026-05-05T19:25:14.258" classname="ExternalStackScenarios" />
    <testcase name="PopEmpty" file="/home/anne12/proyectoCS/fprime/Fw/DataStructures/test/ut/ExternalStackTest.cpp" line="122" status="run" result="completed" time="0" timestamp="2026-05-05T19:25:14.258" classname="ExternalStackScenarios" />
    <testcase name="PopOK" file="/home/anne12/proyectoCS/fprime/Fw/DataStructures/test/ut/ExternalStackTest.cpp" line="129" status="run" result="completed" time="0" timestamp="2026-05-05T19:25:14.258" classname="ExternalStackScenarios" />
    <testcase name="PushFull" file="/home/anne12/proyectoCS/fprime/Fw/DataStructures/test/ut/ExternalStackTest.cpp" line="136" status="run" result="completed" time="0" timestamp="2026-05-05T19:25:14.258" classname="ExternalStackScenarios" />
    <testcase name="PushOK" file="/home/anne12/proyectoCS/fprime/Fw/DataStructures/test/ut/ExternalStackTest.cpp" line="143" status="run" result="completed" time="0" timestamp="2026-05-05T19:25:14.259" classname="ExternalStackScenarios" />
    <testcase name="Random" file="/home/anne12/proyectoCS/fprime/Fw/DataStructures/test/ut/ExternalStackTest.cpp" line="150" status="run" result="completed" time="0.008" timestamp="2026-05-05T19:25:14.259" classname="ExternalStackScenarios" />
  </testsuite>
  <testsuite name="FifoQueue" tests="4" failures="0" disabled="0" skipped="0" errors="0" time="0.003" timestamp="2026-05-05T19:25:14.267">
    <testcase name="ZeroArgConstructor" file="/home/anne12/proyectoCS/fprime/Fw/DataStructures/test/ut/FifoQueueTest.cpp" line="30" status="run" result="completed" time="0" timestamp="2026-05-05T19:25:14.267" classname="FifoQueue" />
    <testcase name="CopyConstructor" file="/home/anne12/proyectoCS/fprime/Fw/DataStructures/test/ut/FifoQueueTest.cpp" line="36" status="run" result="completed" time="0" timestamp="2026-05-05T19:25:14.267" classname="FifoQueue" />
    <testcase name="CopyAssignmentOperator" file="/home/anne12/proyectoCS/fprime/Fw/DataStructures/test/ut/FifoQueueTest.cpp" line="49" status="run" result="completed" time="0" timestamp="2026-05-05T19:25:14.267" classname="FifoQueue" />
    <testcase name="CopyDataFrom" file="/home/anne12/proyectoCS/fprime/Fw/DataStructures/test/ut/FifoQueueTest.cpp" line="63" status="run" result="completed" time="0.003" timestamp="2026-05-05T19:25:14.268" classname="FifoQueue" />
  </testsuite>
  <testsuite name="FifoQueueTestScenarios" tests="7" failures="0" disabled="0" skipped="0" errors="0" time="0.001" timestamp="2026-05-05T19:25:14.271">
    <testcase name="At" file="/home/anne12/proyectoCS/fprime/Fw/DataStructures/test/ut/FifoQueueTest.cpp" line="84" status="run" result="completed" time="0" timestamp="2026-05-05T19:25:14.271" classname="FifoQueueTestScenarios" />
    <testcase name="Clear" file="/home/anne12/proyectoCS/fprime/Fw/DataStructures/test/ut/FifoQueueTest.cpp" line="90" status="run" result="completed" time="0" timestamp="2026-05-05T19:25:14.271" classname="FifoQueueTestScenarios" />
    <testcase name="DequeueEmpty" file="/home/anne12/proyectoCS/fprime/Fw/DataStructures/test/ut/FifoQueueTest.cpp" line="96" status="run" result="completed" time="0" timestamp="2026-05-05T19:25:14.271" classname="FifoQueueTestScenarios" />
    <testcase name="DequeueOK" file="/home/anne12/proyectoCS/fprime/Fw/DataStructures/test/ut/FifoQueueTest.cpp" line="102" status="run" result="completed" time="0" timestamp="2026-05-05T19:25:14.271" classname="FifoQueueTestScenarios" />
    <testcase name="EnqueueFull" file="/home/anne12/proyectoCS/fprime/Fw/DataStructures/test/ut/FifoQueueTest.cpp" line="108" status="run" result="completed" time="0" timestamp="2026-05-05T19:25:14.271" classname="FifoQueueTestScenarios" />
    <testcase name="EnqueueOK" file="/home/anne12/proyectoCS/fprime/Fw/DataStructures/test/ut/FifoQueueTest.cpp" line="114" status="run" result="completed" time="0" timestamp="2026-05-05T19:25:14.272" classname="FifoQueueTestScenarios" />
    <testcase name="Peek" file="/home/anne12/proyectoCS/fprime/Fw/DataStructures/test/ut/FifoQueueTest.cpp" line="120" status="run" result="completed" time="0" timestamp="2026-05-05T19:25:14.272" classname="FifoQueueTestScenarios" />
  </testsuite>
  <testsuite name="FifoQueueScenarios" tests="1" failures="0" disabled="0" skipped="0" errors="0" time="0.007" timestamp="2026-05-05T19:25:14.272">
    <testcase name="Random" file="/home/anne12/proyectoCS/fprime/Fw/DataStructures/test/ut/FifoQueueTest.cpp" line="128" status="run" result="completed" time="0.007" timestamp="2026-05-05T19:25:14.272" classname="FifoQueueScenarios" />
  </testsuite>
  <testsuite name="RedBlackTreeMap" tests="4" failures="0" disabled="0" skipped="0" errors="0" time="0.015" timestamp="2026-05-05T19:25:14.280">
    <testcase name="ZeroArgConstructor" file="/home/anne12/proyectoCS/fprime/Fw/DataStructures/test/ut/RedBlackTreeMapTest.cpp" line="45" status="run" result="completed" time="0" timestamp="2026-05-05T19:25:14.280" classname="RedBlackTreeMap" />
    <testcase name="CopyConstructor" file="/home/anne12/proyectoCS/fprime/Fw/DataStructures/test/ut/RedBlackTreeMapTest.cpp" line="51" status="run" result="completed" time="0" timestamp="2026-05-05T19:25:14.280" classname="RedBlackTreeMap" />
    <testcase name="CopyAssignmentOperator" file="/home/anne12/proyectoCS/fprime/Fw/DataStructures/test/ut/RedBlackTreeMapTest.cpp" line="63" status="run" result="completed" time="0" timestamp="2026-05-05T19:25:14.281" classname="RedBlackTreeMap" />
    <testcase name="CopyDataFrom" file="/home/anne12/proyectoCS/fprime/Fw/DataStructures/test/ut/RedBlackTreeMapTest.cpp" line="82" status="run" result="completed" time="0.014" timestamp="2026-05-05T19:25:14.281" classname="RedBlackTreeMap" />
  </testsuite>
  <testsuite name="RedBlackTreeMapScenarios" tests="9" failures="0" disabled="0" skipped="0" errors="0" time="0.032" timestamp="2026-05-05T19:25:14.296">
    <testcase name="Clear" file="/home/anne12/proyectoCS/fprime/Fw/DataStructures/test/ut/RedBlackTreeMapTest.cpp" line="103" status="run" result="completed" time="0" timestamp="2026-05-05T19:25:14.296" classname="RedBlackTreeMapScenarios" />
    <testcase name="Find" file="/home/anne12/proyectoCS/fprime/Fw/DataStructures/test/ut/RedBlackTreeMapTest.cpp" line="109" status="run" result="completed" time="0" timestamp="2026-05-05T19:25:14.296" classname="RedBlackTreeMapScenarios" />
    <testcase name="FindExisting" file="/home/anne12/proyectoCS/fprime/Fw/DataStructures/test/ut/RedBlackTreeMapTest.cpp" line="115" status="run" result="completed" time="0" timestamp="2026-05-05T19:25:14.296" classname="RedBlackTreeMapScenarios" />
    <testcase name="InsertExisting" file="/home/anne12/proyectoCS/fprime/Fw/DataStructures/test/ut/RedBlackTreeMapTest.cpp" line="121" status="run" result="completed" time="0" timestamp="2026-05-05T19:25:14.297" classname="RedBlackTreeMapScenarios" />
    <testcase name="InsertFull" file="/home/anne12/proyectoCS/fprime/Fw/DataStructures/test/ut/RedBlackTreeMapTest.cpp" line="127" status="run" result="completed" time="0.007" timestamp="2026-05-05T19:25:14.297" classname="RedBlackTreeMapScenarios" />
    <testcase name="InsertNotFull" file="/home/anne12/proyectoCS/fprime/Fw/DataStructures/test/ut/RedBlackTreeMapTest.cpp" line="133" status="run" result="completed" time="0" timestamp="2026-05-05T19:25:14.305" classname="RedBlackTreeMapScenarios" />
    <testcase name="Remove" file="/home/anne12/proyectoCS/fprime/Fw/DataStructures/test/ut/RedBlackTreeMapTest.cpp" line="139" status="run" result="completed" time="0" timestamp="2026-05-05T19:25:14.305" classname="RedBlackTreeMapScenarios" />
    <testcase name="RemoveExisting" file="/home/anne12/proyectoCS/fprime/Fw/DataStructures/test/ut/RedBlackTreeMapTest.cpp" line="145" status="run" result="completed" time="0" timestamp="2026-05-05T19:25:14.305" classname="RedBlackTreeMapScenarios" />
    <testcase name="Random" file="/home/anne12/proyectoCS/fprime/Fw/DataStructures/test/ut/RedBlackTreeMapTest.cpp" line="151" status="run" result="completed" time="0.022" timestamp="2026-05-05T19:25:14.306" classname="RedBlackTreeMapScenarios" />
  </testsuite>
  <testsuite name="RedBlackTreeSetOrMapImpl" tests="6" failures="0" disabled="0" skipped="0" errors="0" time="0.002" timestamp="2026-05-05T19:25:14.328">
    <testcase name="ZeroArgConstructor" file="/home/anne12/proyectoCS/fprime/Fw/DataStructures/test/ut/RedBlackTreeSetOrMapImplTest.cpp" line="23" status="run" result="completed" time="0" timestamp="2026-05-05T19:25:14.328" classname="RedBlackTreeSetOrMapImpl" />
    <testcase name="TypedStorageConstructor" file="/home/anne12/proyectoCS/fprime/Fw/DataStructures/test/ut/RedBlackTreeSetOrMapImplTest.cpp" line="29" status="run" result="completed" time="0" timestamp="2026-05-05T19:25:14.328" classname="RedBlackTreeSetOrMapImpl" />
    <testcase name="UntypedStorageConstructor" file="/home/anne12/proyectoCS/fprime/Fw/DataStructures/test/ut/RedBlackTreeSetOrMapImplTest.cpp" line="41" status="run" result="completed" time="0.001" timestamp="2026-05-05T19:25:14.329" classname="RedBlackTreeSetOrMapImpl" />
    <testcase name="CopyConstructor" file="/home/anne12/proyectoCS/fprime/Fw/DataStructures/test/ut/RedBlackTreeSetOrMapImplTest.cpp" line="52" status="run" result="completed" time="0" timestamp="2026-05-05T19:25:14.330" classname="RedBlackTreeSetOrMapImpl" />
    <testcase name="CopyAssignmentOperator" file="/home/anne12/proyectoCS/fprime/Fw/DataStructures/test/ut/RedBlackTreeSetOrMapImplTest.cpp" line="73" status="run" result="completed" time="0" timestamp="2026-05-05T19:25:14.331" classname="RedBlackTreeSetOrMapImpl" />
    <testcase name="IteratorComparison" file="/home/anne12/proyectoCS/fprime/Fw/DataStructures/test/ut/RedBlackTreeSetOrMapImplTest.cpp" line="96" status="run" result="completed" time="0" timestamp="2026-05-05T19:25:14.331" classname="RedBlackTreeSetOrMapImpl" />
  </testsuite>
  <testsuite name="RedBlackTreeSetOrMapImplScenarios" tests="17" failures="0" disabled="0" skipped="0" errors="0" time="0.961" timestamp="2026-05-05T19:25:14.331">
    <testcase name="Clear" file="/home/anne12/proyectoCS/fprime/Fw/DataStructures/test/ut/RedBlackTreeSetOrMapImplTest.cpp" line="103" status="run" result="completed" time="0" timestamp="2026-05-05T19:25:14.331" classname="RedBlackTreeSetOrMapImplScenarios" />
    <testcase name="Find" file="/home/anne12/proyectoCS/fprime/Fw/DataStructures/test/ut/RedBlackTreeSetOrMapImplTest.cpp" line="114" status="run" result="completed" time="0" timestamp="2026-05-05T19:25:14.331" classname="RedBlackTreeSetOrMapImplScenarios" />
    <testcase name="FindExisting" file="/home/anne12/proyectoCS/fprime/Fw/DataStructures/test/ut/RedBlackTreeSetOrMapImplTest.cpp" line="125" status="run" result="completed" time="0" timestamp="2026-05-05T19:25:14.332" classname="RedBlackTreeSetOrMapImplScenarios" />
    <testcase name="InsertExisting" file="/home/anne12/proyectoCS/fprime/Fw/DataStructures/test/ut/RedBlackTreeSetOrMapImplTest.cpp" line="134" status="run" result="completed" time="0" timestamp="2026-05-05T19:25:14.332" classname="RedBlackTreeSetOrMapImplScenarios" />
    <testcase name="InsertFull" file="/home/anne12/proyectoCS/fprime/Fw/DataStructures/test/ut/RedBlackTreeSetOrMapImplTest.cpp" line="143" status="run" result="completed" time="0.913" timestamp="2026-05-05T19:25:14.333" classname="RedBlackTreeSetOrMapImplScenarios" />
    <testcase name="InsertNotFull" file="/home/anne12/proyectoCS/fprime/Fw/DataStructures/test/ut/RedBlackTreeSetOrMapImplTest.cpp" line="157" status="run" result="completed" time="0.001" timestamp="2026-05-05T19:25:15.247" classname="RedBlackTreeSetOrMapImplScenarios" />
    <testcase name="RemoveRoot" file="/home/anne12/proyectoCS/fprime/Fw/DataStructures/test/ut/RedBlackTreeSetOrMapImplTest.cpp" line="171" status="run" result="completed" time="0" timestamp="2026-05-05T19:25:15.248" classname="RedBlackTreeSetOrMapImplScenarios" />
    <testcase name="RemoveRedLeaf" file="/home/anne12/proyectoCS/fprime/Fw/DataStructures/test/ut/RedBlackTreeSetOrMapImplTest.cpp" line="187" status="run" result="completed" time="0" timestamp="2026-05-05T19:25:15.248" classname="RedBlackTreeSetOrMapImplScenarios" />
    <testcase name="RemoveNodeWithOneChildAtRoot" file="/home/anne12/proyectoCS/fprime/Fw/DataStructures/test/ut/RedBlackTreeSetOrMapImplTest.cpp" line="205" status="run" result="completed" time="0" timestamp="2026-05-05T19:25:15.249" classname="RedBlackTreeSetOrMapImplScenarios" />
    <testcase name="RemoveNodeWithOneChildAwayFromRoot" file="/home/anne12/proyectoCS/fprime/Fw/DataStructures/test/ut/RedBlackTreeSetOrMapImplTest.cpp" line="225" status="run" result="completed" time="0" timestamp="2026-05-05T19:25:15.249" classname="RedBlackTreeSetOrMapImplScenarios" />
    <testcase name="RemoveNodeWithTwoChildren" file="/home/anne12/proyectoCS/fprime/Fw/DataStructures/test/ut/RedBlackTreeSetOrMapImplTest.cpp" line="245" status="run" result="completed" time="0" timestamp="2026-05-05T19:25:15.249" classname="RedBlackTreeSetOrMapImplScenarios" />
    <testcase name="RemoveBlackLeafWithRedDistantNephew" file="/home/anne12/proyectoCS/fprime/Fw/DataStructures/test/ut/RedBlackTreeSetOrMapImplTest.cpp" line="265" status="run" result="completed" time="0" timestamp="2026-05-05T19:25:15.250" classname="RedBlackTreeSetOrMapImplScenarios" />
    <testcase name="RemoveBlackLeafWithRedCloseNephew" file="/home/anne12/proyectoCS/fprime/Fw/DataStructures/test/ut/RedBlackTreeSetOrMapImplTest.cpp" line="285" status="run" result="completed" time="0.001" timestamp="2026-05-05T19:25:15.250" classname="RedBlackTreeSetOrMapImplScenarios" />
    <testcase name="RemoveBlackLeafWithRedParent" file="/home/anne12/proyectoCS/fprime/Fw/DataStructures/test/ut/RedBlackTreeSetOrMapImplTest.cpp" line="310" status="run" result="completed" time="0" timestamp="2026-05-05T19:25:15.251" classname="RedBlackTreeSetOrMapImplScenarios" />
    <testcase name="RemoveBlackLeafWithRedSibling" file="/home/anne12/proyectoCS/fprime/Fw/DataStructures/test/ut/RedBlackTreeSetOrMapImplTest.cpp" line="332" status="run" result="completed" time="0" timestamp="2026-05-05T19:25:15.252" classname="RedBlackTreeSetOrMapImplScenarios" />
    <testcase name="RemoveExisting" file="/home/anne12/proyectoCS/fprime/Fw/DataStructures/test/ut/RedBlackTreeSetOrMapImplTest.cpp" line="354" status="run" result="completed" time="0.009" timestamp="2026-05-05T19:25:15.252" classname="RedBlackTreeSetOrMapImplScenarios" />
    <testcase name="Random" file="/home/anne12/proyectoCS/fprime/Fw/DataStructures/test/ut/RedBlackTreeSetOrMapImplTest.cpp" line="371" status="run" result="completed" time="0.03" timestamp="2026-05-05T19:25:15.262" classname="RedBlackTreeSetOrMapImplScenarios" />
  </testsuite>
  <testsuite name="RedBlackTreeSet" tests="4" failures="0" disabled="0" skipped="0" errors="0" time="0.016" timestamp="2026-05-05T19:25:15.292">
    <testcase name="ZeroArgConstructor" file="/home/anne12/proyectoCS/fprime/Fw/DataStructures/test/ut/RedBlackTreeSetTest.cpp" line="45" status="run" result="completed" time="0" timestamp="2026-05-05T19:25:15.292" classname="RedBlackTreeSet" />
    <testcase name="CopyConstructor" file="/home/anne12/proyectoCS/fprime/Fw/DataStructures/test/ut/RedBlackTreeSetTest.cpp" line="51" status="run" result="completed" time="0" timestamp="2026-05-05T19:25:15.293" classname="RedBlackTreeSet" />
    <testcase name="CopyAssignmentOperator" file="/home/anne12/proyectoCS/fprime/Fw/DataStructures/test/ut/RedBlackTreeSetTest.cpp" line="62" status="run" result="completed" time="0" timestamp="2026-05-05T19:25:15.293" classname="RedBlackTreeSet" />
    <testcase name="CopyDataFrom" file="/home/anne12/proyectoCS/fprime/Fw/DataStructures/test/ut/RedBlackTreeSetTest.cpp" line="78" status="run" result="completed" time="0.014" timestamp="2026-05-05T19:25:15.293" classname="RedBlackTreeSet" />
  </testsuite>
  <testsuite name="RedBlackTreeSetScenarios" tests="9" failures="0" disabled="0" skipped="0" errors="0" time="0.057" timestamp="2026-05-05T19:25:15.308">
    <testcase name="Clear" file="/home/anne12/proyectoCS/fprime/Fw/DataStructures/test/ut/RedBlackTreeSetTest.cpp" line="99" status="run" result="completed" time="0" timestamp="2026-05-05T19:25:15.308" classname="RedBlackTreeSetScenarios" />
    <testcase name="Find" file="/home/anne12/proyectoCS/fprime/Fw/DataStructures/test/ut/RedBlackTreeSetTest.cpp" line="105" status="run" result="completed" time="0" timestamp="2026-05-05T19:25:15.309" classname="RedBlackTreeSetScenarios" />
    <testcase name="FindExisting" file="/home/anne12/proyectoCS/fprime/Fw/DataStructures/test/ut/RedBlackTreeSetTest.cpp" line="111" status="run" result="completed" time="0" timestamp="2026-05-05T19:25:15.309" classname="RedBlackTreeSetScenarios" />
    <testcase name="InsertExisting" file="/home/anne12/proyectoCS/fprime/Fw/DataStructures/test/ut/RedBlackTreeSetTest.cpp" line="117" status="run" result="completed" time="0" timestamp="2026-05-05T19:25:15.310" classname="RedBlackTreeSetScenarios" />
    <testcase name="InsertFull" file="/home/anne12/proyectoCS/fprime/Fw/DataStructures/test/ut/RedBlackTreeSetTest.cpp" line="123" status="run" result="completed" time="0.016" timestamp="2026-05-05T19:25:15.310" classname="RedBlackTreeSetScenarios" />
    <testcase name="InsertNotFull" file="/home/anne12/proyectoCS/fprime/Fw/DataStructures/test/ut/RedBlackTreeSetTest.cpp" line="129" status="run" result="completed" time="0" timestamp="2026-05-05T19:25:15.327" classname="RedBlackTreeSetScenarios" />
    <testcase name="Remove" file="/home/anne12/proyectoCS/fprime/Fw/DataStructures/test/ut/RedBlackTreeSetTest.cpp" line="135" status="run" result="completed" time="0" timestamp="2026-05-05T19:25:15.328" classname="RedBlackTreeSetScenarios" />
    <testcase name="RemoveExisting" file="/home/anne12/proyectoCS/fprime/Fw/DataStructures/test/ut/RedBlackTreeSetTest.cpp" line="141" status="run" result="completed" time="0" timestamp="2026-05-05T19:25:15.328" classname="RedBlackTreeSetScenarios" />
    <testcase name="Random" file="/home/anne12/proyectoCS/fprime/Fw/DataStructures/test/ut/RedBlackTreeSetTest.cpp" line="147" status="run" result="completed" time="0.037" timestamp="2026-05-05T19:25:15.328" classname="RedBlackTreeSetScenarios" />
  </testsuite>
  <testsuite name="Stack" tests="4" failures="0" disabled="0" skipped="0" errors="0" time="0.002" timestamp="2026-05-05T19:25:15.366">
    <testcase name="ZeroArgConstructor" file="/home/anne12/proyectoCS/fprime/Fw/DataStructures/test/ut/StackTest.cpp" line="31" status="run" result="completed" time="0" timestamp="2026-05-05T19:25:15.366" classname="Stack" />
    <testcase name="CopyConstructor" file="/home/anne12/proyectoCS/fprime/Fw/DataStructures/test/ut/StackTest.cpp" line="37" status="run" result="completed" time="0" timestamp="2026-05-05T19:25:15.366" classname="Stack" />
    <testcase name="CopyAssignmentOperator" file="/home/anne12/proyectoCS/fprime/Fw/DataStructures/test/ut/StackTest.cpp" line="50" status="run" result="completed" time="0" timestamp="2026-05-05T19:25:15.366" classname="Stack" />
    <testcase name="CopyDataFrom" file="/home/anne12/proyectoCS/fprime/Fw/DataStructures/test/ut/StackTest.cpp" line="65" status="run" result="completed" time="0.001" timestamp="2026-05-05T19:25:15.367" classname="Stack" />
  </testsuite>
  <testsuite name="StackScenarios" tests="8" failures="0" disabled="0" skipped="0" errors="0" time="0.011" timestamp="2026-05-05T19:25:15.368">
    <testcase name="At" file="/home/anne12/proyectoCS/fprime/Fw/DataStructures/test/ut/StackTest.cpp" line="86" status="run" result="completed" time="0" timestamp="2026-05-05T19:25:15.368" classname="StackScenarios" />
    <testcase name="Clear" file="/home/anne12/proyectoCS/fprime/Fw/DataStructures/test/ut/StackTest.cpp" line="92" status="run" result="completed" time="0" timestamp="2026-05-05T19:25:15.369" classname="StackScenarios" />
    <testcase name="Peek" file="/home/anne12/proyectoCS/fprime/Fw/DataStructures/test/ut/StackTest.cpp" line="98" status="run" result="completed" time="0" timestamp="2026-05-05T19:25:15.369" classname="StackScenarios" />
    <testcase name="PopEmpty" file="/home/anne12/proyectoCS/fprime/Fw/DataStructures/test/ut/StackTest.cpp" line="104" status="run" result="completed" time="0" timestamp="2026-05-05T19:25:15.369" classname="StackScenarios" />
    <testcase name="PopOK" file="/home/anne12/proyectoCS/fprime/Fw/DataStructures/test/ut/StackTest.cpp" line="110" status="run" result="completed" time="0" timestamp="2026-05-05T19:25:15.369" classname="StackScenarios" />
    <testcase name="PushFull" file="/home/anne12/proyectoCS/fprime/Fw/DataStructures/test/ut/StackTest.cpp" line="116" status="run" result="completed" time="0" timestamp="2026-05-05T19:25:15.369" classname="StackScenarios" />
    <testcase name="PushOK" file="/home/anne12/proyectoCS/fprime/Fw/DataStructures/test/ut/StackTest.cpp" line="122" status="run" result="completed" time="0" timestamp="2026-05-05T19:25:15.370" classname="StackScenarios" />
    <testcase name="Random" file="/home/anne12/proyectoCS/fprime/Fw/DataStructures/test/ut/StackTest.cpp" line="128" status="run" result="completed" time="0.009" timestamp="2026-05-05T19:25:15.370" classname="StackScenarios" />
  </testsuite>
</testsuites>
