<?xml version="1.0" encoding="UTF-8"?>
<testsuites tests="10" failures="0" disabled="0" errors="0" time="0.016" timestamp="2026-05-05T19:26:14.066" name="AllTests">
  <testsuite name="Nominal" tests="8" failures="0" disabled="0" skipped="0" errors="0" time="0.009" timestamp="2026-05-05T19:26:14.066">
    <testcase name="Initial" file="/home/anne12/proyectoCS/fprime/Svc/ComAggregator/test/ut/ComAggregatorTestMain.cpp" line="10" status="run" result="completed" time="0.001" timestamp="2026-05-05T19:26:14.066" classname="Nominal" />
    <testcase name="Fill" file="/home/anne12/proyectoCS/fprime/Svc/ComAggregator/test/ut/ComAggregatorTestMain.cpp" line="15" status="run" result="completed" time="0" timestamp="2026-05-05T19:26:14.067" classname="Nominal" />
    <testcase name="MultiFill" file="/home/anne12/proyectoCS/fprime/Svc/ComAggregator/test/ut/ComAggregatorTestMain.cpp" line="21" status="run" result="completed" time="0" timestamp="2026-05-05T19:26:14.068" classname="Nominal" />
    <testcase name="Full" file="/home/anne12/proyectoCS/fprime/Svc/ComAggregator/test/ut/ComAggregatorTestMain.cpp" line="27" status="run" result="completed" time="0.001" timestamp="2026-05-05T19:26:14.069" classname="Nominal" />
    <testcase name="ExactlyFull" file="/home/anne12/proyectoCS/fprime/Svc/ComAggregator/test/ut/ComAggregatorTestMain.cpp" line="34" status="run" result="completed" time="0" timestamp="2026-05-05T19:26:14.070" classname="Nominal" />
    <testcase name="Timeout" file="/home/anne12/proyectoCS/fprime/Svc/ComAggregator/test/ut/ComAggregatorTestMain.cpp" line="41" status="run" result="completed" time="0" timestamp="2026-05-05T19:26:14.071" classname="Nominal" />
    <testcase name="HoldWhileWaiting" file="/home/anne12/proyectoCS/fprime/Svc/ComAggregator/test/ut/ComAggregatorTestMain.cpp" line="66" status="run" result="completed" time="0" timestamp="2026-05-05T19:26:14.072" classname="Nominal" />
    <testcase name="Clear" file="/home/anne12/proyectoCS/fprime/Svc/ComAggregator/test/ut/ComAggregatorTestMain.cpp" line="73" status="run" result="completed" time="0.002" timestamp="2026-05-05T19:26:14.073" classname="Nominal" />
  </testsuite>
  <testsuite name="OffNominal" tests="2" failures="0" disabled="0" skipped="0" errors="0" time="0.006" timestamp="2026-05-05T19:26:14.075">
    <testcase name="TimeoutEmpty" file="/home/anne12/proyectoCS/fprime/Svc/ComAggregator/test/ut/ComAggregatorTestMain.cpp" line="48" status="run" result="completed" time="0" timestamp="2026-05-05T19:26:14.075" classname="OffNominal" />
    <testcase name="TimeoutOverflowPrevention" file="/home/anne12/proyectoCS/fprime/Svc/ComAggregator/test/ut/ComAggregatorTestMain.cpp" line="56" status="run" result="completed" time="0.005" timestamp="2026-05-05T19:26:14.076" classname="OffNominal" />
  </testsuite>
</testsuites>
