<?xml version="1.0" encoding="UTF-8"?>
<testsuites tests="3" failures="0" disabled="0" errors="0" time="0.077" timestamp="2026-05-05T19:26:13.957" name="AllTests">
  <testsuite name="ApidManager" tests="3" failures="0" disabled="0" skipped="0" errors="0" time="0.077" timestamp="2026-05-05T19:26:13.957">
    <testcase name="GetSequenceCounts" file="/home/anne12/proyectoCS/fprime/Svc/Ccsds/ApidManager/test/ut/ApidManagerTestMain.cpp" line="11" status="run" result="completed" time="0.001" timestamp="2026-05-05T19:26:13.957" classname="ApidManager" />
    <testcase name="ValidateSequenceCounts" file="/home/anne12/proyectoCS/fprime/Svc/Ccsds/ApidManager/test/ut/ApidManagerTestMain.cpp" line="19" status="run" result="completed" time="0" timestamp="2026-05-05T19:26:13.958" classname="ApidManager" />
    <testcase name="RandomizedTesting" file="/home/anne12/proyectoCS/fprime/Svc/Ccsds/ApidManager/test/ut/ApidManagerTestMain.cpp" line="28" status="run" result="completed" time="0.075" timestamp="2026-05-05T19:26:13.959" classname="ApidManager" />
  </testsuite>
</testsuites>
