<?xml version="1.0" encoding="UTF-8"?>
<testsuites tests="8" failures="0" disabled="0" errors="0" time="0.072" timestamp="2026-05-05T19:26:57.973" name="AllTests">
  <testsuite name="Nominal" tests="2" failures="0" disabled="0" skipped="0" errors="0" time="0.024" timestamp="2026-05-05T19:26:57.975">
    <testcase name="TestNominalUdp" file="/home/anne12/proyectoCS/fprime/Drv/Ip/test/ut/TestUdp.cpp" line="78" status="run" result="completed" time="0" timestamp="2026-05-05T19:26:57.975" classname="Nominal" />
    <testcase name="TestMultipleUdp" file="/home/anne12/proyectoCS/fprime/Drv/Ip/test/ut/TestUdp.cpp" line="82" status="run" result="completed" time="0.023" timestamp="2026-05-05T19:26:57.976" classname="Nominal" />
  </testsuite>
  <testsuite name="SingleSide" tests="4" failures="0" disabled="0" skipped="0" errors="0" time="0.035" timestamp="2026-05-05T19:26:58.000">
    <testcase name="TestSingleSideReceiveUdp" file="/home/anne12/proyectoCS/fprime/Drv/Ip/test/ut/TestUdp.cpp" line="86" status="run" result="completed" time="0" timestamp="2026-05-05T19:26:58.000" classname="SingleSide" />
    <testcase name="TestSingleSideMultipleReceiveUdp" file="/home/anne12/proyectoCS/fprime/Drv/Ip/test/ut/TestUdp.cpp" line="90" status="run" result="completed" time="0.023" timestamp="2026-05-05T19:26:58.000" classname="SingleSide" />
    <testcase name="TestSingleSideSendUdp" file="/home/anne12/proyectoCS/fprime/Drv/Ip/test/ut/TestUdp.cpp" line="94" status="run" result="completed" time="0" timestamp="2026-05-05T19:26:58.024" classname="SingleSide" />
    <testcase name="TestSingleSideMultipleSendUdp" file="/home/anne12/proyectoCS/fprime/Drv/Ip/test/ut/TestUdp.cpp" line="140" status="run" result="completed" time="0.01" timestamp="2026-05-05T19:26:58.024" classname="SingleSide" />
  </testsuite>
  <testsuite name="UdpZeroLength" tests="1" failures="0" disabled="0" skipped="0" errors="0" time="0.01" timestamp="2026-05-05T19:26:58.035">
    <testcase name="TestZeroLengthUdpDatagram" file="/home/anne12/proyectoCS/fprime/Drv/Ip/test/ut/TestUdp.cpp" line="98" status="run" result="completed" time="0.01" timestamp="2026-05-05T19:26:58.035" classname="UdpZeroLength" />
  </testsuite>
  <testsuite name="Ephemeral" tests="1" failures="0" disabled="0" skipped="0" errors="0" time="0" timestamp="2026-05-05T19:26:58.045">
    <testcase name="TestEphemeralPorts" file="/home/anne12/proyectoCS/fprime/Drv/Ip/test/ut/TestUdp.cpp" line="144" status="run" result="completed" time="0" timestamp="2026-05-05T19:26:58.045" classname="Ephemeral" />
  </testsuite>
</testsuites>
