<?xml version="1.0" encoding="UTF-8"?>
<testsuites tests="2" failures="0" disabled="0" errors="0" time="0.006" timestamp="2026-05-05T19:25:58.017" name="AllTests">
  <testsuite name="Nominal" tests="1" failures="0" disabled="0" skipped="0" errors="0" time="0.003" timestamp="2026-05-05T19:25:58.018">
    <testcase name="Telemetry" file="/home/anne12/proyectoCS/fprime/Svc/SystemResources/test/ut/SystemResourcesTestMain.cpp" line="7" status="run" result="completed" time="0.003" timestamp="2026-05-05T19:25:58.018" classname="Nominal" />
  </testsuite>
  <testsuite name="OffNominal" tests="1" failures="0" disabled="0" skipped="0" errors="0" time="0.002" timestamp="2026-05-05T19:25:58.022">
    <testcase name="Disabled" file="/home/anne12/proyectoCS/fprime/Svc/SystemResources/test/ut/SystemResourcesTestMain.cpp" line="12" status="run" result="completed" time="0.002" timestamp="2026-05-05T19:25:58.022" classname="OffNominal" />
  </testsuite>
</testsuites>
