<?xml version="1.0" encoding="UTF-8"?>
<testsuites tests="13" failures="0" disabled="0" errors="0" time="1.504" timestamp="2026-05-05T19:25:15.567" name="AllTests">
  <testsuite name="TimeTestNominal" tests="7" failures="0" disabled="0" skipped="0" errors="0" time="1.502" timestamp="2026-05-05T19:25:15.567">
    <testcase name="InstantiateTest" file="/home/anne12/proyectoCS/fprime/Fw/Time/test/ut/TimeTestMain.cpp" line="13" status="run" result="completed" time="0" timestamp="2026-05-05T19:25:15.568" classname="TimeTestNominal" />
    <testcase name="InstantiateFromFloatTest" file="/home/anne12/proyectoCS/fprime/Fw/Time/test/ut/TimeTestMain.cpp" line="18" status="run" result="completed" time="0" timestamp="2026-05-05T19:25:15.568" classname="TimeTestNominal" />
    <testcase name="MathTest" file="/home/anne12/proyectoCS/fprime/Fw/Time/test/ut/TimeTestMain.cpp" line="23" status="run" result="completed" time="0" timestamp="2026-05-05T19:25:15.568" classname="TimeTestNominal" />
    <testcase name="FloatOperationsTest" file="/home/anne12/proyectoCS/fprime/Fw/Time/test/ut/TimeTestMain.cpp" line="28" status="run" result="completed" time="1.501" timestamp="2026-05-05T19:25:15.568" classname="TimeTestNominal" />
    <testcase name="CopyTest" file="/home/anne12/proyectoCS/fprime/Fw/Time/test/ut/TimeTestMain.cpp" line="33" status="run" result="completed" time="0" timestamp="2026-05-05T19:25:17.070" classname="TimeTestNominal" />
    <testcase name="ZeroTimeEquality" file="/home/anne12/proyectoCS/fprime/Fw/Time/test/ut/TimeTestMain.cpp" line="38" status="run" result="completed" time="0" timestamp="2026-05-05T19:25:17.070" classname="TimeTestNominal" />
    <testcase name="TimeToTimeValue" file="/home/anne12/proyectoCS/fprime/Fw/Time/test/ut/TimeTestMain.cpp" line="43" status="run" result="completed" time="0" timestamp="2026-05-05T19:25:17.070" classname="TimeTestNominal" />
  </testsuite>
  <testsuite name="TimeIntervalTestNominal" tests="6" failures="0" disabled="0" skipped="0" errors="0" time="0" timestamp="2026-05-05T19:25:17.071">
    <testcase name="test_TimeIntervalInstantiateTest" file="/home/anne12/proyectoCS/fprime/Fw/Time/test/ut/TimeTestMain.cpp" line="49" status="run" result="completed" time="0" timestamp="2026-05-05T19:25:17.071" classname="TimeIntervalTestNominal" />
    <testcase name="test_TimeIntervalComparisonTest" file="/home/anne12/proyectoCS/fprime/Fw/Time/test/ut/TimeTestMain.cpp" line="54" status="run" result="completed" time="0" timestamp="2026-05-05T19:25:17.071" classname="TimeIntervalTestNominal" />
    <testcase name="test_TimeIntervalCompareStaticTest" file="/home/anne12/proyectoCS/fprime/Fw/Time/test/ut/TimeTestMain.cpp" line="59" status="run" result="completed" time="0" timestamp="2026-05-05T19:25:17.071" classname="TimeIntervalTestNominal" />
    <testcase name="test_TimeIntervalAdditionTest" file="/home/anne12/proyectoCS/fprime/Fw/Time/test/ut/TimeTestMain.cpp" line="64" status="run" result="completed" time="0" timestamp="2026-05-05T19:25:17.071" classname="TimeIntervalTestNominal" />
    <testcase name="test_TimeIntervalSubtractionTest" file="/home/anne12/proyectoCS/fprime/Fw/Time/test/ut/TimeTestMain.cpp" line="69" status="run" result="completed" time="0" timestamp="2026-05-05T19:25:17.071" classname="TimeIntervalTestNominal" />
    <testcase name="test_TimeIntervalToTimeIntervalValue" file="/home/anne12/proyectoCS/fprime/Fw/Time/test/ut/TimeTestMain.cpp" line="74" status="run" result="completed" time="0" timestamp="2026-05-05T19:25:17.071" classname="TimeIntervalTestNominal" />
  </testsuite>
</testsuites>
