<?xml version="1.0" encoding="UTF-8"?>
<testsuites tests="3" failures="0" disabled="0" errors="0" time="0.002" timestamp="2026-05-05T19:25:54.153" name="AllTests">
  <testsuite name="Nominal" tests="3" failures="0" disabled="0" skipped="0" errors="0" time="0.002" timestamp="2026-05-05T19:25:54.153">
    <testcase name="testComStatusPassThrough" file="/home/anne12/proyectoCS/fprime/Svc/FprimeFramer/test/ut/FprimeFramerTestMain.cpp" line="9" status="run" result="completed" time="0.001" timestamp="2026-05-05T19:25:54.153" classname="Nominal" />
    <testcase name="testFrameDeallocation" file="/home/anne12/proyectoCS/fprime/Svc/FprimeFramer/test/ut/FprimeFramerTestMain.cpp" line="14" status="run" result="completed" time="0" timestamp="2026-05-05T19:25:54.154" classname="Nominal" />
    <testcase name="testNominalFraming" file="/home/anne12/proyectoCS/fprime/Svc/FprimeFramer/test/ut/FprimeFramerTestMain.cpp" line="19" status="run" result="completed" time="0" timestamp="2026-05-05T19:25:54.155" classname="Nominal" />
  </testsuite>
</testsuites>
