<?xml version="1.0" encoding="UTF-8"?>
<testsuites tests="7" failures="0" disabled="0" errors="0" time="0.696" timestamp="2026-05-05T19:27:00.680" name="AllTests">
  <testsuite name="Nominal" tests="3" failures="0" disabled="0" skipped="0" errors="0" time="0.108" timestamp="2026-05-05T19:27:00.681">
    <testcase name="UdpBasicMessaging" file="/home/anne12/proyectoCS/fprime/Drv/Udp/test/ut/UdpTestMain.cpp" line="7" status="run" result="completed" time="0.003" timestamp="2026-05-05T19:27:00.681" classname="Nominal" />
    <testcase name="UdpBasicUnidirectionalMessaging" file="/home/anne12/proyectoCS/fprime/Drv/Udp/test/ut/UdpTestMain.cpp" line="12" status="run" result="completed" time="0" timestamp="2026-05-05T19:27:00.684" classname="Nominal" />
    <testcase name="UdpBasicReceiveThread" file="/home/anne12/proyectoCS/fprime/Drv/Udp/test/ut/UdpTestMain.cpp" line="17" status="run" result="completed" time="0.104" timestamp="2026-05-05T19:27:00.685" classname="Nominal" />
  </testsuite>
  <testsuite name="Reconnect" tests="4" failures="0" disabled="0" skipped="0" errors="0" time="0.586" timestamp="2026-05-05T19:27:00.790">
    <testcase name="UdpMultiMessaging" file="/home/anne12/proyectoCS/fprime/Drv/Udp/test/ut/UdpTestMain.cpp" line="22" status="run" result="completed" time="0.014" timestamp="2026-05-05T19:27:00.790" classname="Reconnect" />
    <testcase name="UdpMultiUnidirectionalMessaging" file="/home/anne12/proyectoCS/fprime/Drv/Udp/test/ut/UdpTestMain.cpp" line="27" status="run" result="completed" time="0.009" timestamp="2026-05-05T19:27:00.804" classname="Reconnect" />
    <testcase name="UdpReceiveThreadReconnect" file="/home/anne12/proyectoCS/fprime/Drv/Udp/test/ut/UdpTestMain.cpp" line="32" status="run" result="completed" time="0.56" timestamp="2026-05-05T19:27:00.814" classname="Reconnect" />
    <testcase name="UdpBufferDeallocation" file="/home/anne12/proyectoCS/fprime/Drv/Udp/test/ut/UdpTestMain.cpp" line="37" status="run" result="completed" time="0.001" timestamp="2026-05-05T19:27:01.375" classname="Reconnect" />
  </testsuite>
</testsuites>
