<?xml version="1.0" encoding="UTF-8"?>
<testsuites tests="1" failures="0" disabled="0" errors="0" time="0.005" timestamp="2026-05-05T19:25:57.794" name="AllTests">
  <testsuite name="RateGroupDriverTest" tests="1" failures="0" disabled="0" skipped="0" errors="0" time="0.004" timestamp="2026-05-05T19:25:57.795">
    <testcase name="NominalSchedule" file="/home/anne12/proyectoCS/fprime/Svc/RateGroupDriver/test/ut/RateGroupDriverTester.cpp" line="31" status="run" result="completed" time="0.003" timestamp="2026-05-05T19:25:57.795" classname="RateGroupDriverTest" />
  </testsuite>
</testsuites>
