<?xml version="1.0" encoding="UTF-8"?>
<testsuites tests="1" failures="0" disabled="0" errors="0" time="0.001" timestamp="2026-05-05T19:25:19.167" name="AllTests">
  <testsuite name="Nominal" tests="1" failures="0" disabled="0" skipped="0" errors="0" time="0.001" timestamp="2026-05-05T19:25:19.167">
    <testcase name="NominalInit" file="/home/anne12/proyectoCS/fprime/Svc/AssertFatalAdapter/test/ut/main.cpp" line="3" status="run" result="completed" time="0.001" timestamp="2026-05-05T19:25:19.167" classname="Nominal" />
  </testsuite>
</testsuites>
