<?xml version="1.0" encoding="UTF-8"?>
<testsuites tests="4" failures="0" disabled="0" errors="0" time="0.004" timestamp="2026-05-05T19:25:19.547" name="AllTests">
  <testsuite name="Nominal" tests="1" failures="0" disabled="0" skipped="0" errors="0" time="0.003" timestamp="2026-05-05T19:25:19.548">
    <testcase name="TestRepeater" file="/home/anne12/proyectoCS/fprime/Svc/BufferRepeater/test/ut/BufferRepeaterTestMain.cpp" line="7" status="run" result="completed" time="0.003" timestamp="2026-05-05T19:25:19.548" classname="Nominal" />
  </testsuite>
  <testsuite name="OffNominal" tests="3" failures="0" disabled="0" skipped="0" errors="0" time="0.001" timestamp="2026-05-05T19:25:19.551">
    <testcase name="NoMemoryResponse" file="/home/anne12/proyectoCS/fprime/Svc/BufferRepeater/test/ut/BufferRepeaterTestMain.cpp" line="12" status="run" result="completed" time="0" timestamp="2026-05-05T19:25:19.551" classname="OffNominal" />
    <testcase name="WarningMemoryResponse" file="/home/anne12/proyectoCS/fprime/Svc/BufferRepeater/test/ut/BufferRepeaterTestMain.cpp" line="17" status="run" result="completed" time="0" timestamp="2026-05-05T19:25:19.551" classname="OffNominal" />
    <testcase name="FatalMemoryResponse" file="/home/anne12/proyectoCS/fprime/Svc/BufferRepeater/test/ut/BufferRepeaterTestMain.cpp" line="22" status="run" result="completed" time="0" timestamp="2026-05-05T19:25:19.552" classname="OffNominal" />
  </testsuite>
</testsuites>
