<?xml version="1.0" encoding="UTF-8"?>
<testsuites tests="1" failures="0" disabled="0" errors="0" time="0.002" timestamp="2026-05-05T19:25:15.478" name="AllTests">
  <testsuite name="FwLogTest" tests="1" failures="0" disabled="0" skipped="0" errors="0" time="0" timestamp="2026-05-05T19:25:15.478">
    <testcase name="LogPacketSerialize" file="/home/anne12/proyectoCS/fprime/Fw/Log/test/ut/LogTest.cpp" line="6" status="run" result="completed" time="0" timestamp="2026-05-05T19:25:15.478" classname="FwLogTest" />
  </testsuite>
</testsuites>
