<?xml version="1.0" encoding="UTF-8"?>
<testsuites tests="3" failures="0" disabled="0" errors="0" time="0.002" timestamp="2026-05-05T19:26:12.460" name="AllTests">
  <testsuite name="SpacePacketFramer" tests="3" failures="0" disabled="0" skipped="0" errors="0" time="0.002" timestamp="2026-05-05T19:26:12.461">
    <testcase name="testComStatusPassthrough" file="/home/anne12/proyectoCS/fprime/Svc/Ccsds/SpacePacketFramer/test/ut/SpacePacketFramerTestMain.cpp" line="9" status="run" result="completed" time="0.001" timestamp="2026-05-05T19:26:12.461" classname="SpacePacketFramer" />
    <testcase name="testDataReturnPassthrough" file="/home/anne12/proyectoCS/fprime/Svc/Ccsds/SpacePacketFramer/test/ut/SpacePacketFramerTestMain.cpp" line="14" status="run" result="completed" time="0" timestamp="2026-05-05T19:26:12.462" classname="SpacePacketFramer" />
    <testcase name="testNominalFraming" file="/home/anne12/proyectoCS/fprime/Svc/Ccsds/SpacePacketFramer/test/ut/SpacePacketFramerTestMain.cpp" line="19" status="run" result="completed" time="0" timestamp="2026-05-05T19:26:12.463" classname="SpacePacketFramer" />
  </testsuite>
</testsuites>
