<?xml version="1.0" encoding="UTF-8"?>
<testsuites tests="8" failures="0" disabled="0" errors="0" time="0.279" timestamp="2026-05-05T19:25:18.785" name="AllTests">
  <testsuite name="Nominal" tests="3" failures="0" disabled="0" skipped="0" errors="0" time="0.116" timestamp="2026-05-05T19:25:18.786">
    <testcase name="SingleChild" file="/home/anne12/proyectoCS/fprime/Svc/ActivePhaser/test/ut/ActivePhaserTestMain.cpp" line="11" status="run" result="completed" time="0.045" timestamp="2026-05-05T19:25:18.786" classname="Nominal" />
    <testcase name="MultipleChildren" file="/home/anne12/proyectoCS/fprime/Svc/ActivePhaser/test/ut/ActivePhaserTestMain.cpp" line="16" status="run" result="completed" time="0.039" timestamp="2026-05-05T19:25:18.831" classname="Nominal" />
    <testcase name="UnrulyChildren" file="/home/anne12/proyectoCS/fprime/Svc/ActivePhaser/test/ut/ActivePhaserTestMain.cpp" line="21" status="run" result="completed" time="0.031" timestamp="2026-05-05T19:25:18.870" classname="Nominal" />
  </testsuite>
  <testsuite name="Lethargic" tests="3" failures="0" disabled="0" skipped="0" errors="0" time="0.094" timestamp="2026-05-05T19:25:18.902">
    <testcase name="SingleChild" file="/home/anne12/proyectoCS/fprime/Svc/ActivePhaser/test/ut/ActivePhaserTestMain.cpp" line="26" status="run" result="completed" time="0.038" timestamp="2026-05-05T19:25:18.902" classname="Lethargic" />
    <testcase name="MultipleChildren" file="/home/anne12/proyectoCS/fprime/Svc/ActivePhaser/test/ut/ActivePhaserTestMain.cpp" line="31" status="run" result="completed" time="0.027" timestamp="2026-05-05T19:25:18.940" classname="Lethargic" />
    <testcase name="MultipleNonInitialChildren" file="/home/anne12/proyectoCS/fprime/Svc/ActivePhaser/test/ut/ActivePhaserTestMain.cpp" line="36" status="run" result="completed" time="0.029" timestamp="2026-05-05T19:25:18.968" classname="Lethargic" />
  </testsuite>
  <testsuite name="Stress" tests="2" failures="0" disabled="0" skipped="0" errors="0" time="0.068" timestamp="2026-05-05T19:25:18.997">
    <testcase name="YiWan" file="/home/anne12/proyectoCS/fprime/Svc/ActivePhaser/test/ut/ActivePhaserTestMain.cpp" line="41" status="run" result="completed" time="0.027" timestamp="2026-05-05T19:25:18.997" classname="Stress" />
    <testcase name="Rollover" file="/home/anne12/proyectoCS/fprime/Svc/ActivePhaser/test/ut/ActivePhaserTestMain.cpp" line="46" status="run" result="completed" time="0.04" timestamp="2026-05-05T19:25:19.025" classname="Stress" />
  </testsuite>
</testsuites>
