<?xml version="1.0" encoding="UTF-8"?>
<testsuites tests="15" failures="0" disabled="0" errors="0" time="0.356" timestamp="2026-05-05T19:25:53.168" name="AllTests">
  <testsuite name="BufferSendIn" tests="8" failures="0" disabled="0" skipped="0" errors="0" time="0.006" timestamp="2026-05-05T19:25:53.168">
    <testcase name="BufferTooSmallForData" file="/home/anne12/proyectoCS/fprime/Svc/DpWriter/test/ut/DpWriterTestMain.cpp" line="14" status="run" result="completed" time="0.001" timestamp="2026-05-05T19:25:53.168" classname="BufferSendIn" />
    <testcase name="BufferTooSmallForPacket" file="/home/anne12/proyectoCS/fprime/Svc/DpWriter/test/ut/DpWriterTestMain.cpp" line="21" status="run" result="completed" time="0" timestamp="2026-05-05T19:25:53.170" classname="BufferSendIn" />
    <testcase name="FileOpenError" file="/home/anne12/proyectoCS/fprime/Svc/DpWriter/test/ut/DpWriterTestMain.cpp" line="28" status="run" result="completed" time="0" timestamp="2026-05-05T19:25:53.170" classname="BufferSendIn" />
    <testcase name="FileWriteError" file="/home/anne12/proyectoCS/fprime/Svc/DpWriter/test/ut/DpWriterTestMain.cpp" line="35" status="run" result="completed" time="0" timestamp="2026-05-05T19:25:53.171" classname="BufferSendIn" />
    <testcase name="InvalidBuffer" file="/home/anne12/proyectoCS/fprime/Svc/DpWriter/test/ut/DpWriterTestMain.cpp" line="42" status="run" result="completed" time="0" timestamp="2026-05-05T19:25:53.172" classname="BufferSendIn" />
    <testcase name="InvalidHeader" file="/home/anne12/proyectoCS/fprime/Svc/DpWriter/test/ut/DpWriterTestMain.cpp" line="49" status="run" result="completed" time="0" timestamp="2026-05-05T19:25:53.173" classname="BufferSendIn" />
    <testcase name="InvalidHeaderHash" file="/home/anne12/proyectoCS/fprime/Svc/DpWriter/test/ut/DpWriterTestMain.cpp" line="56" status="run" result="completed" time="0" timestamp="2026-05-05T19:25:53.173" classname="BufferSendIn" />
    <testcase name="OK" file="/home/anne12/proyectoCS/fprime/Svc/DpWriter/test/ut/DpWriterTestMain.cpp" line="63" status="run" result="completed" time="0" timestamp="2026-05-05T19:25:53.174" classname="BufferSendIn" />
  </testsuite>
  <testsuite name="CLEAR_EVENT_THROTTLE" tests="1" failures="0" disabled="0" skipped="0" errors="0" time="0" timestamp="2026-05-05T19:25:53.175">
    <testcase name="OK" file="/home/anne12/proyectoCS/fprime/Svc/DpWriter/test/ut/DpWriterTestMain.cpp" line="74" status="run" result="completed" time="0" timestamp="2026-05-05T19:25:53.175" classname="CLEAR_EVENT_THROTTLE" />
  </testsuite>
  <testsuite name="FileOpenStatus" tests="2" failures="0" disabled="0" skipped="0" errors="0" time="0" timestamp="2026-05-05T19:25:53.176">
    <testcase name="Error" file="/home/anne12/proyectoCS/fprime/Svc/DpWriter/test/ut/DpWriterTestMain.cpp" line="81" status="run" result="completed" time="0" timestamp="2026-05-05T19:25:53.176" classname="FileOpenStatus" />
    <testcase name="OK" file="/home/anne12/proyectoCS/fprime/Svc/DpWriter/test/ut/DpWriterTestMain.cpp" line="87" status="run" result="completed" time="0" timestamp="2026-05-05T19:25:53.176" classname="FileOpenStatus" />
  </testsuite>
  <testsuite name="FileWriteStatus" tests="2" failures="0" disabled="0" skipped="0" errors="0" time="0" timestamp="2026-05-05T19:25:53.177">
    <testcase name="Error" file="/home/anne12/proyectoCS/fprime/Svc/DpWriter/test/ut/DpWriterTestMain.cpp" line="93" status="run" result="completed" time="0" timestamp="2026-05-05T19:25:53.177" classname="FileWriteStatus" />
    <testcase name="OK" file="/home/anne12/proyectoCS/fprime/Svc/DpWriter/test/ut/DpWriterTestMain.cpp" line="99" status="run" result="completed" time="0" timestamp="2026-05-05T19:25:53.177" classname="FileWriteStatus" />
  </testsuite>
  <testsuite name="Scenarios" tests="1" failures="0" disabled="0" skipped="0" errors="0" time="0.345" timestamp="2026-05-05T19:25:53.178">
    <testcase name="Random" file="/home/anne12/proyectoCS/fprime/Svc/DpWriter/test/ut/DpWriterTestMain.cpp" line="105" status="run" result="completed" time="0.345" timestamp="2026-05-05T19:25:53.178" classname="Scenarios" />
  </testsuite>
  <testsuite name="SchedIn" tests="1" failures="0" disabled="0" skipped="0" errors="0" time="0" timestamp="2026-05-05T19:25:53.523">
    <testcase name="OK" file="/home/anne12/proyectoCS/fprime/Svc/DpWriter/test/ut/DpWriterTestMain.cpp" line="118" status="run" result="completed" time="0" timestamp="2026-05-05T19:25:53.523" classname="SchedIn" />
  </testsuite>
</testsuites>
