<?xml version="1.0" encoding="UTF-8"?>
<testsuites tests="3" failures="0" disabled="0" errors="0" time="0.002" timestamp="2026-05-05T19:25:12.077" name="AllTests">
  <testsuite name="Nominal" tests="3" failures="0" disabled="0" skipped="0" errors="0" time="0" timestamp="2026-05-05T19:25:12.079">
    <testcase name="BasicBuffer" file="/home/anne12/proyectoCS/fprime/Fw/Buffer/test/ut/TestBuffer.cpp" line="136" status="run" result="completed" time="0" timestamp="2026-05-05T19:25:12.079" classname="Nominal" />
    <testcase name="Representations" file="/home/anne12/proyectoCS/fprime/Fw/Buffer/test/ut/TestBuffer.cpp" line="141" status="run" result="completed" time="0" timestamp="2026-05-05T19:25:12.079" classname="Nominal" />
    <testcase name="Serialization" file="/home/anne12/proyectoCS/fprime/Fw/Buffer/test/ut/TestBuffer.cpp" line="146" status="run" result="completed" time="0" timestamp="2026-05-05T19:25:12.080" classname="Nominal" />
  </testsuite>
</testsuites>
