<?xml version="1.0" encoding="UTF-8"?>
<testsuites tests="6" failures="0" disabled="0" errors="0" time="0.089" timestamp="2026-05-05T19:25:53.675" name="AllTests">
  <testsuite name="FileDownlink" tests="6" failures="0" disabled="0" skipped="0" errors="0" time="0.089" timestamp="2026-05-05T19:25:53.676">
    <testcase name="Downlink" file="/home/anne12/proyectoCS/fprime/Svc/FileDownlink/test/ut/FileDownlinkMain.cpp" line="7" status="run" result="completed" time="0.068" timestamp="2026-05-05T19:25:53.676" classname="FileDownlink" />
    <testcase name="FileOpenError" file="/home/anne12/proyectoCS/fprime/Svc/FileDownlink/test/ut/FileDownlinkMain.cpp" line="12" status="run" result="completed" time="0.001" timestamp="2026-05-05T19:25:53.744" classname="FileDownlink" />
    <testcase name="CancelDownlink" file="/home/anne12/proyectoCS/fprime/Svc/FileDownlink/test/ut/FileDownlinkMain.cpp" line="17" status="run" result="completed" time="0.009" timestamp="2026-05-05T19:25:53.746" classname="FileDownlink" />
    <testcase name="CancelInIdleMode" file="/home/anne12/proyectoCS/fprime/Svc/FileDownlink/test/ut/FileDownlinkMain.cpp" line="22" status="run" result="completed" time="0" timestamp="2026-05-05T19:25:53.756" classname="FileDownlink" />
    <testcase name="DownlinkPartial" file="/home/anne12/proyectoCS/fprime/Svc/FileDownlink/test/ut/FileDownlinkMain.cpp" line="27" status="run" result="completed" time="0.003" timestamp="2026-05-05T19:25:53.757" classname="FileDownlink" />
    <testcase name="SendFilePort" file="/home/anne12/proyectoCS/fprime/Svc/FileDownlink/test/ut/FileDownlinkMain.cpp" line="32" status="run" result="completed" time="0.004" timestamp="2026-05-05T19:25:53.760" classname="FileDownlink" />
  </testsuite>
</testsuites>
