<?xml version="1.0" encoding="UTF-8"?>
<testsuites tests="3" failures="0" disabled="0" errors="0" time="0.004" timestamp="2026-05-05T19:26:57.808" name="AllTests">
  <testsuite name="Nominal" tests="3" failures="0" disabled="0" skipped="0" errors="0" time="0.004" timestamp="2026-05-05T19:26:57.809">
    <testcase name="Test_Stream_out" file="/home/anne12/proyectoCS/fprime/Drv/AsyncByteStreamBufferAdapter/test/ut/AsyncByteStreamBufferAdapterTestMain.cpp" line="9" status="run" result="completed" time="0.002" timestamp="2026-05-05T19:26:57.809" classname="Nominal" />
    <testcase name="Test_Stream_in" file="/home/anne12/proyectoCS/fprime/Drv/AsyncByteStreamBufferAdapter/test/ut/AsyncByteStreamBufferAdapterTestMain.cpp" line="14" status="run" result="completed" time="0" timestamp="2026-05-05T19:26:57.812" classname="Nominal" />
    <testcase name="Test_Stream_Return" file="/home/anne12/proyectoCS/fprime/Drv/AsyncByteStreamBufferAdapter/test/ut/AsyncByteStreamBufferAdapterTestMain.cpp" line="18" status="run" result="completed" time="0" timestamp="2026-05-05T19:26:57.812" classname="Nominal" />
  </testsuite>
</testsuites>
