<?xml version="1.0" encoding="UTF-8"?>
<testsuites tests="7" failures="0" disabled="0" errors="0" time="1.747" timestamp="2026-05-05T19:26:58.089" name="AllTests">
  <testsuite name="Nominal" tests="3" failures="0" disabled="0" skipped="0" errors="0" time="0.112" timestamp="2026-05-05T19:26:58.090">
    <testcase name="TcpClientBasicMessaging" file="/home/anne12/proyectoCS/fprime/Drv/TcpClient/test/ut/TcpClientTestMain.cpp" line="7" status="run" result="completed" time="0.003" timestamp="2026-05-05T19:26:58.090" classname="Nominal" />
    <testcase name="TcpClientBasicReceiveThread" file="/home/anne12/proyectoCS/fprime/Drv/TcpClient/test/ut/TcpClientTestMain.cpp" line="12" status="run" result="completed" time="0.107" timestamp="2026-05-05T19:26:58.094" classname="Nominal" />
    <testcase name="TcpClientBufferDeallocation" file="/home/anne12/proyectoCS/fprime/Drv/TcpClient/test/ut/TcpClientTestMain.cpp" line="17" status="run" result="completed" time="0.001" timestamp="2026-05-05T19:26:58.201" classname="Nominal" />
  </testsuite>
  <testsuite name="Reconnect" tests="2" failures="0" disabled="0" skipped="0" errors="0" time="0.574" timestamp="2026-05-05T19:26:58.203">
    <testcase name="TcpClientMultiMessaging" file="/home/anne12/proyectoCS/fprime/Drv/TcpClient/test/ut/TcpClientTestMain.cpp" line="22" status="run" result="completed" time="0.016" timestamp="2026-05-05T19:26:58.203" classname="Reconnect" />
    <testcase name="TcpClientReceiveThreadReconnect" file="/home/anne12/proyectoCS/fprime/Drv/TcpClient/test/ut/TcpClientTestMain.cpp" line="27" status="run" result="completed" time="0.557" timestamp="2026-05-05T19:26:58.219" classname="Reconnect" />
  </testsuite>
  <testsuite name="AutoConnect" tests="2" failures="0" disabled="0" skipped="0" errors="0" time="1.059" timestamp="2026-05-05T19:26:58.777">
    <testcase name="AutoConnectOnSendOff" file="/home/anne12/proyectoCS/fprime/Drv/TcpClient/test/ut/TcpClientTestMain.cpp" line="32" status="run" result="completed" time="0.001" timestamp="2026-05-05T19:26:58.777" classname="AutoConnect" />
    <testcase name="AutoConnectOnRecvOff" file="/home/anne12/proyectoCS/fprime/Drv/TcpClient/test/ut/TcpClientTestMain.cpp" line="37" status="run" result="completed" time="1.057" timestamp="2026-05-05T19:26:58.779" classname="AutoConnect" />
  </testsuite>
</testsuites>
