<?xml version="1.0" encoding="UTF-8"?>
<testsuites tests="1" failures="0" disabled="0" errors="0" time="6.002" timestamp="2026-05-05T19:25:58.130" name="AllTests">
  <testsuite name="Nominal" tests="1" failures="0" disabled="0" skipped="0" errors="0" time="6.001" timestamp="2026-05-05T19:25:58.130">
    <testcase name="InitTest" file="/home/anne12/proyectoCS/fprime/Svc/LinuxTimer/test/ut/main.cpp" line="8" status="run" result="completed" time="6.001" timestamp="2026-05-05T19:25:58.131" classname="Nominal" />
  </testsuite>
</testsuites>
