<?xml version="1.0" encoding="UTF-8"?>
<testsuites tests="8" failures="0" disabled="0" errors="0" time="0.001" timestamp="2026-05-05T19:26:31.656" name="AllTests">
  <testsuite name="Interface" tests="8" failures="0" disabled="0" skipped="0" errors="0" time="0.001" timestamp="2026-05-05T19:26:31.656">
    <testcase name="Construction" file="/home/anne12/proyectoCS/fprime/Os/Stub/test/ut/StubRawTimeTests.cpp" line="26" status="run" result="completed" time="0" timestamp="2026-05-05T19:26:31.656" classname="Interface" />
    <testcase name="CopyConstruction" file="/home/anne12/proyectoCS/fprime/Os/Stub/test/ut/StubRawTimeTests.cpp" line="32" status="run" result="completed" time="0" timestamp="2026-05-05T19:26:31.656" classname="Interface" />
    <testcase name="Destruction" file="/home/anne12/proyectoCS/fprime/Os/Stub/test/ut/StubRawTimeTests.cpp" line="39" status="run" result="completed" time="0" timestamp="2026-05-05T19:26:31.656" classname="Interface" />
    <testcase name="Now" file="/home/anne12/proyectoCS/fprime/Os/Stub/test/ut/StubRawTimeTests.cpp" line="45" status="run" result="completed" time="0" timestamp="2026-05-05T19:26:31.656" classname="Interface" />
    <testcase name="GetTimeInterval" file="/home/anne12/proyectoCS/fprime/Os/Stub/test/ut/StubRawTimeTests.cpp" line="52" status="run" result="completed" time="0" timestamp="2026-05-05T19:26:31.656" classname="Interface" />
    <testcase name="Serialize" file="/home/anne12/proyectoCS/fprime/Os/Stub/test/ut/StubRawTimeTests.cpp" line="60" status="run" result="completed" time="0" timestamp="2026-05-05T19:26:31.657" classname="Interface" />
    <testcase name="Deserialize" file="/home/anne12/proyectoCS/fprime/Os/Stub/test/ut/StubRawTimeTests.cpp" line="69" status="run" result="completed" time="0" timestamp="2026-05-05T19:26:31.657" classname="Interface" />
    <testcase name="GetHandle" file="/home/anne12/proyectoCS/fprime/Os/Stub/test/ut/StubRawTimeTests.cpp" line="78" status="run" result="completed" time="0" timestamp="2026-05-05T19:26:31.657" classname="Interface" />
  </testsuite>
</testsuites>
