<?xml version="1.0" encoding="UTF-8"?>
<testsuites tests="1" failures="0" disabled="0" errors="0" time="0.001" timestamp="2026-05-05T19:26:57.767" name="AllTests">
  <testsuite name="Basic" tests="1" failures="0" disabled="0" skipped="0" errors="0" time="0.001" timestamp="2026-05-05T19:26:57.768">
    <testcase name="Usage" file="/home/anne12/proyectoCS/fprime/Os/test/ut/memory/CommonMemoryTests.cpp" line="9" status="run" result="completed" time="0" timestamp="2026-05-05T19:26:57.768" classname="Basic" />
  </testsuite>
</testsuites>
