<?xml version="1.0" encoding="UTF-8"?>
<testsuites tests="3" failures="0" disabled="0" errors="0" time="0.001" timestamp="2026-05-05T19:25:15.450" name="AllTests">
  <testsuite name="Header" tests="3" failures="0" disabled="0" skipped="0" errors="0" time="0.001" timestamp="2026-05-05T19:25:15.451">
    <testcase name="BufferInConstructor" file="/home/anne12/proyectoCS/fprime/Fw/Dp/test/ut/TestMain.cpp" line="103" status="run" result="completed" time="0" timestamp="2026-05-05T19:25:15.451" classname="Header" />
    <testcase name="BufferSet" file="/home/anne12/proyectoCS/fprime/Fw/Dp/test/ut/TestMain.cpp" line="141" status="run" result="completed" time="0" timestamp="2026-05-05T19:25:15.452" classname="Header" />
    <testcase name="BadPacketDescriptor" file="/home/anne12/proyectoCS/fprime/Fw/Dp/test/ut/TestMain.cpp" line="165" status="run" result="completed" time="0" timestamp="2026-05-05T19:25:15.452" classname="Header" />
  </testsuite>
</testsuites>
