<?xml version="1.0" encoding="UTF-8"?>
<testsuites tests="6" failures="0" disabled="0" errors="0" time="0.01" timestamp="2026-05-05T19:25:53.565" name="AllTests">
  <testsuite name="EventManagerTest" tests="6" failures="0" disabled="0" skipped="0" errors="0" time="0.01" timestamp="2026-05-05T19:25:53.566">
    <testcase name="NominalEventSend" file="/home/anne12/proyectoCS/fprime/Svc/EventManager/test/ut/EventManagerTestMain.cpp" line="38" status="run" result="completed" time="0.003" timestamp="2026-05-05T19:25:53.566" classname="EventManagerTest" />
    <testcase name="FilteredEventSend" file="/home/anne12/proyectoCS/fprime/Svc/EventManager/test/ut/EventManagerTestMain.cpp" line="55" status="run" result="completed" time="0" timestamp="2026-05-05T19:25:53.569" classname="EventManagerTest" />
    <testcase name="FilterIdTest" file="/home/anne12/proyectoCS/fprime/Svc/EventManager/test/ut/EventManagerTestMain.cpp" line="72" status="run" result="completed" time="0.003" timestamp="2026-05-05T19:25:53.570" classname="EventManagerTest" />
    <testcase name="FilterDumpTest" file="/home/anne12/proyectoCS/fprime/Svc/EventManager/test/ut/EventManagerTestMain.cpp" line="89" status="run" result="completed" time="0" timestamp="2026-05-05T19:25:53.574" classname="EventManagerTest" />
    <testcase name="InvalidCommands" file="/home/anne12/proyectoCS/fprime/Svc/EventManager/test/ut/EventManagerTestMain.cpp" line="106" status="run" result="completed" time="0" timestamp="2026-05-05T19:25:53.574" classname="EventManagerTest" />
    <testcase name="FatalTesting" file="/home/anne12/proyectoCS/fprime/Svc/EventManager/test/ut/EventManagerTestMain.cpp" line="123" status="run" result="completed" time="0" timestamp="2026-05-05T19:25:53.575" classname="EventManagerTest" />
  </testsuite>
</testsuites>
