<?xml version="1.0" encoding="UTF-8"?>
<testsuites tests="6" failures="0" disabled="0" errors="0" time="0.006" timestamp="2026-05-05T19:26:12.497" name="AllTests">
  <testsuite name="TcDeframer" tests="6" failures="0" disabled="0" skipped="0" errors="0" time="0.004" timestamp="2026-05-05T19:26:12.497">
    <testcase name="testDataReturn" file="/home/anne12/proyectoCS/fprime/Svc/Ccsds/TcDeframer/test/ut/TcDeframerTestMain.cpp" line="9" status="run" result="completed" time="0.001" timestamp="2026-05-05T19:26:12.497" classname="TcDeframer" />
    <testcase name="testNominalDeframing" file="/home/anne12/proyectoCS/fprime/Svc/Ccsds/TcDeframer/test/ut/TcDeframerTestMain.cpp" line="14" status="run" result="completed" time="0" timestamp="2026-05-05T19:26:12.499" classname="TcDeframer" />
    <testcase name="testInvalidScId" file="/home/anne12/proyectoCS/fprime/Svc/Ccsds/TcDeframer/test/ut/TcDeframerTestMain.cpp" line="19" status="run" result="completed" time="0" timestamp="2026-05-05T19:26:12.500" classname="TcDeframer" />
    <testcase name="testInvalidVcId" file="/home/anne12/proyectoCS/fprime/Svc/Ccsds/TcDeframer/test/ut/TcDeframerTestMain.cpp" line="24" status="run" result="completed" time="0" timestamp="2026-05-05T19:26:12.500" classname="TcDeframer" />
    <testcase name="testInvalidLengthToken" file="/home/anne12/proyectoCS/fprime/Svc/Ccsds/TcDeframer/test/ut/TcDeframerTestMain.cpp" line="29" status="run" result="completed" time="0" timestamp="2026-05-05T19:26:12.500" classname="TcDeframer" />
    <testcase name="testInvalidCrc" file="/home/anne12/proyectoCS/fprime/Svc/Ccsds/TcDeframer/test/ut/TcDeframerTestMain.cpp" line="34" status="run" result="completed" time="0" timestamp="2026-05-05T19:26:12.501" classname="TcDeframer" />
  </testsuite>
</testsuites>
