<?xml version="1.0" encoding="UTF-8"?>
<testsuites tests="5" failures="0" disabled="0" errors="0" time="0.032" timestamp="2026-05-05T19:25:15.507" name="AllTests">
  <testsuite name="LoggerTests" tests="5" failures="0" disabled="0" skipped="0" errors="0" time="0.032" timestamp="2026-05-05T19:25:15.507">
    <testcase name="RandomLoggerTests" file="/home/anne12/proyectoCS/fprime/Fw/Logger/test/ut/LoggerMain.cpp" line="24" status="run" result="completed" time="0.031" timestamp="2026-05-05T19:25:15.507" classname="LoggerTests" />
    <testcase name="BasicGoodLogger" file="/home/anne12/proyectoCS/fprime/Fw/Logger/test/ut/LoggerMain.cpp" line="47" status="run" result="completed" time="0" timestamp="2026-05-05T19:25:15.539" classname="LoggerTests" />
    <testcase name="BasicGoodStringLogger" file="/home/anne12/proyectoCS/fprime/Fw/Logger/test/ut/LoggerMain.cpp" line="59" status="run" result="completed" time="0" timestamp="2026-05-05T19:25:15.539" classname="LoggerTests" />
    <testcase name="BasicBadLogger" file="/home/anne12/proyectoCS/fprime/Fw/Logger/test/ut/LoggerMain.cpp" line="72" status="run" result="completed" time="0" timestamp="2026-05-05T19:25:15.539" classname="LoggerTests" />
    <testcase name="BasicRegLogger" file="/home/anne12/proyectoCS/fprime/Fw/Logger/test/ut/LoggerMain.cpp" line="84" status="run" result="completed" time="0" timestamp="2026-05-05T19:25:15.539" classname="LoggerTests" />
  </testsuite>
</testsuites>
