<?xml version="1.0" encoding="UTF-8"?>
<testsuites tests="1" failures="0" disabled="0" errors="0" time="0.001" timestamp="2026-05-05T19:25:19.581" name="AllTests">
  <testsuite name="Nominal" tests="1" failures="0" disabled="0" skipped="0" errors="0" time="0" timestamp="2026-05-05T19:25:19.582">
    <testcase name="TestBasicTime" file="/home/anne12/proyectoCS/fprime/Svc/ChronoTime/test/ut/ChronoTimeTestMain.cpp" line="9" status="run" result="completed" time="0" timestamp="2026-05-05T19:25:19.582" classname="Nominal" />
  </testsuite>
</testsuites>
