<?xml version="1.0" encoding="UTF-8"?>
<testsuites tests="10" failures="0" disabled="0" errors="0" time="0.112" timestamp="2026-05-05T19:25:52.996" name="AllTests">
  <testsuite name="BufferGetStatus" tests="2" failures="0" disabled="0" skipped="0" errors="0" time="0.001" timestamp="2026-05-05T19:25:52.997">
    <testcase name="Invalid" file="/home/anne12/proyectoCS/fprime/Svc/DpManager/test/ut/DpManagerTestMain.cpp" line="14" status="run" result="completed" time="0" timestamp="2026-05-05T19:25:52.997" classname="BufferGetStatus" />
    <testcase name="Valid" file="/home/anne12/proyectoCS/fprime/Svc/DpManager/test/ut/DpManagerTestMain.cpp" line="20" status="run" result="completed" time="0" timestamp="2026-05-05T19:25:52.997" classname="BufferGetStatus" />
  </testsuite>
  <testsuite name="ProductGetIn" tests="2" failures="0" disabled="0" skipped="0" errors="0" time="0.001" timestamp="2026-05-05T19:25:52.998">
    <testcase name="BufferInvalid" file="/home/anne12/proyectoCS/fprime/Svc/DpManager/test/ut/DpManagerTestMain.cpp" line="26" status="run" result="completed" time="0" timestamp="2026-05-05T19:25:52.998" classname="ProductGetIn" />
    <testcase name="BufferValid" file="/home/anne12/proyectoCS/fprime/Svc/DpManager/test/ut/DpManagerTestMain.cpp" line="34" status="run" result="completed" time="0" timestamp="2026-05-05T19:25:52.999" classname="ProductGetIn" />
  </testsuite>
  <testsuite name="ProductRequestIn" tests="2" failures="0" disabled="0" skipped="0" errors="0" time="0.002" timestamp="2026-05-05T19:25:52.999">
    <testcase name="BufferInvalid" file="/home/anne12/proyectoCS/fprime/Svc/DpManager/test/ut/DpManagerTestMain.cpp" line="42" status="run" result="completed" time="0.001" timestamp="2026-05-05T19:25:52.999" classname="ProductRequestIn" />
    <testcase name="BufferValid" file="/home/anne12/proyectoCS/fprime/Svc/DpManager/test/ut/DpManagerTestMain.cpp" line="50" status="run" result="completed" time="0" timestamp="2026-05-05T19:25:53.001" classname="ProductRequestIn" />
  </testsuite>
  <testsuite name="ProductSendIn" tests="1" failures="0" disabled="0" skipped="0" errors="0" time="0" timestamp="2026-05-05T19:25:53.002">
    <testcase name="OK" file="/home/anne12/proyectoCS/fprime/Svc/DpManager/test/ut/DpManagerTestMain.cpp" line="58" status="run" result="completed" time="0" timestamp="2026-05-05T19:25:53.002" classname="ProductSendIn" />
  </testsuite>
  <testsuite name="SchedIn" tests="1" failures="0" disabled="0" skipped="0" errors="0" time="0" timestamp="2026-05-05T19:25:53.003">
    <testcase name="OK" file="/home/anne12/proyectoCS/fprime/Svc/DpManager/test/ut/DpManagerTestMain.cpp" line="66" status="run" result="completed" time="0" timestamp="2026-05-05T19:25:53.003" classname="SchedIn" />
  </testsuite>
  <testsuite name="CLEAR_EVENT_THROTTLE" tests="1" failures="0" disabled="0" skipped="0" errors="0" time="0" timestamp="2026-05-05T19:25:53.003">
    <testcase name="OK" file="/home/anne12/proyectoCS/fprime/Svc/DpManager/test/ut/DpManagerTestMain.cpp" line="73" status="run" result="completed" time="0" timestamp="2026-05-05T19:25:53.003" classname="CLEAR_EVENT_THROTTLE" />
  </testsuite>
  <testsuite name="Scenarios" tests="1" failures="0" disabled="0" skipped="0" errors="0" time="0.104" timestamp="2026-05-05T19:25:53.004">
    <testcase name="Random" file="/home/anne12/proyectoCS/fprime/Svc/DpManager/test/ut/DpManagerTestMain.cpp" line="79" status="run" result="completed" time="0.104" timestamp="2026-05-05T19:25:53.004" classname="Scenarios" />
  </testsuite>
</testsuites>
