<?xml version="1.0" encoding="UTF-8"?>
<testsuites tests="3" failures="0" disabled="0" errors="0" time="0.005" timestamp="2026-05-05T19:26:57.679" name="AllTests">
  <testsuite name="Nominal" tests="3" failures="0" disabled="0" skipped="0" errors="0" time="0.004" timestamp="2026-05-05T19:26:57.680">
    <testcase name="Creation" file="/home/anne12/proyectoCS/fprime/Os/Generic/Types/test/ut/MaxHeap/MaxHeapTest.cpp" line="10" status="run" result="completed" time="0.002" timestamp="2026-05-05T19:26:57.680" classname="Nominal" />
    <testcase name="Empty" file="/home/anne12/proyectoCS/fprime/Os/Generic/Types/test/ut/MaxHeap/MaxHeapTest.cpp" line="34" status="run" result="completed" time="0" timestamp="2026-05-05T19:26:57.683" classname="Nominal" />
    <testcase name="PushPop" file="/home/anne12/proyectoCS/fprime/Os/Generic/Types/test/ut/MaxHeap/MaxHeapTest.cpp" line="55" status="run" result="completed" time="0.001" timestamp="2026-05-05T19:26:57.683" classname="Nominal" />
  </testsuite>
</testsuites>
