<?xml version="1.0" encoding="UTF-8"?>
<testsuites tests="3" failures="0" disabled="0" errors="0" time="0.004" timestamp="2026-05-05T19:25:19.264" name="AllTests">
  <testsuite name="Nominal" tests="3" failures="0" disabled="0" skipped="0" errors="0" time="0.004" timestamp="2026-05-05T19:25:19.264">
    <testcase name="Setup" file="/home/anne12/proyectoCS/fprime/Svc/BufferManager/test/ut/BufferManagerTestMain.cpp" line="7" status="run" result="completed" time="0.001" timestamp="2026-05-05T19:25:19.264" classname="Nominal" />
    <testcase name="OneSize" file="/home/anne12/proyectoCS/fprime/Svc/BufferManager/test/ut/BufferManagerTestMain.cpp" line="12" status="run" result="completed" time="0" timestamp="2026-05-05T19:25:19.266" classname="Nominal" />
    <testcase name="MultSize" file="/home/anne12/proyectoCS/fprime/Svc/BufferManager/test/ut/BufferManagerTestMain.cpp" line="17" status="run" result="completed" time="0.001" timestamp="2026-05-05T19:25:19.267" classname="Nominal" />
  </testsuite>
</testsuites>
