<?xml version="1.0" encoding="UTF-8"?>
<testsuites tests="7" failures="0" disabled="0" errors="0" time="0.576" timestamp="2026-05-05T19:26:13.347" name="AllTests">
  <testsuite name="AosFramer" tests="7" failures="0" disabled="0" skipped="0" errors="0" time="0.575" timestamp="2026-05-05T19:26:13.347">
    <testcase name="testComStatusPassthrough" file="/home/anne12/proyectoCS/fprime/Svc/Ccsds/AosFramer/test/ut/AosFramerTestMain.cpp" line="10" status="run" result="completed" time="0.001" timestamp="2026-05-05T19:26:13.347" classname="AosFramer" />
    <testcase name="testDataReturn" file="/home/anne12/proyectoCS/fprime/Svc/Ccsds/AosFramer/test/ut/AosFramerTestMain.cpp" line="15" status="run" result="completed" time="0.308" timestamp="2026-05-05T19:26:13.348" classname="AosFramer" />
    <testcase name="testNominalFraming" file="/home/anne12/proyectoCS/fprime/Svc/Ccsds/AosFramer/test/ut/AosFramerTestMain.cpp" line="20" status="run" result="completed" time="0" timestamp="2026-05-05T19:26:13.657" classname="AosFramer" />
    <testcase name="testSeqCountWrapAround" file="/home/anne12/proyectoCS/fprime/Svc/Ccsds/AosFramer/test/ut/AosFramerTestMain.cpp" line="25" status="run" result="completed" time="0.001" timestamp="2026-05-05T19:26:13.658" classname="AosFramer" />
    <testcase name="testBufferOwnershipState" file="/home/anne12/proyectoCS/fprime/Svc/Ccsds/AosFramer/test/ut/AosFramerTestMain.cpp" line="30" status="run" result="completed" time="0.261" timestamp="2026-05-05T19:26:13.660" classname="AosFramer" />
    <testcase name="testLongPacket" file="/home/anne12/proyectoCS/fprime/Svc/Ccsds/AosFramer/test/ut/AosFramerTestMain.cpp" line="35" status="run" result="completed" time="0" timestamp="2026-05-05T19:26:13.922" classname="AosFramer" />
    <testcase name="testShortPackets" file="/home/anne12/proyectoCS/fprime/Svc/Ccsds/AosFramer/test/ut/AosFramerTestMain.cpp" line="40" status="run" result="completed" time="0" timestamp="2026-05-05T19:26:13.923" classname="AosFramer" />
  </testsuite>
</testsuites>
