<?xml version="1.0" encoding="UTF-8"?>
<testsuites tests="11" failures="0" disabled="0" errors="0" time="0.001" timestamp="2026-05-05T19:26:14.887" name="AllTests">
  <testsuite name="Stub" tests="11" failures="0" disabled="0" skipped="0" errors="0" time="0.001" timestamp="2026-05-05T19:26:14.888">
    <testcase name="File" file="/home/anne12/proyectoCS/fprime/Os/Stub/test/ut/StubTests.cpp" line="14" status="run" result="completed" time="0" timestamp="2026-05-05T19:26:14.888" classname="Stub" />
    <testcase name="Task" file="/home/anne12/proyectoCS/fprime/Os/Stub/test/ut/StubTests.cpp" line="18" status="run" result="completed" time="0" timestamp="2026-05-05T19:26:14.888" classname="Stub" />
    <testcase name="Queue" file="/home/anne12/proyectoCS/fprime/Os/Stub/test/ut/StubTests.cpp" line="22" status="run" result="completed" time="0" timestamp="2026-05-05T19:26:14.888" classname="Stub" />
    <testcase name="ConditionVariable" file="/home/anne12/proyectoCS/fprime/Os/Stub/test/ut/StubTests.cpp" line="26" status="run" result="completed" time="0" timestamp="2026-05-05T19:26:14.888" classname="Stub" />
    <testcase name="Mutex" file="/home/anne12/proyectoCS/fprime/Os/Stub/test/ut/StubTests.cpp" line="30" status="run" result="completed" time="0" timestamp="2026-05-05T19:26:14.888" classname="Stub" />
    <testcase name="Console" file="/home/anne12/proyectoCS/fprime/Os/Stub/test/ut/StubTests.cpp" line="34" status="run" result="completed" time="0" timestamp="2026-05-05T19:26:14.888" classname="Stub" />
    <testcase name="FileSystem" file="/home/anne12/proyectoCS/fprime/Os/Stub/test/ut/StubTests.cpp" line="38" status="run" result="completed" time="0" timestamp="2026-05-05T19:26:14.888" classname="Stub" />
    <testcase name="Directory" file="/home/anne12/proyectoCS/fprime/Os/Stub/test/ut/StubTests.cpp" line="42" status="run" result="completed" time="0" timestamp="2026-05-05T19:26:14.888" classname="Stub" />
    <testcase name="Cpu" file="/home/anne12/proyectoCS/fprime/Os/Stub/test/ut/StubTests.cpp" line="46" status="run" result="completed" time="0" timestamp="2026-05-05T19:26:14.889" classname="Stub" />
    <testcase name="Memory" file="/home/anne12/proyectoCS/fprime/Os/Stub/test/ut/StubTests.cpp" line="50" status="run" result="completed" time="0" timestamp="2026-05-05T19:26:14.889" classname="Stub" />
    <testcase name="RawTime" file="/home/anne12/proyectoCS/fprime/Os/Stub/test/ut/StubTests.cpp" line="54" status="run" result="completed" time="0" timestamp="2026-05-05T19:26:14.889" classname="Stub" />
  </testsuite>
</testsuites>
