<?xml version="1.0" encoding="UTF-8"?>
<testsuites tests="3" failures="0" disabled="0" errors="0" time="0.003" timestamp="2026-05-05T19:26:12.418" name="AllTests">
  <testsuite name="SpacePacketDeframer" tests="3" failures="0" disabled="0" skipped="0" errors="0" time="0.002" timestamp="2026-05-05T19:26:12.418">
    <testcase name="testDataReturnPassthrough" file="/home/anne12/proyectoCS/fprime/Svc/Ccsds/SpacePacketDeframer/test/ut/SpacePacketDeframerTestMain.cpp" line="9" status="run" result="completed" time="0.001" timestamp="2026-05-05T19:26:12.418" classname="SpacePacketDeframer" />
    <testcase name="testNominalDeframing" file="/home/anne12/proyectoCS/fprime/Svc/Ccsds/SpacePacketDeframer/test/ut/SpacePacketDeframerTestMain.cpp" line="14" status="run" result="completed" time="0" timestamp="2026-05-05T19:26:12.420" classname="SpacePacketDeframer" />
    <testcase name="testDeframingIncorrectLength" file="/home/anne12/proyectoCS/fprime/Svc/Ccsds/SpacePacketDeframer/test/ut/SpacePacketDeframerTestMain.cpp" line="19" status="run" result="completed" time="0" timestamp="2026-05-05T19:26:12.420" classname="SpacePacketDeframer" />
  </testsuite>
</testsuites>
