<?xml version="1.0" encoding="UTF-8"?>
<testsuites tests="2" failures="0" disabled="0" errors="0" time="0.001" timestamp="2026-05-05T19:26:14.156" name="AllTests">
  <testsuite name="PassThroughRouter" tests="2" failures="0" disabled="0" skipped="0" errors="0" time="0.001" timestamp="2026-05-05T19:26:14.156">
    <testcase name="TestRouteAPacket" file="/home/anne12/proyectoCS/fprime/Svc/PassThroughRouter/test/ut/PassThroughRouterTestMain.cpp" line="11" status="run" result="completed" time="0.001" timestamp="2026-05-05T19:26:14.156" classname="PassThroughRouter" />
    <testcase name="TestAllPacketsReturn" file="/home/anne12/proyectoCS/fprime/Svc/PassThroughRouter/test/ut/PassThroughRouterTestMain.cpp" line="17" status="run" result="completed" time="0" timestamp="2026-05-05T19:26:14.158" classname="PassThroughRouter" />
  </testsuite>
</testsuites>
