<?xml version="1.0" encoding="UTF-8"?>
<testsuites tests="1" failures="0" disabled="0" errors="0" time="0.001" timestamp="2026-05-05T19:25:19.855" name="AllTests">
  <testsuite name="TestNominal" tests="1" failures="0" disabled="0" skipped="0" errors="0" time="0" timestamp="2026-05-05T19:25:19.856">
    <testcase name="Nominal" file="/home/anne12/proyectoCS/fprime/Svc/ComSplitter/test/ut/ComSplitterMain.cpp" line="14" status="run" result="completed" time="0" timestamp="2026-05-05T19:25:19.856" classname="TestNominal" />
  </testsuite>
</testsuites>
