<?xml version="1.0" encoding="UTF-8"?>
<testsuites tests="1" failures="0" disabled="0" errors="0" time="0.006" timestamp="2026-05-05T19:25:57.632" name="AllTests">
  <testsuite name="PassiveRateGroupTest" tests="1" failures="0" disabled="0" skipped="0" errors="0" time="0.006" timestamp="2026-05-05T19:25:57.632">
    <testcase name="NominalSchedule" file="/home/anne12/proyectoCS/fprime/Svc/PassiveRateGroup/test/ut/PassiveRateGroupTestMain.cpp" line="34" status="run" result="completed" time="0.006" timestamp="2026-05-05T19:25:57.632" classname="PassiveRateGroupTest" />
  </testsuite>
</testsuites>
