<?xml version="1.0" encoding="UTF-8"?>
<testsuites tests="2" failures="0" disabled="0" errors="0" time="0.004" timestamp="2026-05-05T19:25:57.830" name="AllTests">
  <testsuite name="Nominal" tests="2" failures="0" disabled="0" skipped="0" errors="0" time="0.004" timestamp="2026-05-05T19:25:57.831">
    <testcase name="testDispatch" file="/home/anne12/proyectoCS/fprime/Svc/SeqDispatcher/test/ut/SeqDispatcherTestMain.cpp" line="7" status="run" result="completed" time="0.003" timestamp="2026-05-05T19:25:57.831" classname="Nominal" />
    <testcase name="testLogStatus" file="/home/anne12/proyectoCS/fprime/Svc/SeqDispatcher/test/ut/SeqDispatcherTestMain.cpp" line="12" status="run" result="completed" time="0" timestamp="2026-05-05T19:25:57.834" classname="Nominal" />
  </testsuite>
</testsuites>
