<?xml version="1.0" encoding="UTF-8"?>
<testsuites tests="7" failures="0" disabled="0" errors="0" time="0.738" timestamp="2026-05-05T19:26:59.885" name="AllTests">
  <testsuite name="Nominal" tests="3" failures="0" disabled="0" skipped="0" errors="0" time="0.106" timestamp="2026-05-05T19:26:59.886">
    <testcase name="TcpServerBufferDeallocation" file="/home/anne12/proyectoCS/fprime/Drv/TcpServer/test/ut/TcpServerTestMain.cpp" line="7" status="run" result="completed" time="0.001" timestamp="2026-05-05T19:26:59.886" classname="Nominal" />
    <testcase name="TcpServerBasicMessaging" file="/home/anne12/proyectoCS/fprime/Drv/TcpServer/test/ut/TcpServerTestMain.cpp" line="12" status="run" result="completed" time="0.001" timestamp="2026-05-05T19:26:59.888" classname="Nominal" />
    <testcase name="TcpServerBasicReceiveThread" file="/home/anne12/proyectoCS/fprime/Drv/TcpServer/test/ut/TcpServerTestMain.cpp" line="17" status="run" result="completed" time="0.103" timestamp="2026-05-05T19:26:59.889" classname="Nominal" />
  </testsuite>
  <testsuite name="Reconnect" tests="2" failures="0" disabled="0" skipped="0" errors="0" time="0.573" timestamp="2026-05-05T19:26:59.992">
    <testcase name="TcpServerMultiMessaging" file="/home/anne12/proyectoCS/fprime/Drv/TcpServer/test/ut/TcpServerTestMain.cpp" line="22" status="run" result="completed" time="0.016" timestamp="2026-05-05T19:26:59.992" classname="Reconnect" />
    <testcase name="TcpServerReceiveThreadReconnect" file="/home/anne12/proyectoCS/fprime/Drv/TcpServer/test/ut/TcpServerTestMain.cpp" line="27" status="run" result="completed" time="0.556" timestamp="2026-05-05T19:27:00.009" classname="Reconnect" />
  </testsuite>
  <testsuite name="AutoConnect" tests="2" failures="0" disabled="0" skipped="0" errors="0" time="0.058" timestamp="2026-05-05T19:27:00.566">
    <testcase name="AutoConnectOnSendOff" file="/home/anne12/proyectoCS/fprime/Drv/TcpServer/test/ut/TcpServerTestMain.cpp" line="32" status="run" result="completed" time="0.003" timestamp="2026-05-05T19:27:00.566" classname="AutoConnect" />
    <testcase name="AutoConnectOnRecvOff" file="/home/anne12/proyectoCS/fprime/Drv/TcpServer/test/ut/TcpServerTestMain.cpp" line="37" status="run" result="completed" time="0.054" timestamp="2026-05-05T19:27:00.569" classname="AutoConnect" />
  </testsuite>
</testsuites>
