<?xml version="1.0" encoding="UTF-8"?>
<testsuites tests="1" failures="0" disabled="0" errors="0" time="0.001" timestamp="2026-05-05T19:25:57.865" name="AllTests">
  <testsuite name="Nominal" tests="1" failures="0" disabled="0" skipped="0" errors="0" time="0" timestamp="2026-05-05T19:25:57.865">
    <testcase name="BasicAllocation" file="/home/anne12/proyectoCS/fprime/Svc/StaticMemory/test/ut/StaticMemoryMain.cpp" line="7" status="run" result="completed" time="0" timestamp="2026-05-05T19:25:57.865" classname="Nominal" />
  </testsuite>
</testsuites>
